#
# A fatal error has been detected by the Java Runtime Environment:
#
#  EXCEPTION_ACCESS_VIOLATION (0xc0000005) at pc=0x000000006693b947, pid=105152, tid=0x0000000000019b54
#
# JRE version: OpenJDK Runtime Environment (8.0_112-b06) (build 1.8.0_112-release-b06)
# Java VM: OpenJDK 64-Bit Server VM (25.112-b06 mixed mode windows-amd64 compressed oops)
# Problematic frame:
# V  [jvm.dll+0x1eb947]
#
# Failed to write core dump. Minidumps are not enabled by default on client versions of Windows
#
# If you would like to submit a bug report, please visit:
#   http://bugreport.java.com/bugreport/crash.jsp
#

---------------  T H R E A D  ---------------

Current thread (0x0000000054a6b800):  JavaThread "Signal Dispatcher" daemon [_thread_in_vm, id=105300, stack(0x0000000056360000,0x0000000056460000)]

siginfo: ExceptionCode=0xc0000005, writing address 0x00000000564590d0

Registers:
RAX=0x00000000564590d0, RBX=0x0000000000000007, RCX=0x0000000000006000, RDX=0x0000000000000006
RSP=0x000000005645f0d0, RBP=0x0000000000000000, RSI=0x000000005645f0d0, RDI=0x0000000000000007
R8 =0x0000000000000006, R9 =0x0000000054a5bb90, R10=0x00000000540ad9c0, R11=0x000000005636a150
R12=0x0000000054a5bb90, R13=0x0000000054a6b800, R14=0x000000005645f198, R15=0x00000000540ad9c0
RIP=0x000000006693b947, EFLAGS=0x0000000000010202

Top of Stack: (sp=0x000000005645f0d0)
0x000000005645f0d0:   0000000000000000 000000007770e068
0x000000005645f0e0:   0000000054a6b800 0000000054a5bb90
0x000000005645f0f0:   00000000ffffffff 000000006693c877
0x000000005645f100:   000000005645f200 00000000540ad9c0
0x000000005645f110:   0000000054a6b800 00000000667eae33
0x000000005645f120:   000000005645f160 0000000054a6b800
0x000000005645f130:   000000005645f1f0 0000000054a6b800
0x000000005645f140:   00000000540ad9c0 0000000054a6b800
0x000000005645f150:   0000000002402f20 0000000054a6b800
0x000000005645f160:   00000000540ad9c0 0000000054a6b800
0x000000005645f170:   00000000540ad9c0 0000000054a6b800
0x000000005645f180:   0000000000000001 00000000540ad9c0
0x000000005645f190:   0000000054a6b800 0000000054a5a9d0
0x000000005645f1a0:   0000000054a6b800 00000000667ec31d
0x000000005645f1b0:   000000005645f5a8 00000000140866b0
0x000000005645f1c0:   00000000140866b0 0000000054a7b670 

Instructions: (pc=0x000000006693b947)
0x000000006693b927:   48 89 6c 24 30 33 ed 66 90 e8 cb b8 07 00 ff c3
0x000000006693b937:   48 63 c8 48 8b c6 48 0f af cf 48 ff c7 48 2b c1
0x000000006693b947:   89 28 48 63 c3 48 3b 05 45 2c 57 00 7e db 48 8b
0x000000006693b957:   6c 24 30 48 8b 5c 24 38 48 8b 74 24 40 48 83 c4 


Register to memory mapping:

RAX=0x00000000564590d0 is pointing into the stack for thread: 0x0000000054a6b800
RBX=0x0000000000000007 is an unknown value
RCX=0x0000000000006000 is an unknown value
RDX=0x0000000000000006 is an unknown value
RSP=0x000000005645f0d0 is pointing into the stack for thread: 0x0000000054a6b800
RBP=0x0000000000000000 is an unknown value
RSI=0x000000005645f0d0 is pointing into the stack for thread: 0x0000000054a6b800
RDI=0x0000000000000007 is an unknown value
R8 =0x0000000000000006 is an unknown value
R9 =0x0000000054a5bb90 is an unknown value
R10={method} {0x00000000540ad9c8} 'exit' '()V' in 'java/lang/Thread'
R11=0x000000005636a150 is pointing into the stack for thread: 0x0000000054a6b800
R12=0x0000000054a5bb90 is an unknown value
R13=0x0000000054a6b800 is a thread
R14=0x000000005645f198 is pointing into the stack for thread: 0x0000000054a6b800
R15={method} {0x00000000540ad9c8} 'exit' '()V' in 'java/lang/Thread'


Stack: [0x0000000056360000,0x0000000056460000],  sp=0x000000005645f0d0,  free space=1020k
Native frames: (J=compiled Java code, j=interpreted, Vv=VM code, C=native code)


---------------  P R O C E S S  ---------------

Java Threads: ( => current thread )
  0x0000000055f37800 JavaThread "Service Thread" daemon [_thread_blocked, id=105076, stack(0x0000000056b30000,0x0000000056c30000)]
  0x0000000055ead000 JavaThread "C1 CompilerThread2" daemon [_thread_blocked, id=104480, stack(0x00000000568a0000,0x00000000569a0000)]
  0x0000000054a7f000 JavaThread "C2 CompilerThread1" daemon [_thread_blocked, id=105428, stack(0x0000000056780000,0x0000000056880000)]
  0x0000000055e9b800 JavaThread "C2 CompilerThread0" daemon [_thread_blocked, id=105372, stack(0x0000000056660000,0x0000000056760000)]
  0x0000000055e9a800 JavaThread "Attach Listener" daemon [_thread_blocked, id=105456, stack(0x0000000056500000,0x0000000056600000)]
=>0x0000000054a6b800 JavaThread "Signal Dispatcher" daemon [_thread_in_vm, id=105300, stack(0x0000000056360000,0x0000000056460000)]
  0x0000000054a59000 JavaThread "Finalizer" daemon [_thread_blocked, id=105232, stack(0x0000000055a90000,0x0000000055b90000)]
  0x0000000054a11800 JavaThread "Reference Handler" daemon [_thread_blocked, id=104272, stack(0x0000000055d90000,0x0000000055e90000)]
  0x000000000209e000 JavaThread "main" [_thread_blocked, id=105260, stack(0x00000000022f0000,0x00000000023f0000)]

Other Threads:
  0x0000000054a08000 VMThread [stack: 0x0000000055ba0000,0x0000000055ca0000] [id=104816]

VM state:synchronizing (normal execution)

VM Mutex/Monitor currently owned by a thread:  ([mutex/lock_event])
[0x000000000209bd80] Threads_lock - owner thread: 0x0000000054a08000

Heap:
 PSYoungGen      total 18432K, used 7338K [0x00000000eab00000, 0x00000000ebf80000, 0x0000000100000000)
  eden space 15872K, 30% used [0x00000000eab00000,0x00000000eafb0a20,0x00000000eba80000)
  from space 2560K, 99% used [0x00000000eba80000,0x00000000ebcfa038,0x00000000ebd00000)
  to   space 2560K, 0% used [0x00000000ebd00000,0x00000000ebd00000,0x00000000ebf80000)
 ParOldGen       total 42496K, used 1537K [0x00000000c0000000, 0x00000000c2980000, 0x00000000eab00000)
  object space 42496K, 3% used [0x00000000c0000000,0x00000000c0180410,0x00000000c2980000)
 Metaspace       used 5642K, capacity 6768K, committed 7040K, reserved 1056768K
  class space    used 558K, capacity 616K, committed 640K, reserved 1048576K

Card table byte_map: [0x00000000117b0000,0x00000000119c0000] byte_map_base: 0x00000000111b0000

Marking Bits: (ParMarkBitMap*) 0x0000000066f118f0
 Begin Bits: [0x0000000011e80000, 0x0000000012e80000)
 End Bits:   [0x0000000012e80000, 0x0000000013e80000)

Polling page: 0x00000000001a0000

CodeCache: size=245760Kb used=3635Kb max_used=3648Kb free=242124Kb
 bounds [0x00000000023f0000, 0x0000000002790000, 0x00000000113f0000]
 total_blobs=1121 nmethods=859 adapters=176
 compilation: disabled (not enough contiguous free space left)

Compilation events (10 events):
Event: 2.022 Thread 0x0000000055ead000  879       3       com.android.dx.ssa.back.IdenticalBlockCombiner::combineBlocks (102 bytes)
Event: 2.023 Thread 0x0000000055ead000 nmethod 879 0x000000000277d210 code [0x000000000277d3e0, 0x000000000277dc78]
Event: 2.023 Thread 0x0000000055ead000  866       3       com.android.dx.rop.code.BasicBlockList$RegCountVisitor::visitThrowingCstInsn (6 bytes)
Event: 2.023 Thread 0x0000000055ead000 nmethod 866 0x000000000277ce90 code [0x000000000277d000, 0x000000000277d188]
Event: 2.023 Thread 0x0000000055ead000  865       3       com.android.dx.cf.code.Ropper::isSynchronized (21 bytes)
Event: 2.023 Thread 0x0000000055ead000 nmethod 865 0x000000000277c850 code [0x000000000277c9c0, 0x000000000277cd08]
Event: 2.024 Thread 0x0000000055ead000  858   !   3       java.lang.ref.Reference::tryHandlePending (115 bytes)
Event: 2.026 Thread 0x0000000055ead000 

Event: 2.028 Thread 0x0000000054a7f000 

Event: 2.036 Thread 0x0000000055e9b800 


GC Heap History (2 events):
Event: 1.859 GC heap before
{Heap before GC invocations=1 (full 0):
 PSYoungGen      total 18432K, used 15872K [0x00000000eab00000, 0x00000000ebf80000, 0x0000000100000000)
  eden space 15872K, 100% used [0x00000000eab00000,0x00000000eba80000,0x00000000eba80000)
  from space 2560K, 0% used [0x00000000ebd00000,0x00000000ebd00000,0x00000000ebf80000)
  to   space 2560K, 0% used [0x00000000eba80000,0x00000000eba80000,0x00000000ebd00000)
 ParOldGen       total 42496K, used 0K [0x00000000c0000000, 0x00000000c2980000, 0x00000000eab00000)
  object space 42496K, 0% used [0x00000000c0000000,0x00000000c0000000,0x00000000c2980000)
 Metaspace       used 5576K, capacity 6768K, committed 7040K, reserved 1056768K
  class space    used 551K, capacity 616K, committed 640K, reserved 1048576K
Event: 1.993 GC heap after
Heap after GC invocations=1 (full 0):
 PSYoungGen      total 18432K, used 2536K [0x00000000eab00000, 0x00000000ebf80000, 0x0000000100000000)
  eden space 15872K, 0% used [0x00000000eab00000,0x00000000eab00000,0x00000000eba80000)
  from space 2560K, 99% used [0x00000000eba80000,0x00000000ebcfa038,0x00000000ebd00000)
  to   space 2560K, 0% used [0x00000000ebd00000,0x00000000ebd00000,0x00000000ebf80000)
 ParOldGen       total 42496K, used 1537K [0x00000000c0000000, 0x00000000c2980000, 0x00000000eab00000)
  object space 42496K, 3% used [0x00000000c0000000,0x00000000c0180410,0x00000000c2980000)
 Metaspace       used 5576K, capacity 6768K, committed 7040K, reserved 1056768K
  class space    used 551K, capacity 616K, committed 640K, reserved 1048576K
}

Deoptimization events (3 events):
Event: 1.355 Thread 0x0000000056056800 Uncommon trap: reason=unstable_if action=reinterpret pc=0x00000000025e860c method=java.util.HashMap.getNode(ILjava/lang/Object;)Ljava/util/HashMap$Node; @ 129
Event: 2.069 Thread 0x000000005603d800 Uncommon trap: reason=unstable_if action=reinterpret pc=0x0000000002600120 method=java.util.BitSet.nextSetBit(I)I @ 87
Event: 2.076 Thread 0x000000005603d800 Uncommon trap: reason=unstable_if action=reinterpret pc=0x00000000027532ec method=com.android.dx.rop.code.RegisterSpec.withReg(I)Lcom/android/dx/rop/code/RegisterSpec; @ 5

Internal exceptions (3 events):
Event: 0.131 Thread 0x000000000209e000 Exception <a 'java/lang/NoSuchMethodError': Method sun.misc.Unsafe.defineClass(Ljava/lang/String;[BII)Ljava/lang/Class; name or signature does not match> (0x00000000eab07c78) thrown at [C:\src\android\AOSP-openjdk\external\jetbrains\jdk\hotspot\src\share\vΩQ≈‡O◊¿?
Event: 0.132 Thread 0x000000000209e000 Exception <a 'java/lang/NoSuchMethodError': Method sun.misc.Unsafe.prefetchRead(Ljava/lang/Object;J)V name or signature does not match> (0x00000000eab07f60) thrown at [C:\src\android\AOSP-openjdk\external\jetbrains\jdk\hotspot\src\share\vm\prims\jni.cpp, l6+Ì·p¡
Event: 2.094 Thread 0x000000000209e000 Exception <a 'java/lang/OutOfMemoryError': unable to create new native thread> (0x00000000ead83700) thrown at [C:\src\android\AOSP-openjdk\external\jetbrains\jdk\hotspot\src\share\vm\prims\jvm.cpp, line 3024]

Events (10 events):
Event: 2.098 loading class java/lang/Throwable$WrappedPrintStream done
Event: 2.098 loading class java/util/IdentityHashMap
Event: 2.103 loading class java/util/IdentityHashMap done
Event: 2.103 loading class java/util/IdentityHashMap$KeySet
Event: 2.105 loading class java/util/IdentityHashMap$KeySet done
Event: 2.106 loading class java/lang/Shutdown
Event: 2.107 loading class java/lang/Shutdown done
Event: 2.107 loading class java/lang/Shutdown$Lock
Event: 2.107 loading class java/lang/Shutdown$Lock done
Event: 2.107 Executing VM operation: Exit


Dynamic libraries:
0x000000013f7a0000 - 0x000000013f7d1000 	C:\android\jre\bin\java.exe
0x00000000776c0000 - 0x000000007786a000 	C:\Windows\SYSTEM32\ntdll.dll
0x00000000775a0000 - 0x00000000776bf000 	C:\Windows\system32\kernel32.dll
0x000007fefd6c0000 - 0x000007fefd72a000 	C:\Windows\system32\KERNELBASE.dll
0x000007fefdaf0000 - 0x000007fefdbcb000 	C:\Windows\system32\ADVAPI32.dll
0x000007fefda50000 - 0x000007fefdaef000 	C:\Windows\system32\msvcrt.dll
0x000007fefe0b0000 - 0x000007fefe0cf000 	C:\Windows\SYSTEM32\sechost.dll
0x000007fefe0d0000 - 0x000007fefe1fd000 	C:\Windows\system32\RPCRT4.dll
0x00000000774a0000 - 0x000000007759a000 	C:\Windows\system32\USER32.dll
0x000007fefe480000 - 0x000007fefe4e7000 	C:\Windows\system32\GDI32.dll
0x000007fefdbd0000 - 0x000007fefdbde000 	C:\Windows\system32\LPK.dll
0x000007fefe200000 - 0x000007fefe2cb000 	C:\Windows\system32\USP10.dll
0x000007fefc080000 - 0x000007fefc274000 	C:\Windows\WinSxS\amd64_microsoft.windows.common-controls_6595b64144ccf1df_6.0.7601.17514_none_fa396087175ac9ac\COMCTL32.dll
0x000007fefe2d0000 - 0x000007fefe341000 	C:\Windows\system32\SHLWAPI.dll
0x000007feff4a0000 - 0x000007feff4ce000 	C:\Windows\system32\IMM32.DLL
0x000007feff320000 - 0x000007feff429000 	C:\Windows\system32\MSCTF.dll
0x000007fefd5e0000 - 0x000007fefd610000 	C:\Windows\system32\nvinitx.dll
0x000007fefd5d0000 - 0x000007fefd5dc000 	C:\Windows\system32\VERSION.dll
0x0000000067060000 - 0x0000000067132000 	C:\android\jre\jre\bin\msvcr100.dll
0x0000000066750000 - 0x0000000066f8c000 	C:\android\jre\jre\bin\server\jvm.dll
0x000007fef91c0000 - 0x000007fef91c9000 	C:\Windows\system32\WSOCK32.dll
0x000007feff430000 - 0x000007feff47d000 	C:\Windows\system32\WS2_32.dll
0x000007fefd9e0000 - 0x000007fefd9e8000 	C:\Windows\system32\NSI.dll
0x000007fef8be0000 - 0x000007fef8c1b000 	C:\Windows\system32\WINMM.dll
0x0000000077890000 - 0x0000000077897000 	C:\Windows\system32\PSAPI.DLL
0x000007fefbfa0000 - 0x000007fefbfaf000 	C:\android\jre\jre\bin\verify.dll
0x000007fef7670000 - 0x000007fef7699000 	C:\android\jre\jre\bin\java.dll
0x000007fef7650000 - 0x000007fef7666000 	C:\android\jre\jre\bin\zip.dll
0x000007fefe4f0000 - 0x000007feff27b000 	C:\Windows\system32\SHELL32.dll
0x000007fefdea0000 - 0x000007fefe0a3000 	C:\Windows\system32\ole32.dll
0x000007fefd610000 - 0x000007fefd61f000 	C:\Windows\system32\profapi.dll

VM Arguments:
jvm_args: -Djava.awt.headless=true -Xmx1024M -Dfile.encoding=UTF-8 -Duser.country=CN -Duser.language=zh -Duser.variant 
java_command: com.android.dx.command.Main --dex --force-jumbo --num-threads=4 --multi-dex --output C:\Users\song\Desktop\jinmuyan\app\build\intermediates\transforms\dex\debug\folders\1000\5\slice_3 C:\Users\song\Desktop\jinmuyan\app\build\intermediates\transforms\instantRunSlicer\debug\folders\1\5\slice_3
java_class_path (initial): C:\Users\song\AppData\Local\Android\Sdk\build-tools\25.0.0\lib\dx.jar
Launcher Type: SUN_STANDARD

Environment Variables:
JAVA_HOME=C:\Program Files\Java\jdk1.8.0_111
JRE_HOME=C:\Program Files\Java\jdk1.8.0_111\jre
CLASSPATH=C:\Program Files\Java\jdk1.8.0_111\bin
PATH=C:\Program Files (x86)\NVIDIA Corporation\PhysX\Common;C:\ProgramData\Oracle\Java\javapath;C:\Windows\system32;C:\Windows;C:\Windows\System32\Wbem;C:\Windows\System32\WindowsPowerShell\v1.0\;C:\and_sdk\platform-tools;C:\and_sdk;C:\Program Files\TortoiseSVN\bin;C:\Program Files\Java\jdk1.8.0_111\bin;C:\Git\cmd;C:\Users\song\AppData\Local\Android\Sdk\ndk-bundle;C:\Users\song\AppData\Local\Programs\Fiddler
USERNAME=song
OS=Windows_NT
PROCESSOR_IDENTIFIER=Intel64 Family 6 Model 37 Stepping 5, GenuineIntel



---------------  S Y S T E M  ---------------

OS: Windows 7 , 64 bit Build 7601 (6.1.7601.23807)

CPU:total 4 (2 cores per cpu, 2 threads per core) family 6 model 37 stepping 5, cmov, cx8, fxsr, mmx, sse, sse2, sse3, ssse3, sse4.1, sse4.2, popcnt, ht, tsc, tscinvbit

Memory: 4k page, physical 3985880k(485376k free), swap 8178324k(5116k free)

vm_info: OpenJDK 64-Bit Server VM (25.112-b06) for windows-amd64 JRE (1.8.0_112-release-b06), built on Dec  8 2016 00:54:26 by "builder" with MS VC++ 10.0 (VS2010)

time: Sun Sep 17 17:53:35 2017
elapsed time: 2 seconds (0d 0h 0m 2s)

