#
# There is insufficient memory for the Java Runtime Environment to continue.
# Native memory allocation (malloc) failed to allocate 589936 bytes for Chunk::new
# Possible reasons:
#   The system is out of physical RAM or swap space
#   In 32 bit mode, the process size limit was hit
# Possible solutions:
#   Reduce memory load on the system
#   Increase physical memory or swap space
#   Check if swap backing store is full
#   Use 64 bit Java on a 64 bit OS
#   Decrease Java heap size (-Xmx/-Xms)
#   Decrease number of Java threads
#   Decrease Java thread stack sizes (-Xss)
#   Set larger code cache with -XX:ReservedCodeCacheSize=
# This output file may be truncated or incomplete.
#
#  Out of Memory Error (allocation.cpp:390), pid=38296, tid=0x0000000000009664
#
# JRE version: OpenJDK Runtime Environment (8.0_112-b06) (build 1.8.0_112-release-b06)
# Java VM: OpenJDK 64-Bit Server VM (25.112-b06 mixed mode windows-amd64 compressed oops)
# Failed to write core dump. Minidumps are not enabled by default on client versions of Windows
#

---------------  T H R E A D  ---------------

Current thread (0x0000000016128800):  JavaThread "C2 CompilerThread0" daemon [_thread_in_native, id=38500, stack(0x00000000166a0000,0x00000000167a0000)]

Stack: [0x00000000166a0000,0x00000000167a0000]
[error occurred during error reporting (printing stack bounds), id 0xc0000005]

Native frames: (J=compiled Java code, j=interpreted, Vv=VM code, C=native code)


Current CompileTask:
C2:   7542 1458   !   4       com.android.dx.cf.code.BytecodeArray::parseInstruction (2764 bytes)


---------------  P R O C E S S  ---------------

Java Threads: ( => current thread )
  0x0000000016e4a800 JavaThread "pool-2-thread-4" [_thread_in_vm, id=38952, stack(0x0000000017a70000,0x0000000017b70000)]
  0x0000000016e9a000 JavaThread "pool-2-thread-3" [_thread_blocked, id=38944, stack(0x0000000016c20000,0x0000000016d20000)]
  0x0000000016e54000 JavaThread "pool-2-thread-2" [_thread_blocked, id=38932, stack(0x0000000017650000,0x0000000017750000)]
  0x00000000163da000 JavaThread "pool-3-thread-1" [_thread_blocked, id=38920, stack(0x00000000178a0000,0x00000000179a0000)]
  0x000000001640e000 JavaThread "pool-2-thread-1" [_thread_blocked, id=38776, stack(0x0000000017790000,0x0000000017890000)]
  0x00000000161ab000 JavaThread "Service Thread" daemon [_thread_blocked, id=38132, stack(0x0000000016af0000,0x0000000016bf0000)]
  0x000000001613f000 JavaThread "C1 CompilerThread2" daemon [_thread_blocked, id=37348, stack(0x0000000016940000,0x0000000016a40000)]
  0x000000001613d000 JavaThread "C2 CompilerThread1" daemon [_thread_in_native, id=38456, stack(0x00000000167f0000,0x00000000168f0000)]
=>0x0000000016128800 JavaThread "C2 CompilerThread0" daemon [_thread_in_native, id=38500, stack(0x00000000166a0000,0x00000000167a0000)]
  0x0000000014bec800 JavaThread "Attach Listener" daemon [_thread_blocked, id=37056, stack(0x0000000015d20000,0x0000000015e20000)]
  0x0000000014be0000 JavaThread "Signal Dispatcher" daemon [_thread_blocked, id=38560, stack(0x00000000165a0000,0x00000000166a0000)]
  0x0000000014bc9000 JavaThread "Finalizer" daemon [_thread_blocked, id=38144, stack(0x0000000016020000,0x0000000016120000)]
  0x0000000014b81800 JavaThread "Reference Handler" daemon [_thread_blocked, id=38784, stack(0x0000000015e50000,0x0000000015f50000)]
  0x00000000000ae000 JavaThread "main" [_thread_blocked, id=34952, stack(0x0000000002180000,0x0000000002280000)]

Other Threads:
  0x0000000014b78000 VMThread [stack: 0x0000000015b60000,0x0000000015c60000] [id=38528]
  0x00000000161b0000 WatcherThread [stack: 0x0000000016d20000,0x0000000016e20000] [id=36504]

VM state:not at safepoint (normal execution)

VM Mutex/Monitor currently owned by a thread: None

Heap:
 PSYoungGen      total 34304K, used 20975K [0x00000000eab00000, 0x00000000ecf00000, 0x0000000100000000)
  eden space 31744K, 58% used [0x00000000eab00000,0x00000000ebcfc068,0x00000000eca00000)
  from space 2560K, 99% used [0x00000000ecc80000,0x00000000eceffc88,0x00000000ecf00000)
  to   space 2560K, 0% used [0x00000000eca00000,0x00000000eca00000,0x00000000ecc80000)
 ParOldGen       total 42496K, used 3240K [0x00000000c0000000, 0x00000000c2980000, 0x00000000eab00000)
  object space 42496K, 7% used [0x00000000c0000000,0x00000000c032a0a0,0x00000000c2980000)
 Metaspace       used 5982K, capacity 7024K, committed 7296K, reserved 1056768K
  class space    used 564K, capacity 616K, committed 640K, reserved 1048576K

Card table byte_map: [0x0000000011640000,0x0000000011850000] byte_map_base: 0x0000000011040000

Marking Bits: (ParMarkBitMap*) 0x00000000533218f0
 Begin Bits: [0x0000000011ff0000, 0x0000000012ff0000)
 End Bits:   [0x0000000012ff0000, 0x0000000013ff0000)

Polling page: 0x0000000001c60000

CodeCache: size=245760Kb used=6362Kb max_used=6362Kb free=239397Kb
 bounds [0x0000000002280000, 0x00000000028c0000, 0x0000000011280000]
 total_blobs=1764 nmethods=1500 adapters=178
 compilation: enabled

Compilation events (10 events):
Event: 7.529 Thread 0x000000001613f000 nmethod 1506 0x00000000028b53d0 code [0x00000000028b5580, 0x00000000028b5a48]
Event: 7.529 Thread 0x000000001613f000 1507       3       com.android.dx.dex.code.OutputCollector::getFinisher (26 bytes)
Event: 7.529 Thread 0x000000001613f000 nmethod 1507 0x00000000028b5c10 code [0x00000000028b5da0, 0x00000000028b6038]
Event: 7.529 Thread 0x000000001613f000 1508       3       com.android.dx.dex.code.DalvCode::<init> (68 bytes)
Event: 7.530 Thread 0x000000001613f000 nmethod 1508 0x00000000028b6150 code [0x00000000028b62e0, 0x00000000028b66f8]
Event: 7.530 Thread 0x000000001613f000 1509       3       com.android.dx.dex.file.CodeItem::<init> (81 bytes)
Event: 7.530 Thread 0x000000001613f000 nmethod 1509 0x00000000028b6890 code [0x00000000028b6a40, 0x00000000028b6f38]
Event: 7.531 Thread 0x000000001613f000 1510       3       com.android.dx.cf.code.Ropper$ExceptionSetupLabelAllocator::<init> (33 bytes)
Event: 7.531 Thread 0x000000001613f000 nmethod 1510 0x00000000028b7110 code [0x00000000028b72a0, 0x00000000028b7770]
Event: 7.536 Thread 0x000000001613f000 1511   !   3       com.android.dx.cf.code.Merger::mergeStack (192 bytes)

GC Heap History (4 events):
Event: 1.765 GC heap before
{Heap before GC invocations=1 (full 0):
 PSYoungGen      total 18432K, used 15872K [0x00000000eab00000, 0x00000000ebf80000, 0x0000000100000000)
  eden space 15872K, 100% used [0x00000000eab00000,0x00000000eba80000,0x00000000eba80000)
  from space 2560K, 0% used [0x00000000ebd00000,0x00000000ebd00000,0x00000000ebf80000)
  to   space 2560K, 0% used [0x00000000eba80000,0x00000000eba80000,0x00000000ebd00000)
 ParOldGen       total 42496K, used 0K [0x00000000c0000000, 0x00000000c2980000, 0x00000000eab00000)
  object space 42496K, 0% used [0x00000000c0000000,0x00000000c0000000,0x00000000c2980000)
 Metaspace       used 5485K, capacity 6640K, committed 6784K, reserved 1056768K
  class space    used 559K, capacity 616K, committed 640K, reserved 1048576K
Event: 1.801 GC heap after
Heap after GC invocations=1 (full 0):
 PSYoungGen      total 18432K, used 2530K [0x00000000eab00000, 0x00000000ecf00000, 0x0000000100000000)
  eden space 15872K, 0% used [0x00000000eab00000,0x00000000eab00000,0x00000000eba80000)
  from space 2560K, 98% used [0x00000000eba80000,0x00000000ebcf8ad8,0x00000000ebd00000)
  to   space 2560K, 0% used [0x00000000ecc80000,0x00000000ecc80000,0x00000000ecf00000)
 ParOldGen       total 42496K, used 1532K [0x00000000c0000000, 0x00000000c2980000, 0x00000000eab00000)
  object space 42496K, 3% used [0x00000000c0000000,0x00000000c017f000,0x00000000c2980000)
 Metaspace       used 5485K, capacity 6640K, committed 6784K, reserved 1056768K
  class space    used 559K, capacity 616K, committed 640K, reserved 1048576K
}
Event: 6.165 GC heap before
{Heap before GC invocations=2 (full 0):
 PSYoungGen      total 18432K, used 18402K [0x00000000eab00000, 0x00000000ecf00000, 0x0000000100000000)
  eden space 15872K, 100% used [0x00000000eab00000,0x00000000eba80000,0x00000000eba80000)
  from space 2560K, 98% used [0x00000000eba80000,0x00000000ebcf8ad8,0x00000000ebd00000)
  to   space 2560K, 0% used [0x00000000ecc80000,0x00000000ecc80000,0x00000000ecf00000)
 ParOldGen       total 42496K, used 1532K [0x00000000c0000000, 0x00000000c2980000, 0x00000000eab00000)
  object space 42496K, 3% used [0x00000000c0000000,0x00000000c017f000,0x00000000c2980000)
 Metaspace       used 5841K, capacity 6896K, committed 7040K, reserved 1056768K
  class space    used 562K, capacity 616K, committed 640K, reserved 1048576K
Event: 6.425 GC heap after
Heap after GC invocations=2 (full 0):
 PSYoungGen      total 34304K, used 2559K [0x00000000eab00000, 0x00000000ecf00000, 0x0000000100000000)
  eden space 31744K, 0% used [0x00000000eab00000,0x00000000eab00000,0x00000000eca00000)
  from space 2560K, 99% used [0x00000000ecc80000,0x00000000eceffc88,0x00000000ecf00000)
  to   space 2560K, 0% used [0x00000000eca00000,0x00000000eca00000,0x00000000ecc80000)
 ParOldGen       total 42496K, used 3240K [0x00000000c0000000, 0x00000000c2980000, 0x00000000eab00000)
  object space 42496K, 7% used [0x00000000c0000000,0x00000000c032a0a0,0x00000000c2980000)
 Metaspace       used 5841K, capacity 6896K, committed 7040K, reserved 1056768K
  class space    used 562K, capacity 616K, committed 640K, reserved 1048576K
}

Deoptimization events (10 events):
Event: 2.566 Thread 0x0000000016e54000 Uncommon trap: reason=unstable_if action=reinterpret pc=0x00000000025cadb4 method=com.android.dx.rop.code.LocalItem.hashCode()I @ 25
Event: 2.566 Thread 0x0000000016e9a000 Uncommon trap: reason=unstable_if action=reinterpret pc=0x000000000248fe1c method=java.util.HashMap.getNode(ILjava/lang/Object;)Ljava/util/HashMap$Node; @ 62
Event: 5.825 Thread 0x000000001640e000 Uncommon trap: reason=unstable_if action=reinterpret pc=0x000000000271be74 method=com.android.dx.ssa.SsaRenamer$BlockRenamer.addMapping(ILcom/android/dx/rop/code/RegisterSpec;)V @ 120
Event: 5.829 Thread 0x000000001640e000 Uncommon trap: reason=unstable_if action=reinterpret pc=0x00000000025e6fc0 method=com.android.dx.ssa.SsaRenamer$BlockRenamer.addMapping(ILcom/android/dx/rop/code/RegisterSpec;)V @ 120
Event: 6.052 Thread 0x0000000016e9a000 Uncommon trap: reason=unstable_if action=reinterpret pc=0x0000000002639c0c method=com.android.dx.ssa.SsaMethod.updateOneDefinition(Lcom/android/dx/ssa/SsaInsn;Lcom/android/dx/rop/code/RegisterSpec;)V @ 4
Event: 6.481 Thread 0x000000001640e000 Uncommon trap: reason=unstable_if action=reinterpret pc=0x00000000024bc884 method=com.android.dx.rop.cst.Constant.compareTo(Lcom/android/dx/rop/cst/Constant;)I @ 12
Event: 7.396 Thread 0x0000000016e4a800 Uncommon trap: reason=bimorphic action=maybe_recompile pc=0x00000000028383e0 method=com.android.dx.cf.code.BytecodeArray.parseInstruction(ILcom/android/dx/cf/code/BytecodeArray$Visitor;)I @ 955
Event: 7.396 Thread 0x0000000016e4a800 Uncommon trap: reason=bimorphic action=maybe_recompile pc=0x00000000028379dc method=com.android.dx.cf.code.BytecodeArray.parseInstruction(ILcom/android/dx/cf/code/BytecodeArray$Visitor;)I @ 1597
Event: 7.397 Thread 0x0000000016e4a800 Uncommon trap: reason=bimorphic action=maybe_recompile pc=0x00000000028383e0 method=com.android.dx.cf.code.BytecodeArray.parseInstruction(ILcom/android/dx/cf/code/BytecodeArray$Visitor;)I @ 955
Event: 7.397 Thread 0x0000000016e4a800 Uncommon trap: reason=bimorphic action=maybe_recompile pc=0x00000000028379dc method=com.android.dx.cf.code.BytecodeArray.parseInstruction(ILcom/android/dx/cf/code/BytecodeArray$Visitor;)I @ 1597

Internal exceptions (2 events):
Event: 0.062 Thread 0x00000000000ae000 Exception <a 'java/lang/NoSuchMethodError': Method sun.misc.Unsafe.defineClass(Ljava/lang/String;[BII)Ljava/lang/Class; name or signature does not match> (0x00000000eab07c78) thrown at [C:\src\android\AOSP-openjdk\external\jetbrains\jdk\hotspot\src\share\v1™Zg¬¯?
Event: 0.062 Thread 0x00000000000ae000 Exception <a 'java/lang/NoSuchMethodError': Method sun.misc.Unsafe.prefetchRead(Ljava/lang/Object;J)V name or signature does not match> (0x00000000eab07f60) thrown at [C:\src\android\AOSP-openjdk\external\jetbrains\jdk\hotspot\src\share\vm\prims\jni.cpp, l

Events (10 events):
Event: 7.396 Thread 0x0000000016e4a800 DEOPT UNPACKING pc=0x00000000022c556a sp=0x0000000017b6e758 mode 2
Event: 7.396 Thread 0x0000000016e4a800 Uncommon trap: trap_request=0xffffffc6 fr.pc=0x00000000028379dc
Event: 7.396 Thread 0x0000000016e4a800 DEOPT PACKING pc=0x00000000028379dc sp=0x0000000017b6e7d0
Event: 7.396 Thread 0x0000000016e4a800 DEOPT UNPACKING pc=0x00000000022c556a sp=0x0000000017b6e750 mode 2
Event: 7.397 Thread 0x0000000016e4a800 Uncommon trap: trap_request=0xffffffc6 fr.pc=0x00000000028383e0
Event: 7.397 Thread 0x0000000016e4a800 DEOPT PACKING pc=0x00000000028383e0 sp=0x0000000017b6e580
Event: 7.397 Thread 0x0000000016e4a800 DEOPT UNPACKING pc=0x00000000022c556a sp=0x0000000017b6e508 mode 2
Event: 7.397 Thread 0x0000000016e4a800 Uncommon trap: trap_request=0xffffffc6 fr.pc=0x00000000028379dc
Event: 7.397 Thread 0x0000000016e4a800 DEOPT PACKING pc=0x00000000028379dc sp=0x0000000017b6e580
Event: 7.397 Thread 0x0000000016e4a800 DEOPT UNPACKING pc=0x00000000022c556a sp=0x0000000017b6e500 mode 2


Dynamic libraries:
0x000000013f1c0000 - 0x000000013f1f1000 	C:\android\jre\bin\java.exe
0x0000000076cf0000 - 0x0000000076e9a000 	C:\Windows\SYSTEM32\ntdll.dll
0x0000000076ad0000 - 0x0000000076bef000 	C:\Windows\system32\kernel32.dll
0x000007fefce30000 - 0x000007fefce9a000 	C:\Windows\system32\KERNELBASE.dll
0x000007fefe000000 - 0x000007fefe0db000 	C:\Windows\system32\ADVAPI32.dll
0x000007fefe0e0000 - 0x000007fefe17f000 	C:\Windows\system32\msvcrt.dll
0x000007fefea30000 - 0x000007fefea4f000 	C:\Windows\SYSTEM32\sechost.dll
0x000007fefe570000 - 0x000007fefe69d000 	C:\Windows\system32\RPCRT4.dll
0x0000000076bf0000 - 0x0000000076cea000 	C:\Windows\system32\USER32.dll
0x000007fefecb0000 - 0x000007fefed17000 	C:\Windows\system32\GDI32.dll
0x000007fefebd0000 - 0x000007fefebde000 	C:\Windows\system32\LPK.dll
0x000007fefef30000 - 0x000007fefeffb000 	C:\Windows\system32\USP10.dll
0x000007fefb6e0000 - 0x000007fefb8d4000 	C:\Windows\WinSxS\amd64_microsoft.windows.common-controls_6595b64144ccf1df_6.0.7601.17514_none_fa396087175ac9ac\COMCTL32.dll
0x000007fefd1f0000 - 0x000007fefd261000 	C:\Windows\system32\SHLWAPI.dll
0x000007fefe700000 - 0x000007fefe72e000 	C:\Windows\system32\IMM32.DLL
0x000007fefe180000 - 0x000007fefe289000 	C:\Windows\system32\MSCTF.dll
0x000007fefcc10000 - 0x000007fefcc40000 	C:\Windows\system32\nvinitx.dll
0x000007fefcc00000 - 0x000007fefcc0c000 	C:\Windows\system32\VERSION.dll
0x00000000721c0000 - 0x00000000721c6000 	C:\Program Files\NVIDIA Corporation\CoProcManager\detoured.dll
0x000007fef96f0000 - 0x000007fef9728000 	C:\Program Files\NVIDIA Corporation\CoProcManager\nvd3d9wrapx.dll
0x000007fefd010000 - 0x000007fefd1e7000 	C:\Windows\system32\SETUPAPI.dll
0x000007fefcd10000 - 0x000007fefcd46000 	C:\Windows\system32\CFGMGR32.dll
0x000007fefee50000 - 0x000007fefef27000 	C:\Windows\system32\OLEAUT32.dll
0x000007fefe360000 - 0x000007fefe563000 	C:\Windows\system32\ole32.dll
0x000007fefccf0000 - 0x000007fefcd0a000 	C:\Windows\system32\DEVOBJ.dll
0x000007fef96c0000 - 0x000007fef96e4000 	C:\Program Files\NVIDIA Corporation\CoProcManager\nvdxgiwrapx.dll
0x000000006bf50000 - 0x000000006c022000 	C:\android\jre\jre\bin\msvcr100.dll
0x0000000052b60000 - 0x000000005339c000 	C:\android\jre\jre\bin\server\jvm.dll
0x000007fef7d90000 - 0x000007fef7d99000 	C:\Windows\system32\WSOCK32.dll
0x000007fefec60000 - 0x000007fefecad000 	C:\Windows\system32\WS2_32.dll
0x000007fefe290000 - 0x000007fefe298000 	C:\Windows\system32\NSI.dll
0x000007fef8230000 - 0x000007fef826b000 	C:\Windows\system32\WINMM.dll
0x0000000076ec0000 - 0x0000000076ec7000 	C:\Windows\system32\PSAPI.DLL
0x000007fef3250000 - 0x000007fef325f000 	C:\android\jre\jre\bin\verify.dll
0x000007fef1d20000 - 0x000007fef1d49000 	C:\android\jre\jre\bin\java.dll
0x000007fef1d00000 - 0x000007fef1d16000 	C:\android\jre\jre\bin\zip.dll
0x000007fefd270000 - 0x000007fefdffb000 	C:\Windows\system32\SHELL32.dll
0x000007fefcc40000 - 0x000007fefcc4f000 	C:\Windows\system32\profapi.dll

VM Arguments:
jvm_args: -Djava.awt.headless=true -Xmx1024M -Dfile.encoding=UTF-8 -Duser.country=CN -Duser.language=zh -Duser.variant 
java_command: com.android.dx.command.Main --dex --force-jumbo --num-threads=4 --multi-dex --output C:\Users\song\Desktop\jinmuyan\app\build\intermediates\transforms\dex\debug\folders\1000\10\classes_90c78cfcfc041d8e4e16ca5c85d95a198f92741d C:\Users\song\.android\build-cache\263f48f4c3c84349e787bc77560329f136d3dfd3\output\jars\classes.jar
java_class_path (initial): C:\Users\song\AppData\Local\Android\Sdk\build-tools\25.0.0\lib\dx.jar
Launcher Type: SUN_STANDARD

Environment Variables:
JAVA_HOME=C:\Program Files\Java\jdk1.8.0_111
JRE_HOME=C:\Program Files\Java\jdk1.8.0_111\jre
CLASSPATH=C:\Program Files\Java\jdk1.8.0_111\bin
PATH=C:\Program Files (x86)\NVIDIA Corporation\PhysX\Common;C:\ProgramData\Oracle\Java\javapath;C:\Windows\system32;C:\Windows;C:\Windows\System32\Wbem;C:\Windows\System32\WindowsPowerShell\v1.0\;C:\and_sdk\platform-tools;C:\and_sdk;C:\Program Files\TortoiseSVN\bin;C:\Program Files\Java\jdk1.8.0_111\bin;C:\Git\cmd;C:\Users\song\AppData\Local\Android\Sdk\ndk-bundle;C:\Users\song\AppData\Local\Programs\Fiddler
USERNAME=song
OS=Windows_NT
PROCESSOR_IDENTIFIER=Intel64 Family 6 Model 37 Stepping 5, GenuineIntel



---------------  S Y S T E M  ---------------

OS: Windows 7 , 64 bit Build 7601 (6.1.7601.23807)

CPU:total 4 (2 cores per cpu, 2 threads per core) family 6 model 37 stepping 5, cmov, cx8, fxsr, mmx, sse, sse2, sse3, ssse3, sse4.1, sse4.2, popcnt, ht, tsc, tscinvbit

Memory: 4k page, physical 3985880k(60908k free), swap 8178324k(3080k free)

vm_info: OpenJDK 64-Bit Server VM (25.112-b06) for windows-amd64 JRE (1.8.0_112-release-b06), built on Dec  8 2016 00:54:26 by "builder" with MS VC++ 10.0 (VS2010)

time: Thu Sep 07 20:25:54 2017
elapsed time: 7 seconds (0d 0h 0m 7s)

