#
# There is insufficient memory for the Java Runtime Environment to continue.
# Native memory allocation (malloc) failed to allocate 65552 bytes for Chunk::new
# Possible reasons:
#   The system is out of physical RAM or swap space
#   In 32 bit mode, the process size limit was hit
# Possible solutions:
#   Reduce memory load on the system
#   Increase physical memory or swap space
#   Check if swap backing store is full
#   Use 64 bit Java on a 64 bit OS
#   Decrease Java heap size (-Xmx/-Xms)
#   Decrease number of Java threads
#   Decrease Java thread stack sizes (-Xss)
#   Set larger code cache with -XX:ReservedCodeCacheSize=
# This output file may be truncated or incomplete.
#
#  Out of Memory Error (allocation.cpp:390), pid=38544, tid=0x0000000000009794
#
# JRE version: OpenJDK Runtime Environment (8.0_112-b06) (build 1.8.0_112-release-b06)
# Java VM: OpenJDK 64-Bit Server VM (25.112-b06 mixed mode windows-amd64 compressed oops)
# Failed to write core dump. Minidumps are not enabled by default on client versions of Windows
#

---------------  T H R E A D  ---------------

Current thread (0x00000000161fd000):  JavaThread "C2 CompilerThread1" daemon [_thread_in_native, id=38804, stack(0x0000000016930000,0x0000000016a30000)]

Stack: [0x0000000016930000,0x0000000016a30000]
[error occurred during error reporting (printing stack bounds), id 0xc0000005]

Native frames: (J=compiled Java code, j=interpreted, Vv=VM code, C=native code)


Current CompileTask:
C2:  13662 1658       4       com.android.dx.ssa.SCCP::simulatePhiBlock (50 bytes)


---------------  P R O C E S S  ---------------

Java Threads: ( => current thread )
  0x0000000016568800 JavaThread "pool-2-thread-4" [_thread_in_Java, id=38880, stack(0x0000000017580000,0x0000000017680000)]
  0x000000001655f800 JavaThread "pool-2-thread-3" [_thread_blocked, id=38876, stack(0x00000000170b0000,0x00000000171b0000)]
  0x000000001655b800 JavaThread "pool-2-thread-2" [_thread_blocked, id=38864, stack(0x00000000173c0000,0x00000000174c0000)]
  0x0000000016490800 JavaThread "pool-3-thread-1" [_thread_blocked, id=38860, stack(0x0000000017250000,0x0000000017350000)]
  0x000000001648b800 JavaThread "pool-2-thread-1" [_thread_blocked, id=38856, stack(0x0000000016f70000,0x0000000017070000)]
  0x0000000016202800 JavaThread "Service Thread" daemon [_thread_blocked, id=38820, stack(0x0000000016b90000,0x0000000016c90000)]
  0x00000000161ff000 JavaThread "C1 CompilerThread2" daemon [_thread_blocked, id=38808, stack(0x0000000016ce0000,0x0000000016de0000)]
=>0x00000000161fd000 JavaThread "C2 CompilerThread1" daemon [_thread_in_native, id=38804, stack(0x0000000016930000,0x0000000016a30000)]
  0x000000001619a800 JavaThread "C2 CompilerThread0" daemon [_thread_in_native, id=38780, stack(0x0000000016a40000,0x0000000016b40000)]
  0x0000000014fba000 JavaThread "Attach Listener" daemon [_thread_blocked, id=38772, stack(0x00000000167b0000,0x00000000168b0000)]
  0x0000000014fcf000 JavaThread "Signal Dispatcher" daemon [_thread_blocked, id=38764, stack(0x0000000016620000,0x0000000016720000)]
  0x0000000014fa7000 JavaThread "Finalizer" daemon [_thread_blocked, id=38708, stack(0x0000000015e30000,0x0000000015f30000)]
  0x0000000014f9f800 JavaThread "Reference Handler" daemon [_thread_blocked, id=38692, stack(0x0000000016090000,0x0000000016190000)]
  0x000000000024e000 JavaThread "main" [_thread_in_Java, id=38640, stack(0x00000000024b0000,0x00000000025b0000)]

Other Threads:
  0x0000000014f96800 VMThread [stack: 0x0000000015f80000,0x0000000016080000] [id=38684]
  0x0000000016204800 WatcherThread [stack: 0x0000000016e50000,0x0000000016f50000] [id=38824]

VM state:not at safepoint (normal execution)

VM Mutex/Monitor currently owned by a thread: None

Heap:
 PSYoungGen      total 34304K, used 9069K [0x00000000eab00000, 0x00000000ecf00000, 0x0000000100000000)
  eden space 31744K, 20% used [0x00000000eab00000,0x00000000eb15f4f0,0x00000000eca00000)
  from space 2560K, 99% used [0x00000000eca00000,0x00000000ecc7c250,0x00000000ecc80000)
  to   space 2560K, 0% used [0x00000000ecc80000,0x00000000ecc80000,0x00000000ecf00000)
 ParOldGen       total 42496K, used 8628K [0x00000000c0000000, 0x00000000c2980000, 0x00000000eab00000)
  object space 42496K, 20% used [0x00000000c0000000,0x00000000c086d058,0x00000000c2980000)
 Metaspace       used 6037K, capacity 7088K, committed 7296K, reserved 1056768K
  class space    used 566K, capacity 616K, committed 640K, reserved 1048576K

Card table byte_map: [0x0000000011970000,0x0000000011b80000] byte_map_base: 0x0000000011370000

Marking Bits: (ParMarkBitMap*) 0x00000000533218f0
 Begin Bits: [0x00000000123d0000, 0x00000000133d0000)
 End Bits:   [0x00000000133d0000, 0x00000000143d0000)

Polling page: 0x0000000000220000

CodeCache: size=245760Kb used=7331Kb max_used=7336Kb free=238428Kb
 bounds [0x00000000025b0000, 0x0000000002cf0000, 0x00000000115b0000]
 total_blobs=1890 nmethods=1626 adapters=178
 compilation: enabled

Compilation events (10 events):
Event: 13.597 Thread 0x00000000161fd000 nmethod 1657 0x0000000002ccf0d0 code [0x0000000002ccf220, 0x0000000002ccf4b8]
Event: 13.597 Thread 0x00000000161fd000 1658       4       com.android.dx.ssa.SCCP::simulatePhiBlock (50 bytes)
Event: 13.627 Thread 0x00000000161ff000 1660       3       com.android.dx.rop.annotation.NameValuePair::<init> (43 bytes)
Event: 13.628 Thread 0x00000000161ff000 nmethod 1660 0x0000000002cd1d50 code [0x0000000002cd1ee0, 0x0000000002cd2298]
Event: 13.628 Thread 0x00000000161ff000 1662       3       java.util.concurrent.ThreadPoolExecutor$Worker::unlock (7 bytes)
Event: 13.629 Thread 0x00000000161ff000 nmethod 1662 0x0000000002cd1490 code [0x0000000002cd1620, 0x0000000002cd1b48]
Event: 13.629 Thread 0x00000000161ff000 1663       3       java.util.concurrent.ThreadPoolExecutor$Worker::tryRelease (12 bytes)
Event: 13.629 Thread 0x00000000161ff000 nmethod 1663 0x0000000002cd05d0 code [0x0000000002cd0740, 0x0000000002cd0a70]
Event: 13.631 Thread 0x00000000161ff000 1664       1       com.android.dx.rop.cst.CstKnownNull::getType (4 bytes)
Event: 13.632 Thread 0x00000000161ff000 nmethod 1664 0x0000000002cc1ed0 code [0x0000000002cc2020, 0x0000000002cc2130]

GC Heap History (6 events):
Event: 1.961 GC heap before
{Heap before GC invocations=1 (full 0):
 PSYoungGen      total 18432K, used 15872K [0x00000000eab00000, 0x00000000ebf80000, 0x0000000100000000)
  eden space 15872K, 100% used [0x00000000eab00000,0x00000000eba80000,0x00000000eba80000)
  from space 2560K, 0% used [0x00000000ebd00000,0x00000000ebd00000,0x00000000ebf80000)
  to   space 2560K, 0% used [0x00000000eba80000,0x00000000eba80000,0x00000000ebd00000)
 ParOldGen       total 42496K, used 0K [0x00000000c0000000, 0x00000000c2980000, 0x00000000eab00000)
  object space 42496K, 0% used [0x00000000c0000000,0x00000000c0000000,0x00000000c2980000)
 Metaspace       used 5465K, capacity 6576K, committed 6784K, reserved 1056768K
  class space    used 561K, capacity 616K, committed 640K, reserved 1048576K
Event: 2.067 GC heap after
Heap after GC invocations=1 (full 0):
 PSYoungGen      total 18432K, used 2530K [0x00000000eab00000, 0x00000000ecf00000, 0x0000000100000000)
  eden space 15872K, 0% used [0x00000000eab00000,0x00000000eab00000,0x00000000eba80000)
  from space 2560K, 98% used [0x00000000eba80000,0x00000000ebcf8970,0x00000000ebd00000)
  to   space 2560K, 0% used [0x00000000ecc80000,0x00000000ecc80000,0x00000000ecf00000)
 ParOldGen       total 42496K, used 1148K [0x00000000c0000000, 0x00000000c2980000, 0x00000000eab00000)
  object space 42496K, 2% used [0x00000000c0000000,0x00000000c011f058,0x00000000c2980000)
 Metaspace       used 5465K, capacity 6576K, committed 6784K, reserved 1056768K
  class space    used 561K, capacity 616K, committed 640K, reserved 1048576K
}
Event: 3.127 GC heap before
{Heap before GC invocations=2 (full 0):
 PSYoungGen      total 18432K, used 18402K [0x00000000eab00000, 0x00000000ecf00000, 0x0000000100000000)
  eden space 15872K, 100% used [0x00000000eab00000,0x00000000eba80000,0x00000000eba80000)
  from space 2560K, 98% used [0x00000000eba80000,0x00000000ebcf8970,0x00000000ebd00000)
  to   space 2560K, 0% used [0x00000000ecc80000,0x00000000ecc80000,0x00000000ecf00000)
 ParOldGen       total 42496K, used 1148K [0x00000000c0000000, 0x00000000c2980000, 0x00000000eab00000)
  object space 42496K, 2% used [0x00000000c0000000,0x00000000c011f058,0x00000000c2980000)
 Metaspace       used 5726K, capacity 6832K, committed 7040K, reserved 1056768K
  class space    used 566K, capacity 616K, committed 640K, reserved 1048576K
Event: 3.742 GC heap after
Heap after GC invocations=2 (full 0):
 PSYoungGen      total 34304K, used 2528K [0x00000000eab00000, 0x00000000ecf00000, 0x0000000100000000)
  eden space 31744K, 0% used [0x00000000eab00000,0x00000000eab00000,0x00000000eca00000)
  from space 2560K, 98% used [0x00000000ecc80000,0x00000000ecef8028,0x00000000ecf00000)
  to   space 2560K, 0% used [0x00000000eca00000,0x00000000eca00000,0x00000000ecc80000)
 ParOldGen       total 42496K, used 3667K [0x00000000c0000000, 0x00000000c2980000, 0x00000000eab00000)
  object space 42496K, 8% used [0x00000000c0000000,0x00000000c0394fa0,0x00000000c2980000)
 Metaspace       used 5726K, capacity 6832K, committed 7040K, reserved 1056768K
  class space    used 566K, capacity 616K, committed 640K, reserved 1048576K
}
Event: 11.847 GC heap before
{Heap before GC invocations=3 (full 0):
 PSYoungGen      total 34304K, used 34272K [0x00000000eab00000, 0x00000000ecf00000, 0x0000000100000000)
  eden space 31744K, 100% used [0x00000000eab00000,0x00000000eca00000,0x00000000eca00000)
  from space 2560K, 98% used [0x00000000ecc80000,0x00000000ecef8028,0x00000000ecf00000)
  to   space 2560K, 0% used [0x00000000eca00000,0x00000000eca00000,0x00000000ecc80000)
 ParOldGen       total 42496K, used 3667K [0x00000000c0000000, 0x00000000c2980000, 0x00000000eab00000)
  object space 42496K, 8% used [0x00000000c0000000,0x00000000c0394fa0,0x00000000c2980000)
 Metaspace       used 6021K, capacity 7088K, committed 7296K, reserved 1056768K
  class space    used 566K, capacity 616K, committed 640K, reserved 1048576K
Event: 12.429 GC heap after
Heap after GC invocations=3 (full 0):
 PSYoungGen      total 34304K, used 2544K [0x00000000eab00000, 0x00000000ecf00000, 0x0000000100000000)
  eden space 31744K, 0% used [0x00000000eab00000,0x00000000eab00000,0x00000000eca00000)
  from space 2560K, 99% used [0x00000000eca00000,0x00000000ecc7c250,0x00000000ecc80000)
  to   space 2560K, 0% used [0x00000000ecc80000,0x00000000ecc80000,0x00000000ecf00000)
 ParOldGen       total 42496K, used 8628K [0x00000000c0000000, 0x00000000c2980000, 0x00000000eab00000)
  object space 42496K, 20% used [0x00000000c0000000,0x00000000c086d058,0x00000000c2980000)
 Metaspace       used 6021K, capacity 7088K, committed 7296K, reserved 1056768K
  class space    used 566K, capacity 616K, committed 640K, reserved 1048576K
}

Deoptimization events (10 events):
Event: 10.893 Thread 0x000000001655b800 Uncommon trap: reason=bimorphic action=maybe_recompile pc=0x0000000002c218ac method=com.android.dx.cf.code.RopperMachine.run(Lcom/android/dx/cf/code/Frame;II)V @ 978
Event: 10.896 Thread 0x000000001655b800 Uncommon trap: reason=bimorphic action=maybe_recompile pc=0x0000000002c01398 method=com.android.dx.ssa.SCCP.setLatticeValueTo(IILcom/android/dx/rop/cst/Constant;)Z @ 43
Event: 10.898 Thread 0x000000001655b800 Uncommon trap: reason=bimorphic action=maybe_recompile pc=0x0000000002c01384 method=com.android.dx.ssa.SCCP.simulatePhi(Lcom/android/dx/ssa/PhiInsn;)V @ 124
Event: 10.899 Thread 0x000000001655b800 Uncommon trap: reason=bimorphic action=maybe_recompile pc=0x0000000002c01384 method=com.android.dx.ssa.SCCP.simulatePhi(Lcom/android/dx/ssa/PhiInsn;)V @ 124
Event: 10.900 Thread 0x000000001655b800 Uncommon trap: reason=bimorphic action=maybe_recompile pc=0x0000000002c218ac method=com.android.dx.cf.code.RopperMachine.run(Lcom/android/dx/cf/code/Frame;II)V @ 978
Event: 10.901 Thread 0x000000001655b800 Uncommon trap: reason=bimorphic action=maybe_recompile pc=0x0000000002c01384 method=com.android.dx.ssa.SCCP.simulatePhi(Lcom/android/dx/ssa/PhiInsn;)V @ 124
Event: 10.901 Thread 0x000000001655b800 Uncommon trap: reason=bimorphic action=maybe_recompile pc=0x0000000002c01384 method=com.android.dx.ssa.SCCP.simulatePhi(Lcom/android/dx/ssa/PhiInsn;)V @ 124
Event: 10.902 Thread 0x000000001655b800 Uncommon trap: reason=bimorphic action=maybe_recompile pc=0x0000000002c218ac method=com.android.dx.cf.code.RopperMachine.run(Lcom/android/dx/cf/code/Frame;II)V @ 978
Event: 10.902 Thread 0x000000001655b800 Uncommon trap: reason=bimorphic action=maybe_recompile pc=0x0000000002c218ac method=com.android.dx.cf.code.RopperMachine.run(Lcom/android/dx/cf/code/Frame;II)V @ 978
Event: 10.905 Thread 0x000000001655b800 Uncommon trap: reason=bimorphic action=maybe_recompile pc=0x0000000002bed188 method=com.android.dx.ssa.SCCP.simulatePhi(Lcom/android/dx/ssa/PhiInsn;)V @ 124

Internal exceptions (3 events):
Event: 0.066 Thread 0x000000000024e000 Exception <a 'java/lang/NoSuchMethodError': Method sun.misc.Unsafe.defineClass(Ljava/lang/String;[BII)Ljava/lang/Class; name or signature does not match> (0x00000000eab07c78) thrown at [C:\src\android\AOSP-openjdk\external\jetbrains\jdk\hotspot\src\share\vlÂË.×±?
Event: 0.066 Thread 0x000000000024e000 Exception <a 'java/lang/NoSuchMethodError': Method sun.misc.Unsafe.prefetchRead(Ljava/lang/Object;J)V name or signature does not match> (0x00000000eab07f60) thrown at [C:\src\android\AOSP-openjdk\external\jetbrains\jdk\hotspot\src\share\vm\prims\jni.cpp, l‘Šn¬ï@
Event: 5.734 Thread 0x0000000016568800 Implicit null exception at 0x0000000002a8e7a9 to 0x0000000002a8f375

Events (10 events):
Event: 11.847 Executing VM operation: ParallelGCFailedAllocation
Event: 12.429 Executing VM operation: ParallelGCFailedAllocation done
Event: 12.908 Thread 0x0000000016568800 DEOPT PACKING pc=0x0000000002bfc33a sp=0x000000001767e4a0
Event: 12.908 Thread 0x0000000016568800 DEOPT UNPACKING pc=0x00000000025f71bf sp=0x000000001767e208 mode 0
Event: 13.180 Thread 0x000000001655b800 DEOPT PACKING pc=0x0000000002be534f sp=0x00000000174be570
Event: 13.180 Thread 0x000000001655b800 DEOPT UNPACKING pc=0x00000000025f71bf sp=0x00000000174be2b8 mode 0
Event: 13.631 Thread 0x0000000016568800 DEOPT PACKING pc=0x0000000002bfc33a sp=0x000000001767e4a0
Event: 13.631 Thread 0x0000000016568800 DEOPT UNPACKING pc=0x00000000025f71bf sp=0x000000001767e208 mode 0
Event: 13.640 loading class com/android/dx/rop/code/RegisterSpec$1
Event: 13.640 loading class com/android/dx/rop/code/RegisterSpec$1 done


Dynamic libraries:
0x000000013f1c0000 - 0x000000013f1f1000 	C:\android\jre\bin\java.exe
0x0000000076cf0000 - 0x0000000076e9a000 	C:\Windows\SYSTEM32\ntdll.dll
0x0000000076ad0000 - 0x0000000076bef000 	C:\Windows\system32\kernel32.dll
0x000007fefce30000 - 0x000007fefce9a000 	C:\Windows\system32\KERNELBASE.dll
0x000007fefe000000 - 0x000007fefe0db000 	C:\Windows\system32\ADVAPI32.dll
0x000007fefe0e0000 - 0x000007fefe17f000 	C:\Windows\system32\msvcrt.dll
0x000007fefea30000 - 0x000007fefea4f000 	C:\Windows\SYSTEM32\sechost.dll
0x000007fefe570000 - 0x000007fefe69d000 	C:\Windows\system32\RPCRT4.dll
0x0000000076bf0000 - 0x0000000076cea000 	C:\Windows\system32\USER32.dll
0x000007fefecb0000 - 0x000007fefed17000 	C:\Windows\system32\GDI32.dll
0x000007fefebd0000 - 0x000007fefebde000 	C:\Windows\system32\LPK.dll
0x000007fefef30000 - 0x000007fefeffb000 	C:\Windows\system32\USP10.dll
0x000007fefb6e0000 - 0x000007fefb8d4000 	C:\Windows\WinSxS\amd64_microsoft.windows.common-controls_6595b64144ccf1df_6.0.7601.17514_none_fa396087175ac9ac\COMCTL32.dll
0x000007fefd1f0000 - 0x000007fefd261000 	C:\Windows\system32\SHLWAPI.dll
0x000007fefe700000 - 0x000007fefe72e000 	C:\Windows\system32\IMM32.DLL
0x000007fefe180000 - 0x000007fefe289000 	C:\Windows\system32\MSCTF.dll
0x000007fefcc10000 - 0x000007fefcc40000 	C:\Windows\system32\nvinitx.dll
0x000007fefcc00000 - 0x000007fefcc0c000 	C:\Windows\system32\VERSION.dll
0x00000000721c0000 - 0x00000000721c6000 	C:\Program Files\NVIDIA Corporation\CoProcManager\detoured.dll
0x000007fef96f0000 - 0x000007fef9728000 	C:\Program Files\NVIDIA Corporation\CoProcManager\nvd3d9wrapx.dll
0x000007fefd010000 - 0x000007fefd1e7000 	C:\Windows\system32\SETUPAPI.dll
0x000007fefcd10000 - 0x000007fefcd46000 	C:\Windows\system32\CFGMGR32.dll
0x000007fefee50000 - 0x000007fefef27000 	C:\Windows\system32\OLEAUT32.dll
0x000007fefe360000 - 0x000007fefe563000 	C:\Windows\system32\ole32.dll
0x000007fefccf0000 - 0x000007fefcd0a000 	C:\Windows\system32\DEVOBJ.dll
0x000007fef96c0000 - 0x000007fef96e4000 	C:\Program Files\NVIDIA Corporation\CoProcManager\nvdxgiwrapx.dll
0x000000006bf50000 - 0x000000006c022000 	C:\android\jre\jre\bin\msvcr100.dll
0x0000000052b60000 - 0x000000005339c000 	C:\android\jre\jre\bin\server\jvm.dll
0x000007fef7d90000 - 0x000007fef7d99000 	C:\Windows\system32\WSOCK32.dll
0x000007fefec60000 - 0x000007fefecad000 	C:\Windows\system32\WS2_32.dll
0x000007fefe290000 - 0x000007fefe298000 	C:\Windows\system32\NSI.dll
0x000007fef8230000 - 0x000007fef826b000 	C:\Windows\system32\WINMM.dll
0x0000000076ec0000 - 0x0000000076ec7000 	C:\Windows\system32\PSAPI.DLL
0x000007fef3250000 - 0x000007fef325f000 	C:\android\jre\jre\bin\verify.dll
0x000007fef1d20000 - 0x000007fef1d49000 	C:\android\jre\jre\bin\java.dll
0x000007fef1d00000 - 0x000007fef1d16000 	C:\android\jre\jre\bin\zip.dll
0x000007fefd270000 - 0x000007fefdffb000 	C:\Windows\system32\SHELL32.dll
0x000007fefcc40000 - 0x000007fefcc4f000 	C:\Windows\system32\profapi.dll

VM Arguments:
jvm_args: -Djava.awt.headless=true -Xmx1024M -Dfile.encoding=UTF-8 -Duser.country=CN -Duser.language=zh -Duser.variant 
java_command: com.android.dx.command.Main --dex --force-jumbo --num-threads=4 --multi-dex --output C:\Users\song\Desktop\jinmuyan\app\build\intermediates\transforms\dex\debug\folders\1000\10\classes_3acd8f89538bb3f1b1ac951b3f72b677e5047811 C:\Users\song\.android\build-cache\b87518ee23a9adb8659effc7a50391a8232eb504\output\jars\classes.jar
java_class_path (initial): C:\Users\song\AppData\Local\Android\Sdk\build-tools\25.0.0\lib\dx.jar
Launcher Type: SUN_STANDARD

Environment Variables:
JAVA_HOME=C:\Program Files\Java\jdk1.8.0_111
JRE_HOME=C:\Program Files\Java\jdk1.8.0_111\jre
CLASSPATH=C:\Program Files\Java\jdk1.8.0_111\bin
PATH=C:\Program Files (x86)\NVIDIA Corporation\PhysX\Common;C:\ProgramData\Oracle\Java\javapath;C:\Windows\system32;C:\Windows;C:\Windows\System32\Wbem;C:\Windows\System32\WindowsPowerShell\v1.0\;C:\and_sdk\platform-tools;C:\and_sdk;C:\Program Files\TortoiseSVN\bin;C:\Program Files\Java\jdk1.8.0_111\bin;C:\Git\cmd;C:\Users\song\AppData\Local\Android\Sdk\ndk-bundle;C:\Users\song\AppData\Local\Programs\Fiddler
USERNAME=song
OS=Windows_NT
PROCESSOR_IDENTIFIER=Intel64 Family 6 Model 37 Stepping 5, GenuineIntel



---------------  S Y S T E M  ---------------

OS: Windows 7 , 64 bit Build 7601 (6.1.7601.23807)

CPU:total 4 (2 cores per cpu, 2 threads per core) family 6 model 37 stepping 5, cmov, cx8, fxsr, mmx, sse, sse2, sse3, ssse3, sse4.1, sse4.2, popcnt, ht, tsc, tscinvbit

Memory: 4k page, physical 3985880k(41508k free), swap 8178324k(5140k free)

vm_info: OpenJDK 64-Bit Server VM (25.112-b06) for windows-amd64 JRE (1.8.0_112-release-b06), built on Dec  8 2016 00:54:26 by "builder" with MS VC++ 10.0 (VS2010)

time: Thu Sep 07 20:24:23 2017
elapsed time: 13 seconds (0d 0h 0m 13s)

