#
# There is insufficient memory for the Java Runtime Environment to continue.
# Native memory allocation (malloc) failed to allocate 32744 bytes for ChunkPool::allocate
# Possible reasons:
#   The system is out of physical RAM or swap space
#   In 32 bit mode, the process size limit was hit
# Possible solutions:
#   Reduce memory load on the system
#   Increase physical memory or swap space
#   Check if swap backing store is full
#   Use 64 bit Java on a 64 bit OS
#   Decrease Java heap size (-Xmx/-Xms)
#   Decrease number of Java threads
#   Decrease Java thread stack sizes (-Xss)
#   Set larger code cache with -XX:ReservedCodeCacheSize=
# This output file may be truncated or incomplete.
#
#  Out of Memory Error (allocation.cpp:273), pid=38292, tid=0x000000000000948c
#
# JRE version: OpenJDK Runtime Environment (8.0_112-b06) (build 1.8.0_112-release-b06)
# Java VM: OpenJDK 64-Bit Server VM (25.112-b06 mixed mode windows-amd64 compressed oops)
# Failed to write core dump. Minidumps are not enabled by default on client versions of Windows
#

---------------  T H R E A D  ---------------

Current thread (0x000000001621c000):  JavaThread "C2 CompilerThread1" daemon [_thread_in_native, id=38028, stack(0x0000000016bf0000,0x0000000016cf0000)]

Stack: [0x0000000016bf0000,0x0000000016cf0000]
[error occurred during error reporting (printing stack bounds), id 0xc0000005]

Native frames: (J=compiled Java code, j=interpreted, Vv=VM code, C=native code)


Current CompileTask:
C2:   3685 1148       4       com.android.dx.ssa.Dominators::eval (29 bytes)


---------------  P R O C E S S  ---------------

Java Threads: ( => current thread )
  0x00000000164e3000 JavaThread "pool-2-thread-4" [_thread_blocked, id=38652, stack(0x0000000017740000,0x0000000017840000)]
  0x00000000164e2000 JavaThread "pool-2-thread-3" [_thread_in_Java, id=37072, stack(0x0000000017610000,0x0000000017710000)]
  0x0000000016456800 JavaThread "pool-2-thread-2" [_thread_in_Java, id=37444, stack(0x00000000173a0000,0x00000000174a0000)]
  0x000000001645a000 JavaThread "pool-3-thread-1" [_thread_blocked, id=37180, stack(0x0000000017240000,0x0000000017340000)]
  0x000000001641d000 JavaThread "pool-2-thread-1" [_thread_in_vm, id=39024, stack(0x0000000017050000,0x0000000017150000)]
  0x0000000016224800 JavaThread "Service Thread" daemon [_thread_blocked, id=37916, stack(0x0000000016d80000,0x0000000016e80000)]
  0x000000001621d800 JavaThread "C1 CompilerThread2" daemon [_thread_in_native, id=38920, stack(0x0000000016660000,0x0000000016760000)]
=>0x000000001621c000 JavaThread "C2 CompilerThread1" daemon [_thread_in_native, id=38028, stack(0x0000000016bf0000,0x0000000016cf0000)]
  0x00000000161bb800 JavaThread "C2 CompilerThread0" daemon [_thread_in_native, id=39820, stack(0x0000000016a90000,0x0000000016b90000)]
  0x00000000161ba800 JavaThread "Attach Listener" daemon [_thread_blocked, id=39812, stack(0x00000000168c0000,0x00000000169c0000)]
  0x0000000014e8b800 JavaThread "Signal Dispatcher" daemon [_thread_blocked, id=39808, stack(0x0000000016770000,0x0000000016870000)]
  0x0000000014e79000 JavaThread "Finalizer" daemon [_thread_blocked, id=39612, stack(0x0000000015e30000,0x0000000015f30000)]
  0x0000000014e31800 JavaThread "Reference Handler" daemon [_thread_blocked, id=39628, stack(0x00000000160b0000,0x00000000161b0000)]
  0x00000000002be000 JavaThread "main" [_thread_blocked, id=39932, stack(0x00000000024b0000,0x00000000025b0000)]

Other Threads:
  0x0000000014e28000 VMThread [stack: 0x0000000015f30000,0x0000000016030000] [id=32552]
  0x0000000016226800 WatcherThread [stack: 0x0000000016f50000,0x0000000017050000] [id=39168]

VM state:not at safepoint (normal execution)

VM Mutex/Monitor currently owned by a thread: None

Heap:
 PSYoungGen      total 18432K, used 13170K [0x00000000eab00000, 0x00000000ebf80000, 0x0000000100000000)
  eden space 15872K, 66% used [0x00000000eab00000,0x00000000eb55e8d8,0x00000000eba80000)
  from space 2560K, 99% used [0x00000000ebd00000,0x00000000ebf7e038,0x00000000ebf80000)
  to   space 2560K, 0% used [0x00000000eba80000,0x00000000eba80000,0x00000000ebd00000)
 ParOldGen       total 42496K, used 3153K [0x00000000c0000000, 0x00000000c2980000, 0x00000000eab00000)
  object space 42496K, 7% used [0x00000000c0000000,0x00000000c0314548,0x00000000c2980000)
 Metaspace       used 5841K, capacity 6960K, committed 7040K, reserved 1056768K
  class space    used 565K, capacity 616K, committed 640K, reserved 1048576K

Card table byte_map: [0x0000000011970000,0x0000000011b80000] byte_map_base: 0x0000000011370000

Marking Bits: (ParMarkBitMap*) 0x00000000533218f0
 Begin Bits: [0x00000000122a0000, 0x00000000132a0000)
 End Bits:   [0x00000000132a0000, 0x00000000142a0000)

Polling page: 0x0000000000220000

CodeCache: size=245760Kb used=4350Kb max_used=4350Kb free=241410Kb
 bounds [0x00000000025b0000, 0x0000000002a00000, 0x00000000115b0000]
 total_blobs=1387 nmethods=1115 adapters=178
 compilation: enabled

Compilation events (10 events):
Event: 3.649 Thread 0x000000001621c000 

Event: 3.649 Thread 0x000000001621c000 1143  s    4       java.util.Vector::removeElementAt (115 bytes)
Event: 3.652 Thread 0x000000001621c000 

Event: 3.652 Thread 0x000000001621c000 1146       4       com.android.dx.util.BitIntSet$1::hasNext (13 bytes)
Event: 3.652 Thread 0x000000001621c000 nmethod 1146 0x00000000029b9c90 code [0x00000000029b9dc0, 0x00000000029b9e18]
Event: 3.652 Thread 0x000000001621c000 1136       4       com.android.dx.rop.code.LocalItem::compareTo (32 bytes)
Event: 3.655 Thread 0x000000001621c000 

Event: 3.655 Thread 0x000000001621c000 1148       4       com.android.dx.ssa.Dominators::eval (29 bytes)
Event: 3.665 Thread 0x000000001621d800 nmethod 1119 0x00000000029ebc50 code [0x00000000029ebde0, 0x00000000029ec378]
Event: 3.665 Thread 0x000000001621d800 1134       3       com.android.dx.rop.code.RegisterSpecSet::intersect (117 bytes)

GC Heap History (4 events):
Event: 2.271 GC heap before
{Heap before GC invocations=1 (full 0):
 PSYoungGen      total 18432K, used 15872K [0x00000000eab00000, 0x00000000ebf80000, 0x0000000100000000)
  eden space 15872K, 100% used [0x00000000eab00000,0x00000000eba80000,0x00000000eba80000)
  from space 2560K, 0% used [0x00000000ebd00000,0x00000000ebd00000,0x00000000ebf80000)
  to   space 2560K, 0% used [0x00000000eba80000,0x00000000eba80000,0x00000000ebd00000)
 ParOldGen       total 42496K, used 0K [0x00000000c0000000, 0x00000000c2980000, 0x00000000eab00000)
  object space 42496K, 0% used [0x00000000c0000000,0x00000000c0000000,0x00000000c2980000)
 Metaspace       used 5516K, capacity 6640K, committed 6784K, reserved 1056768K
  class space    used 560K, capacity 616K, committed 640K, reserved 1048576K
Event: 2.555 GC heap after
Heap after GC invocations=1 (full 0):
 PSYoungGen      total 18432K, used 2540K [0x00000000eab00000, 0x00000000ebf80000, 0x0000000100000000)
  eden space 15872K, 0% used [0x00000000eab00000,0x00000000eab00000,0x00000000eba80000)
  from space 2560K, 99% used [0x00000000eba80000,0x00000000ebcfb2b0,0x00000000ebd00000)
  to   space 2560K, 0% used [0x00000000ebd00000,0x00000000ebd00000,0x00000000ebf80000)
 ParOldGen       total 42496K, used 1275K [0x00000000c0000000, 0x00000000c2980000, 0x00000000eab00000)
  object space 42496K, 3% used [0x00000000c0000000,0x00000000c013ef88,0x00000000c2980000)
 Metaspace       used 5516K, capacity 6640K, committed 6784K, reserved 1056768K
  class space    used 560K, capacity 616K, committed 640K, reserved 1048576K
}
Event: 3.467 GC heap before
{Heap before GC invocations=2 (full 0):
 PSYoungGen      total 18432K, used 18412K [0x00000000eab00000, 0x00000000ebf80000, 0x0000000100000000)
  eden space 15872K, 100% used [0x00000000eab00000,0x00000000eba80000,0x00000000eba80000)
  from space 2560K, 99% used [0x00000000eba80000,0x00000000ebcfb2b0,0x00000000ebd00000)
  to   space 2560K, 0% used [0x00000000ebd00000,0x00000000ebd00000,0x00000000ebf80000)
 ParOldGen       total 42496K, used 1275K [0x00000000c0000000, 0x00000000c2980000, 0x00000000eab00000)
  object space 42496K, 3% used [0x00000000c0000000,0x00000000c013ef88,0x00000000c2980000)
 Metaspace       used 5735K, capacity 6832K, committed 7040K, reserved 1056768K
  class space    used 563K, capacity 616K, committed 640K, reserved 1048576K
Event: 3.495 GC heap after
Heap after GC invocations=2 (full 0):
 PSYoungGen      total 18432K, used 2552K [0x00000000eab00000, 0x00000000ebf80000, 0x0000000100000000)
  eden space 15872K, 0% used [0x00000000eab00000,0x00000000eab00000,0x00000000eba80000)
  from space 2560K, 99% used [0x00000000ebd00000,0x00000000ebf7e038,0x00000000ebf80000)
  to   space 2560K, 0% used [0x00000000eba80000,0x00000000eba80000,0x00000000ebd00000)
 ParOldGen       total 42496K, used 3153K [0x00000000c0000000, 0x00000000c2980000, 0x00000000eab00000)
  object space 42496K, 7% used [0x00000000c0000000,0x00000000c0314548,0x00000000c2980000)
 Metaspace       used 5735K, capacity 6832K, committed 7040K, reserved 1056768K
  class space    used 563K, capacity 616K, committed 640K, reserved 1048576K
}

Deoptimization events (10 events):
Event: 1.045 Thread 0x00000000002be000 Uncommon trap: reason=unstable_if action=reinterpret pc=0x00000000026fa24c method=java.lang.String.indexOf(II)I @ 49
Event: 2.041 Thread 0x00000000164e3000 Uncommon trap: reason=unstable_if action=reinterpret pc=0x0000000002798f2c method=java.util.HashMap.getNode(ILjava/lang/Object;)Ljava/util/HashMap$Node; @ 62
Event: 2.267 Thread 0x00000000164e3000 Uncommon trap: reason=unstable_if action=reinterpret pc=0x000000000283796c method=java.util.HashMap.getNode(ILjava/lang/Object;)Ljava/util/HashMap$Node; @ 129
Event: 2.800 Thread 0x00000000164e2000 Uncommon trap: reason=class_check action=maybe_recompile pc=0x0000000002853f00 method=com.android.dx.ssa.NormalSsaInsn.accept(Lcom/android/dx/ssa/SsaInsn$Visitor;)V @ 9
Event: 2.800 Thread 0x00000000164e2000 Uncommon trap: reason=class_check action=maybe_recompile pc=0x0000000002853f00 method=com.android.dx.ssa.NormalSsaInsn.accept(Lcom/android/dx/ssa/SsaInsn$Visitor;)V @ 9
Event: 2.800 Thread 0x00000000164e2000 Uncommon trap: reason=class_check action=maybe_recompile pc=0x0000000002853f00 method=com.android.dx.ssa.NormalSsaInsn.accept(Lcom/android/dx/ssa/SsaInsn$Visitor;)V @ 9
Event: 2.801 Thread 0x00000000164e2000 Uncommon trap: reason=class_check action=maybe_recompile pc=0x0000000002853f00 method=com.android.dx.ssa.NormalSsaInsn.accept(Lcom/android/dx/ssa/SsaInsn$Visitor;)V @ 9
Event: 2.802 Thread 0x00000000164e2000 Uncommon trap: reason=class_check action=maybe_recompile pc=0x00000000027ec920 method=com.android.dx.ssa.NormalSsaInsn.accept(Lcom/android/dx/ssa/SsaInsn$Visitor;)V @ 9
Event: 3.100 Thread 0x00000000002be000 Uncommon trap: reason=unstable_if action=reinterpret pc=0x00000000028cc644 method=com.android.dx.rop.cst.Constant.compareTo(Lcom/android/dx/rop/cst/Constant;)I @ 12
Event: 3.131 Thread 0x00000000002be000 Uncommon trap: reason=unstable_if action=reinterpret pc=0x00000000027f46e4 method=java.util.BitSet.ensureCapacity(I)V @ 6

Internal exceptions (2 events):
Event: 0.056 Thread 0x00000000002be000 Exception <a 'java/lang/NoSuchMethodError': Method sun.misc.Unsafe.defineClass(Ljava/lang/String;[BII)Ljava/lang/Class; name or signature does not match> (0x00000000eab07c78) thrown at [C:\src\android\AOSP-openjdk\external\jetbrains\jdk\hotspot\src\share\viÛj5ù¨?
Event: 0.056 Thread 0x00000000002be000 Exception <a 'java/lang/NoSuchMethodError': Method sun.misc.Unsafe.prefetchRead(Ljava/lang/Object;J)V name or signature does not match> (0x00000000eab07f60) thrown at [C:\src\android\AOSP-openjdk\external\jetbrains\jdk\hotspot\src\share\vm\prims\jni.cpp, l

Events (10 events):
Event: 3.131 Thread 0x00000000002be000 DEOPT PACKING pc=0x00000000027f46e4 sp=0x00000000025ae240
Event: 3.131 Thread 0x00000000002be000 DEOPT UNPACKING pc=0x00000000025f556a sp=0x00000000025ae128 mode 2
Event: 3.220 loading class com/android/dx/cf/code/SwitchList
Event: 3.220 loading class com/android/dx/cf/code/SwitchList done
Event: 3.414 Executing VM operation: ParallelGCFailedAllocation
Event: 3.495 Executing VM operation: ParallelGCFailedAllocation done
Event: 3.587 loading class java/util/TreeMap$EntrySet
Event: 3.595 loading class java/util/TreeMap$EntrySet done
Event: 3.595 loading class java/util/TreeMap$EntryIterator
Event: 3.595 loading class java/util/TreeMap$EntryIterator done


Dynamic libraries:
0x000000013f1c0000 - 0x000000013f1f1000 	C:\android\jre\bin\java.exe
0x0000000076cf0000 - 0x0000000076e9a000 	C:\Windows\SYSTEM32\ntdll.dll
0x0000000076ad0000 - 0x0000000076bef000 	C:\Windows\system32\kernel32.dll
0x000007fefce30000 - 0x000007fefce9a000 	C:\Windows\system32\KERNELBASE.dll
0x000007fefe000000 - 0x000007fefe0db000 	C:\Windows\system32\ADVAPI32.dll
0x000007fefe0e0000 - 0x000007fefe17f000 	C:\Windows\system32\msvcrt.dll
0x000007fefea30000 - 0x000007fefea4f000 	C:\Windows\SYSTEM32\sechost.dll
0x000007fefe570000 - 0x000007fefe69d000 	C:\Windows\system32\RPCRT4.dll
0x0000000076bf0000 - 0x0000000076cea000 	C:\Windows\system32\USER32.dll
0x000007fefecb0000 - 0x000007fefed17000 	C:\Windows\system32\GDI32.dll
0x000007fefebd0000 - 0x000007fefebde000 	C:\Windows\system32\LPK.dll
0x000007fefef30000 - 0x000007fefeffb000 	C:\Windows\system32\USP10.dll
0x000007fefb6e0000 - 0x000007fefb8d4000 	C:\Windows\WinSxS\amd64_microsoft.windows.common-controls_6595b64144ccf1df_6.0.7601.17514_none_fa396087175ac9ac\COMCTL32.dll
0x000007fefd1f0000 - 0x000007fefd261000 	C:\Windows\system32\SHLWAPI.dll
0x000007fefe700000 - 0x000007fefe72e000 	C:\Windows\system32\IMM32.DLL
0x000007fefe180000 - 0x000007fefe289000 	C:\Windows\system32\MSCTF.dll
0x000007fefcc10000 - 0x000007fefcc40000 	C:\Windows\system32\nvinitx.dll
0x000007fefcc00000 - 0x000007fefcc0c000 	C:\Windows\system32\VERSION.dll
0x00000000721c0000 - 0x00000000721c6000 	C:\Program Files\NVIDIA Corporation\CoProcManager\detoured.dll
0x000007fef96f0000 - 0x000007fef9728000 	C:\Program Files\NVIDIA Corporation\CoProcManager\nvd3d9wrapx.dll
0x000007fefd010000 - 0x000007fefd1e7000 	C:\Windows\system32\SETUPAPI.dll
0x000007fefcd10000 - 0x000007fefcd46000 	C:\Windows\system32\CFGMGR32.dll
0x000007fefee50000 - 0x000007fefef27000 	C:\Windows\system32\OLEAUT32.dll
0x000007fefe360000 - 0x000007fefe563000 	C:\Windows\system32\ole32.dll
0x000007fefccf0000 - 0x000007fefcd0a000 	C:\Windows\system32\DEVOBJ.dll
0x000007fef96c0000 - 0x000007fef96e4000 	C:\Program Files\NVIDIA Corporation\CoProcManager\nvdxgiwrapx.dll
0x000000006bf50000 - 0x000000006c022000 	C:\android\jre\jre\bin\msvcr100.dll
0x0000000052b60000 - 0x000000005339c000 	C:\android\jre\jre\bin\server\jvm.dll
0x000007fef7d90000 - 0x000007fef7d99000 	C:\Windows\system32\WSOCK32.dll
0x000007fefec60000 - 0x000007fefecad000 	C:\Windows\system32\WS2_32.dll
0x000007fefe290000 - 0x000007fefe298000 	C:\Windows\system32\NSI.dll
0x000007fef8230000 - 0x000007fef826b000 	C:\Windows\system32\WINMM.dll
0x0000000076ec0000 - 0x0000000076ec7000 	C:\Windows\system32\PSAPI.DLL
0x000007fef3250000 - 0x000007fef325f000 	C:\android\jre\jre\bin\verify.dll
0x000007fef1d20000 - 0x000007fef1d49000 	C:\android\jre\jre\bin\java.dll
0x000007fef1d00000 - 0x000007fef1d16000 	C:\android\jre\jre\bin\zip.dll
0x000007fefd270000 - 0x000007fefdffb000 	C:\Windows\system32\SHELL32.dll
0x000007fefcc40000 - 0x000007fefcc4f000 	C:\Windows\system32\profapi.dll

VM Arguments:
jvm_args: -Djava.awt.headless=true -Xmx1024M -Dfile.encoding=UTF-8 -Duser.country=CN -Duser.language=zh -Duser.variant 
java_command: com.android.dx.command.Main --dex --force-jumbo --num-threads=4 --multi-dex --output C:\Users\song\Desktop\jinmuyan\app\build\intermediates\transforms\dex\debug\folders\1000\10\classes_90c78cfcfc041d8e4e16ca5c85d95a198f92741d C:\Users\song\.android\build-cache\263f48f4c3c84349e787bc77560329f136d3dfd3\output\jars\classes.jar
java_class_path (initial): C:\Users\song\AppData\Local\Android\Sdk\build-tools\25.0.0\lib\dx.jar
Launcher Type: SUN_STANDARD

Environment Variables:



---------------  S Y S T E M  ---------------

OS: Windows 7 , 64 bit Build 7601 (6.1.7601.23807)

CPU:total 4 (2 cores per cpu, 2 threads per core) family 6 model 37 stepping 5, cmov, cx8, fxsr, mmx, sse, sse2, sse3, ssse3, sse4.1, sse4.2, popcnt, ht, tsc, tscinvbit

Memory: 4k page, physical 3985880k(95800k free), swap 8178324k(4852k free)

vm_info: OpenJDK 64-Bit Server VM (25.112-b06) for windows-amd64 JRE (1.8.0_112-release-b06), built on Dec  8 2016 00:54:26 by "builder" with MS VC++ 10.0 (VS2010)

time: Thu Sep 07 20:27:10 2017
elapsed time: 3 seconds (0d 0h 0m 3s)

