#
# There is insufficient memory for the Java Runtime Environment to continue.
# Native memory allocation (malloc) failed to allocate 43536 bytes for Chunk::new
# Possible reasons:
#   The system is out of physical RAM or swap space
#   In 32 bit mode, the process size limit was hit
# Possible solutions:
#   Reduce memory load on the system
#   Increase physical memory or swap space
#   Check if swap backing store is full
#   Use 64 bit Java on a 64 bit OS
#   Decrease Java heap size (-Xmx/-Xms)
#   Decrease number of Java threads
#   Decrease Java thread stack sizes (-Xss)
#   Set larger code cache with -XX:ReservedCodeCacheSize=
# This output file may be truncated or incomplete.
#
#  Out of Memory Error (allocation.cpp:390), pid=104836, tid=0x00000000000199c8
#
# JRE version: OpenJDK Runtime Environment (8.0_112-b06) (build 1.8.0_112-release-b06)
# Java VM: OpenJDK 64-Bit Server VM (25.112-b06 mixed mode windows-amd64 compressed oops)
# Failed to write core dump. Minidumps are not enabled by default on client versions of Windows
#

---------------  T H R E A D  ---------------

Current thread (0x00000000562fc000):  JavaThread "C2 CompilerThread1" daemon [_thread_in_native, id=104904, stack(0x0000000056bb0000,0x0000000056cb0000)]

Stack: [0x0000000056bb0000,0x0000000056cb0000]
[error occurred during error reporting (printing stack bounds), id 0xc0000005]

Native frames: (J=compiled Java code, j=interpreted, Vv=VM code, C=native code)


Current CompileTask:
C2:   1322  540       4       java.util.HashMap::get (23 bytes)


---------------  P R O C E S S  ---------------

Java Threads: ( => current thread )
  0x0000000056464000 JavaThread "pool-2-thread-4" [_thread_in_vm, id=105228, stack(0x0000000057260000,0x0000000057360000)]
  0x0000000056572800 JavaThread "pool-2-thread-3" [_thread_in_vm, id=104984, stack(0x00000000573c0000,0x00000000574c0000)]
  0x0000000056456800 JavaThread "pool-2-thread-2" [_thread_in_Java, id=105076, stack(0x0000000055e00000,0x0000000055f00000)]
  0x0000000056455000 JavaThread "pool-3-thread-1" [_thread_blocked, id=105136, stack(0x0000000057130000,0x0000000057230000)]
  0x000000005645a800 JavaThread "pool-2-thread-1" [_thread_in_Java, id=105012, stack(0x0000000056040000,0x0000000056140000)]
  0x0000000056305000 JavaThread "Service Thread" daemon [_thread_blocked, id=104888, stack(0x0000000056ec0000,0x0000000056fc0000)]
  0x0000000056302000 JavaThread "C1 CompilerThread2" daemon [_thread_in_native, id=104648, stack(0x0000000056ce0000,0x0000000056de0000)]
=>0x00000000562fc000 JavaThread "C2 CompilerThread1" daemon [_thread_in_native, id=104904, stack(0x0000000056bb0000,0x0000000056cb0000)]
  0x000000005629b800 JavaThread "C2 CompilerThread0" daemon [_thread_in_vm, id=105080, stack(0x0000000056a30000,0x0000000056b30000)]
  0x000000005629a800 JavaThread "Attach Listener" daemon [_thread_blocked, id=103152, stack(0x0000000056880000,0x0000000056980000)]
  0x0000000054d6b000 JavaThread "Signal Dispatcher" daemon [_thread_blocked, id=105132, stack(0x0000000056690000,0x0000000056790000)]
  0x0000000054d59000 JavaThread "Finalizer" daemon [_thread_blocked, id=104588, stack(0x0000000056190000,0x0000000056290000)]
  0x0000000054d11800 JavaThread "Reference Handler" daemon [_thread_blocked, id=105128, stack(0x0000000055f30000,0x0000000056030000)]
  0x000000000037e000 JavaThread "main" [_thread_in_Java, id=105052, stack(0x00000000024b0000,0x00000000025b0000)]

Other Threads:
  0x0000000054d08000 VMThread [stack: 0x0000000055ce0000,0x0000000055de0000] [id=105016]
  0x0000000056306800 WatcherThread [stack: 0x0000000056fe0000,0x00000000570e0000] [id=104876]

VM state:not at safepoint (normal execution)

VM Mutex/Monitor currently owned by a thread: None

Heap:
 PSYoungGen      total 18432K, used 10551K [0x00000000eab00000, 0x00000000ebf80000, 0x0000000100000000)
  eden space 15872K, 66% used [0x00000000eab00000,0x00000000eb54df18,0x00000000eba80000)
  from space 2560K, 0% used [0x00000000ebd00000,0x00000000ebd00000,0x00000000ebf80000)
  to   space 2560K, 0% used [0x00000000eba80000,0x00000000eba80000,0x00000000ebd00000)
 ParOldGen       total 42496K, used 0K [0x00000000c0000000, 0x00000000c2980000, 0x00000000eab00000)
  object space 42496K, 0% used [0x00000000c0000000,0x00000000c0000000,0x00000000c2980000)
 Metaspace       used 5263K, capacity 6448K, committed 6528K, reserved 1056768K
  class space    used 550K, capacity 616K, committed 640K, reserved 1048576K

Card table byte_map: [0x0000000011970000,0x0000000011b80000] byte_map_base: 0x0000000011370000

Marking Bits: (ParMarkBitMap*) 0x0000000066f118f0
 Begin Bits: [0x0000000012180000, 0x0000000013180000)
 End Bits:   [0x0000000013180000, 0x0000000014180000)

Polling page: 0x0000000000310000

CodeCache: size=245760Kb used=2195Kb max_used=2206Kb free=243564Kb
 bounds [0x00000000025b0000, 0x0000000002820000, 0x00000000115b0000]
 total_blobs=780 nmethods=519 adapters=176
 compilation: enabled

Compilation events (10 events):
Event: 1.300 Thread 0x0000000056302000  514       3       com.android.dx.util.LabeledList::set (45 bytes)
Event: 1.301 Thread 0x0000000056302000 nmethod 514 0x00000000027d32d0 code [0x00000000027d3500, 0x00000000027d4228]
Event: 1.301 Thread 0x0000000056302000  518       3       com.android.dx.rop.code.RegisterSpec::make (7 bytes)
Event: 1.301 Thread 0x0000000056302000 nmethod 518 0x00000000027d4a10 code [0x00000000027d4b80, 0x00000000027d4ce8]
Event: 1.301 Thread 0x0000000056302000  519   !   3       com.android.dx.cf.code.BaseMachine::arg (36 bytes)
Event: 1.301 Thread 0x0000000056302000 nmethod 519 0x00000000027d4d90 code [0x00000000027d4f20, 0x00000000027d5278]
Event: 1.301 Thread 0x0000000056302000  515   !   3       com.android.dx.cf.code.BytecodeArray::parseInstruction (2764 bytes)
Event: 1.309 Thread 0x000000005629b800  537       4       java.util.ArrayList::add (29 bytes)
Event: 1.310 Thread 0x00000000562fc000  540       4       java.util.HashMap::get (23 bytes)
Event: 1.314 Thread 0x000000005629b800 nmethod 537 0x00000000027d86d0 code [0x00000000027d8820, 0x00000000027d8b38]

GC Heap History (0 events):
No events

Deoptimization events (1 events):
Event: 1.157 Thread 0x0000000056572800 Uncommon trap: reason=unstable_if action=reinterpret pc=0x000000000279ecac method=java.util.HashMap.getNode(ILjava/lang/Object;)Ljava/util/HashMap$Node; @ 62

Internal exceptions (2 events):
Event: 0.095 Thread 0x000000000037e000 Exception <a 'java/lang/NoSuchMethodError': Method sun.misc.Unsafe.defineClass(Ljava/lang/String;[BII)Ljava/lang/Class; name or signature does not match> (0x00000000eab07c78) thrown at [C:\src\android\AOSP-openjdk\external\jetbrains\jdk\hotspot\src\share\v#ÎPb¸?
Event: 0.095 Thread 0x000000000037e000 Exception <a 'java/lang/NoSuchMethodError': Method sun.misc.Unsafe.prefetchRead(Ljava/lang/Object;J)V name or signature does not match> (0x00000000eab07f60) thrown at [C:\src\android\AOSP-openjdk\external\jetbrains\jdk\hotspot\src\share\vm\prims\jni.cpp, l

Events (10 events):
Event: 1.294 loading class com/android/dx/dex/file/DebugInfoItem
Event: 1.294 loading class com/android/dx/dex/file/DebugInfoItem done
Event: 1.294 loading class java/io/PrintWriter
Event: 1.295 loading class java/io/PrintWriter done
Event: 1.295 loading class com/android/dx/rop/annotation/AnnotationsList
Event: 1.295 loading class com/android/dx/rop/annotation/AnnotationsList done
Event: 1.296 loading class com/android/dx/dex/file/MethodIdItem
Event: 1.296 loading class com/android/dx/dex/file/MethodIdItem done
Event: 1.297 loading class com/android/dx/cf/code/SwitchList
Event: 1.297 loading class com/android/dx/cf/code/SwitchList done


Dynamic libraries:
0x000000013f7a0000 - 0x000000013f7d1000 	C:\android\jre\bin\java.exe
0x00000000776c0000 - 0x000000007786a000 	C:\Windows\SYSTEM32\ntdll.dll
0x00000000775a0000 - 0x00000000776bf000 	C:\Windows\system32\kernel32.dll
0x000007fefd6c0000 - 0x000007fefd72a000 	C:\Windows\system32\KERNELBASE.dll
0x000007fefdaf0000 - 0x000007fefdbcb000 	C:\Windows\system32\ADVAPI32.dll
0x000007fefda50000 - 0x000007fefdaef000 	C:\Windows\system32\msvcrt.dll
0x000007fefe0b0000 - 0x000007fefe0cf000 	C:\Windows\SYSTEM32\sechost.dll
0x000007fefe0d0000 - 0x000007fefe1fd000 	C:\Windows\system32\RPCRT4.dll
0x00000000774a0000 - 0x000000007759a000 	C:\Windows\system32\USER32.dll
0x000007fefe480000 - 0x000007fefe4e7000 	C:\Windows\system32\GDI32.dll
0x000007fefdbd0000 - 0x000007fefdbde000 	C:\Windows\system32\LPK.dll
0x000007fefe200000 - 0x000007fefe2cb000 	C:\Windows\system32\USP10.dll
0x000007fefc080000 - 0x000007fefc274000 	C:\Windows\WinSxS\amd64_microsoft.windows.common-controls_6595b64144ccf1df_6.0.7601.17514_none_fa396087175ac9ac\COMCTL32.dll
0x000007fefe2d0000 - 0x000007fefe341000 	C:\Windows\system32\SHLWAPI.dll
0x000007feff4a0000 - 0x000007feff4ce000 	C:\Windows\system32\IMM32.DLL
0x000007feff320000 - 0x000007feff429000 	C:\Windows\system32\MSCTF.dll
0x000007fefd5e0000 - 0x000007fefd610000 	C:\Windows\system32\nvinitx.dll
0x000007fefd5d0000 - 0x000007fefd5dc000 	C:\Windows\system32\VERSION.dll
0x0000000067060000 - 0x0000000067132000 	C:\android\jre\jre\bin\msvcr100.dll
0x0000000066750000 - 0x0000000066f8c000 	C:\android\jre\jre\bin\server\jvm.dll
0x000007fef91c0000 - 0x000007fef91c9000 	C:\Windows\system32\WSOCK32.dll
0x000007feff430000 - 0x000007feff47d000 	C:\Windows\system32\WS2_32.dll
0x000007fefd9e0000 - 0x000007fefd9e8000 	C:\Windows\system32\NSI.dll
0x000007fef8be0000 - 0x000007fef8c1b000 	C:\Windows\system32\WINMM.dll
0x0000000077890000 - 0x0000000077897000 	C:\Windows\system32\PSAPI.DLL
0x000007fefbfa0000 - 0x000007fefbfaf000 	C:\android\jre\jre\bin\verify.dll
0x000007fef7670000 - 0x000007fef7699000 	C:\android\jre\jre\bin\java.dll
0x000007fef7650000 - 0x000007fef7666000 	C:\android\jre\jre\bin\zip.dll
0x000007fefe4f0000 - 0x000007feff27b000 	C:\Windows\system32\SHELL32.dll
0x000007fefdea0000 - 0x000007fefe0a3000 	C:\Windows\system32\ole32.dll
0x000007fefd610000 - 0x000007fefd61f000 	C:\Windows\system32\profapi.dll

VM Arguments:
jvm_args: -Djava.awt.headless=true -Xmx1024M -Dfile.encoding=UTF-8 -Duser.country=CN -Duser.language=zh -Duser.variant 
java_command: com.android.dx.command.Main --dex --force-jumbo --num-threads=4 --multi-dex --output C:\Users\song\Desktop\jinmuyan\app\build\intermediates\transforms\dex\debug\folders\1000\5\slice_2 C:\Users\song\Desktop\jinmuyan\app\build\intermediates\transforms\instantRunSlicer\debug\folders\1\5\slice_2
java_class_path (initial): C:\Users\song\AppData\Local\Android\Sdk\build-tools\25.0.0\lib\dx.jar
Launcher Type: SUN_STANDARD

Environment Variables:
JAVA_HOME=C:\Program Files\Java\jdk1.8.0_111
JRE_HOME=C:\Program Files\Java\jdk1.8.0_111\jre
CLASSPATH=C:\Program Files\Java\jdk1.8.0_111\bin
PATH=C:\Program Files (x86)\NVIDIA Corporation\PhysX\Common;C:\ProgramData\Oracle\Java\javapath;C:\Windows\system32;C:\Windows;C:\Windows\System32\Wbem;C:\Windows\System32\WindowsPowerShell\v1.0\;C:\and_sdk\platform-tools;C:\and_sdk;C:\Program Files\TortoiseSVN\bin;C:\Program Files\Java\jdk1.8.0_111\bin;C:\Git\cmd;C:\Users\song\AppData\Local\Android\Sdk\ndk-bundle;C:\Users\song\AppData\Local\Programs\Fiddler
USERNAME=song
OS=Windows_NT
PROCESSOR_IDENTIFIER=Intel64 Family 6 Model 37 Stepping 5, GenuineIntel



---------------  S Y S T E M  ---------------

OS: Windows 7 , 64 bit Build 7601 (6.1.7601.23807)

CPU:total 4 (2 cores per cpu, 2 threads per core) family 6 model 37 stepping 5, cmov, cx8, fxsr, mmx, sse, sse2, sse3, ssse3, sse4.1, sse4.2, popcnt, ht, tsc, tscinvbit

Memory: 4k page, physical 3985880k(496920k free), swap 8178324k(5084k free)

vm_info: OpenJDK 64-Bit Server VM (25.112-b06) for windows-amd64 JRE (1.8.0_112-release-b06), built on Dec  8 2016 00:54:26 by "builder" with MS VC++ 10.0 (VS2010)

time: Sun Sep 17 17:53:54 2017
elapsed time: 1 seconds (0d 0h 0m 1s)

