#
# There is insufficient memory for the Java Runtime Environment to continue.
# Native memory allocation (malloc) failed to allocate 1048576 bytes for AllocateHeap
# Possible reasons:
#   The system is out of physical RAM or swap space
#   In 32 bit mode, the process size limit was hit
# Possible solutions:
#   Reduce memory load on the system
#   Increase physical memory or swap space
#   Check if swap backing store is full
#   Use 64 bit Java on a 64 bit OS
#   Decrease Java heap size (-Xmx/-Xms)
#   Decrease number of Java threads
#   Decrease Java thread stack sizes (-Xss)
#   Set larger code cache with -XX:ReservedCodeCacheSize=
# This output file may be truncated or incomplete.
#
#  Out of Memory Error (memory/allocation.inline.hpp:61), pid=39540, tid=0x00000000000097cc
#
# JRE version:  (8.0_112-b06) (build )
# Java VM: OpenJDK 64-Bit Server VM (25.112-b06 mixed mode windows-amd64 compressed oops)
# Failed to write core dump. Minidumps are not enabled by default on client versions of Windows
#

---------------  T H R E A D  ---------------

Current thread (0x000000000212e000):  JavaThread "Unknown thread" [_thread_in_vm, id=38860, stack(0x0000000002240000,0x0000000002340000)]

Stack: [0x0000000002240000,0x0000000002340000]
[error occurred during error reporting (printing stack bounds), id 0xc0000005]

Native frames: (J=compiled Java code, j=interpreted, Vv=VM code, C=native code)


---------------  P R O C E S S  ---------------

Java Threads: ( => current thread )

Other Threads:

=>0x000000000212e000 (exited) JavaThread "Unknown thread" [_thread_in_vm, id=38860, stack(0x0000000002240000,0x0000000002340000)]

VM state:not at safepoint (normal execution)

VM Mutex/Monitor currently owned by a thread: None

Heap:
 PSYoungGen      total 18432K, used 317K [0x00000000eab00000, 0x00000000ebf80000, 0x0000000100000000)
  eden space 15872K, 2% used [0x00000000eab00000,0x00000000eab4f5d0,0x00000000eba80000)
  from space 2560K, 0% used [0x00000000ebd00000,0x00000000ebd00000,0x00000000ebf80000)
  to   space 2560K, 0% used [0x00000000eba80000,0x00000000eba80000,0x00000000ebd00000)
 ParOldGen       total 42496K, used 0K [0x00000000c0000000, 0x00000000c2980000, 0x00000000eab00000)
  object space 42496K, 0% used [0x00000000c0000000,0x00000000c0000000,0x00000000c2980000)
 Metaspace       used 772K, capacity 4480K, committed 4480K, reserved 1056768K
  class space    used 73K, capacity 384K, committed 384K, reserved 1048576K

Card table byte_map: [0x0000000011700000,0x0000000011910000] byte_map_base: 0x0000000011100000

Marking Bits: (ParMarkBitMap*) 0x00000000533218f0
 Begin Bits: [0x0000000011fc0000, 0x0000000012fc0000)
 End Bits:   [0x0000000012fc0000, 0x0000000013fc0000)

Polling page: 0x0000000001c50000

CodeCache: size=245760Kb used=327Kb max_used=327Kb free=245432Kb
 bounds [0x0000000002340000, 0x00000000025b0000, 0x0000000011340000]
 total_blobs=56 nmethods=0 adapters=38
 compilation: enabled

Compilation events (0 events):
No events

GC Heap History (0 events):
No events

Deoptimization events (0 events):
No events

Internal exceptions (0 events):
No events

Events (10 events):
Event: 0.085 loading class java/lang/Short
Event: 0.085 loading class java/lang/Short done
Event: 0.085 loading class java/lang/Integer
Event: 0.085 loading class java/lang/Integer done
Event: 0.085 loading class java/lang/Long
Event: 0.085 loading class java/lang/Long done
Event: 0.086 loading class java/lang/NullPointerException
Event: 0.087 loading class java/lang/NullPointerException done
Event: 0.087 loading class java/lang/ArithmeticException
Event: 0.087 loading class java/lang/ArithmeticException done


Dynamic libraries:
0x000000013f1c0000 - 0x000000013f1f1000 	C:\android\jre\bin\java.exe
0x0000000076cf0000 - 0x0000000076e9a000 	C:\Windows\SYSTEM32\ntdll.dll
0x0000000076ad0000 - 0x0000000076bef000 	C:\Windows\system32\kernel32.dll
0x000007fefce30000 - 0x000007fefce9a000 	C:\Windows\system32\KERNELBASE.dll
0x000007fefe000000 - 0x000007fefe0db000 	C:\Windows\system32\ADVAPI32.dll
0x000007fefe0e0000 - 0x000007fefe17f000 	C:\Windows\system32\msvcrt.dll
0x000007fefea30000 - 0x000007fefea4f000 	C:\Windows\SYSTEM32\sechost.dll
0x000007fefe570000 - 0x000007fefe69d000 	C:\Windows\system32\RPCRT4.dll
0x0000000076bf0000 - 0x0000000076cea000 	C:\Windows\system32\USER32.dll
0x000007fefecb0000 - 0x000007fefed17000 	C:\Windows\system32\GDI32.dll
0x000007fefebd0000 - 0x000007fefebde000 	C:\Windows\system32\LPK.dll
0x000007fefef30000 - 0x000007fefeffb000 	C:\Windows\system32\USP10.dll
0x000007fefb6e0000 - 0x000007fefb8d4000 	C:\Windows\WinSxS\amd64_microsoft.windows.common-controls_6595b64144ccf1df_6.0.7601.17514_none_fa396087175ac9ac\COMCTL32.dll
0x000007fefd1f0000 - 0x000007fefd261000 	C:\Windows\system32\SHLWAPI.dll
0x000007fefe700000 - 0x000007fefe72e000 	C:\Windows\system32\IMM32.DLL
0x000007fefe180000 - 0x000007fefe289000 	C:\Windows\system32\MSCTF.dll
0x000007fefcc10000 - 0x000007fefcc40000 	C:\Windows\system32\nvinitx.dll
0x000007fefcc00000 - 0x000007fefcc0c000 	C:\Windows\system32\VERSION.dll
0x00000000721c0000 - 0x00000000721c6000 	C:\Program Files\NVIDIA Corporation\CoProcManager\detoured.dll
0x000007fef96f0000 - 0x000007fef9728000 	C:\Program Files\NVIDIA Corporation\CoProcManager\nvd3d9wrapx.dll
0x000007fefd010000 - 0x000007fefd1e7000 	C:\Windows\system32\SETUPAPI.dll
0x000007fefcd10000 - 0x000007fefcd46000 	C:\Windows\system32\CFGMGR32.dll
0x000007fefee50000 - 0x000007fefef27000 	C:\Windows\system32\OLEAUT32.dll
0x000007fefe360000 - 0x000007fefe563000 	C:\Windows\system32\ole32.dll
0x000007fefccf0000 - 0x000007fefcd0a000 	C:\Windows\system32\DEVOBJ.dll
0x000007fef96c0000 - 0x000007fef96e4000 	C:\Program Files\NVIDIA Corporation\CoProcManager\nvdxgiwrapx.dll
0x000000006bf50000 - 0x000000006c022000 	C:\android\jre\jre\bin\msvcr100.dll
0x0000000052b60000 - 0x000000005339c000 	C:\android\jre\jre\bin\server\jvm.dll
0x000007fef7d90000 - 0x000007fef7d99000 	C:\Windows\system32\WSOCK32.dll
0x000007fefec60000 - 0x000007fefecad000 	C:\Windows\system32\WS2_32.dll
0x000007fefe290000 - 0x000007fefe298000 	C:\Windows\system32\NSI.dll
0x000007fef8230000 - 0x000007fef826b000 	C:\Windows\system32\WINMM.dll
0x0000000076ec0000 - 0x0000000076ec7000 	C:\Windows\system32\PSAPI.DLL
0x000007fef3250000 - 0x000007fef325f000 	C:\android\jre\jre\bin\verify.dll
0x000007fef1d20000 - 0x000007fef1d49000 	C:\android\jre\jre\bin\java.dll
0x000007fef1d00000 - 0x000007fef1d16000 	C:\android\jre\jre\bin\zip.dll

VM Arguments:
jvm_args: -Djava.awt.headless=true -Xmx1024M -Dfile.encoding=UTF-8 -Duser.country=CN -Duser.language=zh -Duser.variant 
java_command: com.android.dx.command.Main --dex --force-jumbo --num-threads=4 --multi-dex --output C:\Users\song\Desktop\jinmuyan\app\build\intermediates\transforms\dex\debug\folders\1000\5\slice_3 C:\Users\song\Desktop\jinmuyan\app\build\intermediates\transforms\instantRunSlicer\debug\folders\1\5\slice_3
java_class_path (initial): C:\Users\song\AppData\Local\Android\Sdk\build-tools\25.0.0\lib\dx.jar
Launcher Type: SUN_STANDARD

Environment Variables:
JAVA_HOME=C:\Program Files\Java\jdk1.8.0_111
JRE_HOME=C:\Program Files\Java\jdk1.8.0_111\jre
CLASSPATH=C:\Program Files\Java\jdk1.8.0_111\bin
PATH=C:\Program Files (x86)\NVIDIA Corporation\PhysX\Common;C:\ProgramData\Oracle\Java\javapath;C:\Windows\system32;C:\Windows;C:\Windows\System32\Wbem;C:\Windows\System32\WindowsPowerShell\v1.0\;C:\and_sdk\platform-tools;C:\and_sdk;C:\Program Files\TortoiseSVN\bin;C:\Program Files\Java\jdk1.8.0_111\bin;C:\Git\cmd;C:\Users\song\AppData\Local\Android\Sdk\ndk-bundle;C:\Users\song\AppData\Local\Programs\Fiddler
USERNAME=song
OS=Windows_NT
PROCESSOR_IDENTIFIER=Intel64 Family 6 Model 37 Stepping 5, GenuineIntel



---------------  S Y S T E M  ---------------

OS: Windows 7 , 64 bit Build 7601 (6.1.7601.23807)

CPU:total 4 (2 cores per cpu, 2 threads per core) family 6 model 37 stepping 5, cmov, cx8, fxsr, mmx, sse, sse2, sse3, ssse3, sse4.1, sse4.2, popcnt, ht, tsc, tscinvbit

Memory: 4k page, physical 3985880k(125892k free), swap 8178324k(5124k free)

vm_info: OpenJDK 64-Bit Server VM (25.112-b06) for windows-amd64 JRE (1.8.0_112-release-b06), built on Dec  8 2016 00:54:26 by "builder" with MS VC++ 10.0 (VS2010)

time: Thu Sep 07 20:29:06 2017
elapsed time: 0 seconds (0d 0h 0m 0s)

