#
# There is insufficient memory for the Java Runtime Environment to continue.
# Native memory allocation (malloc) failed to allocate 273296 bytes for Chunk::new
# Possible reasons:
#   The system is out of physical RAM or swap space
#   In 32 bit mode, the process size limit was hit
# Possible solutions:
#   Reduce memory load on the system
#   Increase physical memory or swap space
#   Check if swap backing store is full
#   Use 64 bit Java on a 64 bit OS
#   Decrease Java heap size (-Xmx/-Xms)
#   Decrease number of Java threads
#   Decrease Java thread stack sizes (-Xss)
#   Set larger code cache with -XX:ReservedCodeCacheSize=
# This output file may be truncated or incomplete.
#
#  Out of Memory Error (allocation.cpp:390), pid=104212, tid=0x00000000000195ac
#
# JRE version: OpenJDK Runtime Environment (8.0_112-b06) (build 1.8.0_112-release-b06)
# Java VM: OpenJDK 64-Bit Server VM (25.112-b06 mixed mode windows-amd64 compressed oops)
# Failed to write core dump. Minidumps are not enabled by default on client versions of Windows
#

---------------  T H R E A D  ---------------

Current thread (0x000000005615b000):  JavaThread "C2 CompilerThread0" daemon [_thread_in_native, id=103852, stack(0x0000000056950000,0x0000000056a50000)]

Stack: [0x0000000056950000,0x0000000056a50000]
[error occurred during error reporting (printing stack bounds), id 0xc0000005]

Native frames: (J=compiled Java code, j=interpreted, Vv=VM code, C=native code)


Current CompileTask:
C2:   3688 1090   !   4       com.android.dx.cf.code.BytecodeArray::parseInstruction (2764 bytes)


---------------  P R O C E S S  ---------------

Java Threads: ( => current thread )
  0x0000000056332800 JavaThread "pool-2-thread-3" [_thread_blocked, id=104508, stack(0x0000000055ee0000,0x0000000055fe0000)]
  0x0000000056317000 JavaThread "pool-3-thread-1" [_thread_blocked, id=104916, stack(0x0000000057120000,0x0000000057220000)]
  0x0000000056171800 JavaThread "Service Thread" daemon [_thread_blocked, id=103492, stack(0x0000000056e40000,0x0000000056f40000)]
  0x000000005616c800 JavaThread "C1 CompilerThread2" daemon [_thread_blocked, id=103644, stack(0x0000000056c30000,0x0000000056d30000)]
  0x0000000054c3e000 JavaThread "C2 CompilerThread1" daemon [_thread_blocked, id=104476, stack(0x0000000056ac0000,0x0000000056bc0000)]
=>0x000000005615b000 JavaThread "C2 CompilerThread0" daemon [_thread_in_native, id=103852, stack(0x0000000056950000,0x0000000056a50000)]
  0x0000000056158800 JavaThread "Attach Listener" daemon [_thread_blocked, id=104472, stack(0x00000000567e0000,0x00000000568e0000)]
  0x0000000054c2d800 JavaThread "Signal Dispatcher" daemon [_thread_blocked, id=105324, stack(0x00000000565b0000,0x00000000566b0000)]
  0x0000000054c19000 JavaThread "Finalizer" daemon [_thread_blocked, id=105364, stack(0x0000000056050000,0x0000000056150000)]
  0x0000000054bd1800 JavaThread "Reference Handler" daemon [_thread_blocked, id=105288, stack(0x0000000055c60000,0x0000000055d60000)]
  0x000000000014e000 JavaThread "main" [_thread_blocked, id=104888, stack(0x00000000024c0000,0x00000000025c0000)]

Other Threads:
  0x0000000054bc8000 VMThread [stack: 0x0000000055dc0000,0x0000000055ec0000] [id=105360]
  0x0000000056173800 WatcherThread [stack: 0x0000000056f40000,0x0000000057040000] [id=103480]

VM state:not at safepoint (normal execution)

VM Mutex/Monitor currently owned by a thread:  ([mutex/lock_event])
[0x000000000014c280] Heap_lock - owner thread: 0x0000000056332800

Heap:
 PSYoungGen      total 18432K, used 7473K [0x00000000eab00000, 0x00000000ebf80000, 0x0000000100000000)
  eden space 15872K, 31% used [0x00000000eab00000,0x00000000eafce5d0,0x00000000eba80000)
  from space 2560K, 99% used [0x00000000ebd00000,0x00000000ebf7df90,0x00000000ebf80000)
  to   space 2560K, 0% used [0x00000000eba80000,0x00000000eba80000,0x00000000ebd00000)
 ParOldGen       total 33280K, used 3923K [0x00000000c0000000, 0x00000000c2080000, 0x00000000eab00000)
  object space 33280K, 11% used [0x00000000c0000000,0x00000000c03d4ec0,0x00000000c2080000)
 Metaspace       used 5707K, capacity 6832K, committed 7040K, reserved 1058816K
  class space    used 559K, capacity 616K, committed 640K, reserved 1048576K

Card table byte_map: [0x0000000011980000,0x0000000011b90000] byte_map_base: 0x0000000011380000

Marking Bits: (ParMarkBitMap*) 0x0000000066f118f0
 Begin Bits: [0x0000000012040000, 0x0000000013040000)
 End Bits:   [0x0000000013040000, 0x0000000014040000)

Polling page: 0x0000000000110000

CodeCache: size=245760Kb used=4576Kb max_used=4589Kb free=241183Kb
 bounds [0x00000000025c0000, 0x0000000002a40000, 0x00000000115c0000]
 total_blobs=1408 nmethods=1143 adapters=180
 compilation: enabled

Compilation events (10 events):
Event: 3.645 Thread 0x0000000054c3e000 nmethod 1125 0x0000000002a3bdd0 code [0x0000000002a3bf20, 0x0000000002a3c018]
Event: 3.645 Thread 0x0000000054c3e000 1123       4       com.android.dx.rop.code.PlainInsn::<init> (73 bytes)
Event: 3.647 Thread 0x0000000054c3e000 nmethod 1123 0x0000000002a3c190 code [0x0000000002a3c2e0, 0x0000000002a3c418]
Event: 3.647 Thread 0x0000000054c3e000 1133       4       java.util.ArrayList::grow (45 bytes)
Event: 3.650 Thread 0x0000000054c3e000 nmethod 1133 0x0000000002a3c590 code [0x0000000002a3c6e0, 0x0000000002a3c918]
Event: 3.650 Thread 0x0000000054c3e000 1132       4       com.android.dx.util.LabeledList::set (45 bytes)
Event: 3.667 Thread 0x0000000054c3e000 nmethod 1132 0x0000000002a384d0 code [0x0000000002a38640, 0x0000000002a38d38]
Event: 3.667 Thread 0x0000000054c3e000 1112       4       java.lang.Object::equals (11 bytes)
Event: 3.668 Thread 0x0000000054c3e000 nmethod 1112 0x00000000029e7dd0 code [0x00000000029e7f00, 0x00000000029e7f58]
Event: 3.668 Thread 0x0000000054c3e000 1103       4       com.android.dx.rop.code.BasicBlockList::set (12 bytes)

GC Heap History (6 events):
Event: 1.873 GC heap before
{Heap before GC invocations=1 (full 0):
 PSYoungGen      total 18432K, used 10780K [0x00000000eab00000, 0x00000000ebf80000, 0x0000000100000000)
  eden space 15872K, 67% used [0x00000000eab00000,0x00000000eb587040,0x00000000eba80000)
  from space 2560K, 0% used [0x00000000ebd00000,0x00000000ebd00000,0x00000000ebf80000)
  to   space 2560K, 0% used [0x00000000eba80000,0x00000000eba80000,0x00000000ebd00000)
 ParOldGen       total 42496K, used 0K [0x00000000c0000000, 0x00000000c2980000, 0x00000000eab00000)
  object space 42496K, 0% used [0x00000000c0000000,0x00000000c0000000,0x00000000c2980000)
 Metaspace       used 5303K, capacity 6448K, committed 6528K, reserved 1060864K
  class space    used 552K, capacity 616K, committed 640K, reserved 1048576K
Event: 1.978 GC heap after
Heap after GC invocations=1 (full 0):
 PSYoungGen      total 18432K, used 2530K [0x00000000eab00000, 0x00000000ebf80000, 0x0000000100000000)
  eden space 15872K, 0% used [0x00000000eab00000,0x00000000eab00000,0x00000000eba80000)
  from space 2560K, 98% used [0x00000000eba80000,0x00000000ebcf8820,0x00000000ebd00000)
  to   space 2560K, 0% used [0x00000000ebd00000,0x00000000ebd00000,0x00000000ebf80000)
 ParOldGen       total 42496K, used 938K [0x00000000c0000000, 0x00000000c2980000, 0x00000000eab00000)
  object space 42496K, 2% used [0x00000000c0000000,0x00000000c00eabc8,0x00000000c2980000)
 Metaspace       used 5303K, capacity 6448K, committed 6528K, reserved 1060864K
  class space    used 552K, capacity 616K, committed 640K, reserved 1048576K
}
Event: 1.978 GC heap before
{Heap before GC invocations=2 (full 1):
 PSYoungGen      total 18432K, used 2530K [0x00000000eab00000, 0x00000000ebf80000, 0x0000000100000000)
  eden space 15872K, 0% used [0x00000000eab00000,0x00000000eab00000,0x00000000eba80000)
  from space 2560K, 98% used [0x00000000eba80000,0x00000000ebcf8820,0x00000000ebd00000)
  to   space 2560K, 0% used [0x00000000ebd00000,0x00000000ebd00000,0x00000000ebf80000)
 ParOldGen       total 42496K, used 938K [0x00000000c0000000, 0x00000000c2980000, 0x00000000eab00000)
  object space 42496K, 2% used [0x00000000c0000000,0x00000000c00eabc8,0x00000000c2980000)
 Metaspace       used 5303K, capacity 6448K, committed 6528K, reserved 1060864K
  class space    used 552K, capacity 616K, committed 640K, reserved 1048576K
Event: 2.455 GC heap after
Heap after GC invocations=2 (full 1):
 PSYoungGen      total 18432K, used 0K [0x00000000eab00000, 0x00000000ebf80000, 0x0000000100000000)
  eden space 15872K, 0% used [0x00000000eab00000,0x00000000eab00000,0x00000000eba80000)
  from space 2560K, 0% used [0x00000000eba80000,0x00000000eba80000,0x00000000ebd00000)
  to   space 2560K, 0% used [0x00000000ebd00000,0x00000000ebd00000,0x00000000ebf80000)
 ParOldGen       total 33280K, used 3339K [0x00000000c0000000, 0x00000000c2080000, 0x00000000eab00000)
  object space 33280K, 10% used [0x00000000c0000000,0x00000000c0342eb0,0x00000000c2080000)
 Metaspace       used 5303K, capacity 6448K, committed 6528K, reserved 1058816K
  class space    used 552K, capacity 616K, committed 640K, reserved 1048576K
}
Event: 3.281 GC heap before
{Heap before GC invocations=3 (full 1):
 PSYoungGen      total 18432K, used 15872K [0x00000000eab00000, 0x00000000ebf80000, 0x0000000100000000)
  eden space 15872K, 100% used [0x00000000eab00000,0x00000000eba80000,0x00000000eba80000)
  from space 2560K, 0% used [0x00000000eba80000,0x00000000eba80000,0x00000000ebd00000)
  to   space 2560K, 0% used [0x00000000ebd00000,0x00000000ebd00000,0x00000000ebf80000)
 ParOldGen       total 33280K, used 3339K [0x00000000c0000000, 0x00000000c2080000, 0x00000000eab00000)
  object space 33280K, 10% used [0x00000000c0000000,0x00000000c0342eb0,0x00000000c2080000)
 Metaspace       used 5679K, capacity 6832K, committed 7040K, reserved 1058816K
  class space    used 558K, capacity 616K, committed 640K, reserved 1048576K
Event: 3.387 GC heap after
Heap after GC invocations=3 (full 1):
 PSYoungGen      total 18432K, used 2551K [0x00000000eab00000, 0x00000000ebf80000, 0x0000000100000000)
  eden space 15872K, 0% used [0x00000000eab00000,0x00000000eab00000,0x00000000eba80000)
  from space 2560K, 99% used [0x00000000ebd00000,0x00000000ebf7df90,0x00000000ebf80000)
  to   space 2560K, 0% used [0x00000000eba80000,0x00000000eba80000,0x00000000ebd00000)
 ParOldGen       total 33280K, used 3923K [0x00000000c0000000, 0x00000000c2080000, 0x00000000eab00000)
  object space 33280K, 11% used [0x00000000c0000000,0x00000000c03d4ec0,0x00000000c2080000)
 Metaspace       used 5679K, capacity 6832K, committed 7040K, reserved 1058816K
  class space    used 558K, capacity 616K, committed 640K, reserved 1048576K
}

Deoptimization events (10 events):
Event: 3.056 Thread 0x0000000056332800 Uncommon trap: reason=unstable_if action=reinterpret pc=0x00000000028b8d18 method=com.android.dx.ssa.NormalSsaInsn.getLocalAssignment()Lcom/android/dx/rop/code/RegisterSpec; @ 12
Event: 3.056 Thread 0x0000000056332800 Uncommon trap: reason=unstable_if action=reinterpret pc=0x00000000028a78a0 method=com.android.dx.ssa.NormalSsaInsn.getLocalAssignment()Lcom/android/dx/rop/code/RegisterSpec; @ 12
Event: 3.057 Thread 0x0000000056332800 Uncommon trap: reason=unstable_if action=reinterpret pc=0x00000000027c0ba0 method=java.util.HashMap.getNode(ILjava/lang/Object;)Ljava/util/HashMap$Node; @ 129
Event: 3.088 Thread 0x0000000056316800 Uncommon trap: reason=unstable_if action=reinterpret pc=0x00000000028a6a94 method=com.android.dx.rop.code.RegisterSpec.equals(ILcom/android/dx/rop/type/TypeBearer;Lcom/android/dx/rop/code/LocalItem;)Z @ 24
Event: 3.111 Thread 0x0000000056316800 Uncommon trap: reason=unstable_if action=reinterpret pc=0x00000000027bd720 method=java.util.BitSet.nextSetBit(I)I @ 87
Event: 3.198 Thread 0x0000000056332800 Uncommon trap: reason=unstable_if action=reinterpret pc=0x00000000027c4074 method=com.android.dx.rop.code.RegisterSpec.equals(ILcom/android/dx/rop/type/TypeBearer;Lcom/android/dx/rop/code/LocalItem;)Z @ 24
Event: 3.201 Thread 0x0000000056332800 Uncommon trap: reason=unloaded action=reinterpret pc=0x00000000029ba1d8 method=com.android.dx.ssa.SsaRenamer$BlockRenamer.visitMoveInsn(Lcom/android/dx/ssa/NormalSsaInsn;)V @ 208
Event: 3.204 Thread 0x0000000056332800 Uncommon trap: reason=unstable_if action=reinterpret pc=0x0000000002870a7c method=com.android.dx.rop.code.RegisterSpec.equals(ILcom/android/dx/rop/type/TypeBearer;Lcom/android/dx/rop/code/LocalItem;)Z @ 24
Event: 3.402 Thread 0x0000000056323000 Uncommon trap: reason=unstable_if action=reinterpret pc=0x00000000029e51d8 method=com.android.dx.rop.code.RegisterSpec.withReg(I)Lcom/android/dx/rop/code/RegisterSpec; @ 5
Event: 3.559 Thread 0x0000000056242800 Uncommon trap: reason=class_check action=maybe_recompile pc=0x00000000029ef5dc method=com.android.dx.ssa.NormalSsaInsn.accept(Lcom/android/dx/ssa/SsaInsn$Visitor;)V @ 9

Internal exceptions (4 events):
Event: 0.057 Thread 0x000000000014e000 Exception <a 'java/lang/NoSuchMethodError': Method sun.misc.Unsafe.defineClass(Ljava/lang/String;[BII)Ljava/lang/Class; name or signature does not match> (0x00000000eab07c78) thrown at [C:\src\android\AOSP-openjdk\external\jetbrains\jdk\hotspot\src\share\v sÌèI≠?
Event: 0.057 Thread 0x000000000014e000 Exception <a 'java/lang/NoSuchMethodError': Method sun.misc.Unsafe.prefetchRead(Ljava/lang/Object;J)V name or signature does not match> (0x00000000eab07f60) thrown at [C:\src\android\AOSP-openjdk\external\jetbrains\jdk\hotspot\src\share\vm\prims\jni.cpp, l/x`∆n1@
Event: 3.024 Thread 0x0000000056316800 Implicit null exception at 0x00000000028bac34 to 0x00000000028bc639
Event: 3.024 Thread 0x0000000056316800 Implicit null exception at 0x000000000285ac68 to 0x000000000285c4f1

Events (10 events):
Event: 3.402 Thread 0x0000000056323000 DEOPT PACKING pc=0x00000000029e51d8 sp=0x00000000573de8d0
Event: 3.402 Thread 0x0000000056323000 DEOPT UNPACKING pc=0x000000000260556a sp=0x00000000573de850 mode 2
Event: 3.542 loading class com/android/dx/dex/file/MethodAnnotationStruct
Event: 3.542 loading class com/android/dx/dex/file/MethodAnnotationStruct done
Event: 3.559 Thread 0x0000000056242800 Uncommon trap: trap_request=0xffffffde fr.pc=0x00000000029ef5dc
Event: 3.559 Thread 0x0000000056242800 DEOPT PACKING pc=0x00000000029ef5dc sp=0x00000000575ceba0
Event: 3.559 Thread 0x0000000056242800 DEOPT UNPACKING pc=0x000000000260556a sp=0x00000000575cebd0 mode 2
Event: 3.585 Thread 0x0000000056323000 Thread exited: 0x0000000056323000
Event: 3.621 Thread 0x0000000056316800 Thread exited: 0x0000000056316800
Event: 3.623 Thread 0x0000000056242800 Thread exited: 0x0000000056242800


Dynamic libraries:
0x000000013f7a0000 - 0x000000013f7d1000 	C:\android\jre\bin\java.exe
0x00000000776c0000 - 0x000000007786a000 	C:\Windows\SYSTEM32\ntdll.dll
0x00000000775a0000 - 0x00000000776bf000 	C:\Windows\system32\kernel32.dll
0x000007fefd6c0000 - 0x000007fefd72a000 	C:\Windows\system32\KERNELBASE.dll
0x000007fefdaf0000 - 0x000007fefdbcb000 	C:\Windows\system32\ADVAPI32.dll
0x000007fefda50000 - 0x000007fefdaef000 	C:\Windows\system32\msvcrt.dll
0x000007fefe0b0000 - 0x000007fefe0cf000 	C:\Windows\SYSTEM32\sechost.dll
0x000007fefe0d0000 - 0x000007fefe1fd000 	C:\Windows\system32\RPCRT4.dll
0x00000000774a0000 - 0x000000007759a000 	C:\Windows\system32\USER32.dll
0x000007fefe480000 - 0x000007fefe4e7000 	C:\Windows\system32\GDI32.dll
0x000007fefdbd0000 - 0x000007fefdbde000 	C:\Windows\system32\LPK.dll
0x000007fefe200000 - 0x000007fefe2cb000 	C:\Windows\system32\USP10.dll
0x000007fefc080000 - 0x000007fefc274000 	C:\Windows\WinSxS\amd64_microsoft.windows.common-controls_6595b64144ccf1df_6.0.7601.17514_none_fa396087175ac9ac\COMCTL32.dll
0x000007fefe2d0000 - 0x000007fefe341000 	C:\Windows\system32\SHLWAPI.dll
0x000007feff4a0000 - 0x000007feff4ce000 	C:\Windows\system32\IMM32.DLL
0x000007feff320000 - 0x000007feff429000 	C:\Windows\system32\MSCTF.dll
0x000007fefd5e0000 - 0x000007fefd610000 	C:\Windows\system32\nvinitx.dll
0x000007fefd5d0000 - 0x000007fefd5dc000 	C:\Windows\system32\VERSION.dll
0x0000000067060000 - 0x0000000067132000 	C:\android\jre\jre\bin\msvcr100.dll
0x0000000066750000 - 0x0000000066f8c000 	C:\android\jre\jre\bin\server\jvm.dll
0x000007fef91c0000 - 0x000007fef91c9000 	C:\Windows\system32\WSOCK32.dll
0x000007feff430000 - 0x000007feff47d000 	C:\Windows\system32\WS2_32.dll
0x000007fefd9e0000 - 0x000007fefd9e8000 	C:\Windows\system32\NSI.dll
0x000007fef8be0000 - 0x000007fef8c1b000 	C:\Windows\system32\WINMM.dll
0x0000000077890000 - 0x0000000077897000 	C:\Windows\system32\PSAPI.DLL
0x000007fefbfa0000 - 0x000007fefbfaf000 	C:\android\jre\jre\bin\verify.dll
0x000007fef7670000 - 0x000007fef7699000 	C:\android\jre\jre\bin\java.dll
0x000007fef7650000 - 0x000007fef7666000 	C:\android\jre\jre\bin\zip.dll
0x000007fefe4f0000 - 0x000007feff27b000 	C:\Windows\system32\SHELL32.dll
0x000007fefdea0000 - 0x000007fefe0a3000 	C:\Windows\system32\ole32.dll
0x000007fefd610000 - 0x000007fefd61f000 	C:\Windows\system32\profapi.dll

VM Arguments:
jvm_args: -Djava.awt.headless=true -Xmx1024M -Dfile.encoding=UTF-8 -Duser.country=CN -Duser.language=zh -Duser.variant 
java_command: com.android.dx.command.Main --dex --force-jumbo --num-threads=4 --multi-dex --output C:\Users\song\Desktop\jinmuyan\app\build\intermediates\transforms\dex\debug\folders\1000\5\slice_0 C:\Users\song\Desktop\jinmuyan\app\build\intermediates\transforms\instantRunSlicer\debug\folders\1\5\slice_0
java_class_path (initial): C:\Users\song\AppData\Local\Android\Sdk\build-tools\25.0.0\lib\dx.jar
Launcher Type: SUN_STANDARD

Environment Variables:
JAVA_HOME=C:\Program Files\Java\jdk1.8.0_111
JRE_HOME=C:\Program Files\Java\jdk1.8.0_111\jre
CLASSPATH=C:\Program Files\Java\jdk1.8.0_111\bin
PATH=C:\Program Files (x86)\NVIDIA Corporation\PhysX\Common;C:\ProgramData\Oracle\Java\javapath;C:\Windows\system32;C:\Windows;C:\Windows\System32\Wbem;C:\Windows\System32\WindowsPowerShell\v1.0\;C:\and_sdk\platform-tools;C:\and_sdk;C:\Program Files\TortoiseSVN\bin;C:\Program Files\Java\jdk1.8.0_111\bin;C:\Git\cmd;C:\Users\song\AppData\Local\Android\Sdk\ndk-bundle;C:\Users\song\AppData\Local\Programs\Fiddler
USERNAME=song
OS=Windows_NT
PROCESSOR_IDENTIFIER=Intel64 Family 6 Model 37 Stepping 5, GenuineIntel



---------------  S Y S T E M  ---------------

OS: Windows 7 , 64 bit Build 7601 (6.1.7601.23807)

CPU:total 4 (2 cores per cpu, 2 threads per core) family 6 model 37 stepping 5, cmov, cx8, fxsr, mmx, sse, sse2, sse3, ssse3, sse4.1, sse4.2, popcnt, ht, tsc, tscinvbit

Memory: 4k page, physical 3985880k(437132k free), swap 8178324k(3284k free)

vm_info: OpenJDK 64-Bit Server VM (25.112-b06) for windows-amd64 JRE (1.8.0_112-release-b06), built on Dec  8 2016 00:54:26 by "builder" with MS VC++ 10.0 (VS2010)

time: Sun Sep 17 17:53:37 2017
elapsed time: 3 seconds (0d 0h 0m 3s)

