#
# There is insufficient memory for the Java Runtime Environment to continue.
# Native memory allocation (malloc) failed to allocate 492336 bytes for Chunk::new
# Possible reasons:
#   The system is out of physical RAM or swap space
#   In 32 bit mode, the process size limit was hit
# Possible solutions:
#   Reduce memory load on the system
#   Increase physical memory or swap space
#   Check if swap backing store is full
#   Use 64 bit Java on a 64 bit OS
#   Decrease Java heap size (-Xmx/-Xms)
#   Decrease number of Java threads
#   Decrease Java thread stack sizes (-Xss)
#   Set larger code cache with -XX:ReservedCodeCacheSize=
# This output file may be truncated or incomplete.
#
#  Out of Memory Error (allocation.cpp:390), pid=105160, tid=0x0000000000018d5c
#
# JRE version: OpenJDK Runtime Environment (8.0_112-b06) (build 1.8.0_112-release-b06)
# Java VM: OpenJDK 64-Bit Server VM (25.112-b06 mixed mode windows-amd64 compressed oops)
# Failed to write core dump. Minidumps are not enabled by default on client versions of Windows
#

---------------  T H R E A D  ---------------

Current thread (0x0000000055fdb800):  JavaThread "C2 CompilerThread0" daemon [_thread_in_native, id=101724, stack(0x0000000056880000,0x0000000056980000)]

Stack: [0x0000000056880000,0x0000000056980000]
[error occurred during error reporting (printing stack bounds), id 0xc0000005]

Native frames: (J=compiled Java code, j=interpreted, Vv=VM code, C=native code)


Current CompileTask:
C2:   3901 1219   !   4       com.android.dx.cf.code.BytecodeArray::parseInstruction (2764 bytes)


---------------  P R O C E S S  ---------------

Java Threads: ( => current thread )
  0x00000000562f9000 JavaThread "pool-2-thread-4" [_thread_in_Java, id=104580, stack(0x0000000057520000,0x0000000057620000)]
  0x00000000562ef000 JavaThread "pool-2-thread-3" [_thread_in_Java, id=105148, stack(0x0000000057420000,0x0000000057520000)]
  0x00000000562e9000 JavaThread "pool-2-thread-2" [_thread_in_Java, id=104576, stack(0x0000000056c80000,0x0000000056d80000)]
  0x0000000056186800 JavaThread "pool-3-thread-1" [_thread_blocked, id=103344, stack(0x00000000572b0000,0x00000000573b0000)]
  0x0000000056186000 JavaThread "pool-2-thread-1" [_thread_blocked, id=103720, stack(0x00000000570e0000,0x00000000571e0000)]
  0x0000000056056800 JavaThread "Service Thread" daemon [_thread_blocked, id=104160, stack(0x0000000056dd0000,0x0000000056ed0000)]
  0x0000000055ff1800 JavaThread "C1 CompilerThread2" daemon [_thread_in_native, id=97832, stack(0x0000000056b40000,0x0000000056c40000)]
  0x0000000055ff0000 JavaThread "C2 CompilerThread1" daemon [_thread_in_native, id=104796, stack(0x0000000056a20000,0x0000000056b20000)]
=>0x0000000055fdb800 JavaThread "C2 CompilerThread0" daemon [_thread_in_native, id=101724, stack(0x0000000056880000,0x0000000056980000)]
  0x0000000055fda800 JavaThread "Attach Listener" daemon [_thread_blocked, id=104592, stack(0x00000000566e0000,0x00000000567e0000)]
  0x0000000054c1d000 JavaThread "Signal Dispatcher" daemon [_thread_blocked, id=105080, stack(0x0000000056500000,0x0000000056600000)]
  0x0000000054c0a800 JavaThread "Finalizer" daemon [_thread_blocked, id=105352, stack(0x0000000055d60000,0x0000000055e60000)]
  0x0000000054bc3800 JavaThread "Reference Handler" daemon [_thread_blocked, id=105340, stack(0x0000000055ed0000,0x0000000055fd0000)]
  0x00000000020ee000 JavaThread "main" [_thread_in_vm, id=105268, stack(0x0000000002300000,0x0000000002400000)]

Other Threads:
  0x0000000054bba000 VMThread [stack: 0x0000000055c00000,0x0000000055d00000] [id=104384]
  0x0000000056058000 WatcherThread [stack: 0x0000000056fc0000,0x00000000570c0000] [id=104832]

VM state:not at safepoint (normal execution)

VM Mutex/Monitor currently owned by a thread:  ([mutex/lock_event])
[0x00000000020ec400] CompiledIC_lock - owner thread: 0x0000000055ff1800

Heap:
 PSYoungGen      total 18432K, used 17520K [0x00000000eab00000, 0x00000000ecc00000, 0x0000000100000000)
  eden space 15872K, 94% used [0x00000000eab00000,0x00000000eb9a0258,0x00000000eba80000)
  from space 2560K, 99% used [0x00000000ebd00000,0x00000000ebf7c018,0x00000000ebf80000)
  to   space 2560K, 0% used [0x00000000eba80000,0x00000000eba80000,0x00000000ebd00000)
 ParOldGen       total 27136K, used 4280K [0x00000000c0000000, 0x00000000c1a80000, 0x00000000eab00000)
  object space 27136K, 15% used [0x00000000c0000000,0x00000000c042e238,0x00000000c1a80000)
 Metaspace       used 5750K, capacity 6896K, committed 7040K, reserved 1058816K
  class space    used 562K, capacity 616K, committed 640K, reserved 1048576K

Card table byte_map: [0x00000000117c0000,0x00000000119d0000] byte_map_base: 0x00000000111c0000

Marking Bits: (ParMarkBitMap*) 0x0000000066f118f0
 Begin Bits: [0x0000000012030000, 0x0000000013030000)
 End Bits:   [0x0000000013030000, 0x0000000014030000)

Polling page: 0x00000000001b0000

CodeCache: size=245760Kb used=4968Kb max_used=4968Kb free=240791Kb
 bounds [0x0000000002400000, 0x00000000028e0000, 0x0000000011400000]
 total_blobs=1502 nmethods=1239 adapters=177
 compilation: disabled (not enough contiguous free space left)

Compilation events (10 events):
Event: 3.893 Thread 0x0000000055ff1800 1256       3       java.util.HashMap$HashIterator::nextNode (100 bytes)
Event: 3.893 Thread 0x0000000055ff1800 nmethod 1256 0x00000000028d5a90 code [0x00000000028d5c40, 0x00000000028d6118]
Event: 3.893 Thread 0x0000000055ff1800 1255       3       com.android.dx.ssa.DeadCodeRemover::<init> (44 bytes)
Event: 3.894 Thread 0x0000000055ff0000 nmethod 1197 0x00000000028d6350 code [0x00000000028d6660, 0x00000000028d7700]
Event: 3.894 Thread 0x0000000055ff1800 nmethod 1255 0x00000000028d4890 code [0x00000000028d4a20, 0x00000000028d4e18]
Event: 3.894 Thread 0x0000000055ff1800 1257       3       java.util.HashMap$EntryIterator::next (5 bytes)
Event: 3.894 Thread 0x0000000055ff0000 1238       4       com.android.dx.ssa.NormalSsaInsn::accept (25 bytes)
Event: 3.894 Thread 0x0000000055ff1800 nmethod 1257 0x00000000028d4390 code [0x00000000028d4500, 0x00000000028d47e8]
Event: 3.894 Thread 0x0000000055ff1800 1258       3       java.util.HashMap$EntryIterator::next (5 bytes)
Event: 3.894 Thread 0x0000000055ff1800 nmethod 1258 0x00000000028d3f90 code [0x00000000028d4100, 0x00000000028d4308]

GC Heap History (6 events):
Event: 2.012 GC heap before
{Heap before GC invocations=1 (full 0):
 PSYoungGen      total 18432K, used 10289K [0x00000000eab00000, 0x00000000ebf80000, 0x0000000100000000)
  eden space 15872K, 64% used [0x00000000eab00000,0x00000000eb50c578,0x00000000eba80000)
  from space 2560K, 0% used [0x00000000ebd00000,0x00000000ebd00000,0x00000000ebf80000)
  to   space 2560K, 0% used [0x00000000eba80000,0x00000000eba80000,0x00000000ebd00000)
 ParOldGen       total 42496K, used 0K [0x00000000c0000000, 0x00000000c2980000, 0x00000000eab00000)
  object space 42496K, 0% used [0x00000000c0000000,0x00000000c0000000,0x00000000c2980000)
 Metaspace       used 5252K, capacity 6448K, committed 6528K, reserved 1058816K
  class space    used 549K, capacity 616K, committed 640K, reserved 1048576K
Event: 2.072 GC heap after
Heap after GC invocations=1 (full 0):
 PSYoungGen      total 18432K, used 2546K [0x00000000eab00000, 0x00000000ebf80000, 0x0000000100000000)
  eden space 15872K, 0% used [0x00000000eab00000,0x00000000eab00000,0x00000000eba80000)
  from space 2560K, 99% used [0x00000000eba80000,0x00000000ebcfcbe0,0x00000000ebd00000)
  to   space 2560K, 0% used [0x00000000ebd00000,0x00000000ebd00000,0x00000000ebf80000)
 ParOldGen       total 42496K, used 645K [0x00000000c0000000, 0x00000000c2980000, 0x00000000eab00000)
  object space 42496K, 1% used [0x00000000c0000000,0x00000000c00a1550,0x00000000c2980000)
 Metaspace       used 5252K, capacity 6448K, committed 6528K, reserved 1058816K
  class space    used 549K, capacity 616K, committed 640K, reserved 1048576K
}
Event: 2.072 GC heap before
{Heap before GC invocations=2 (full 1):
 PSYoungGen      total 18432K, used 2546K [0x00000000eab00000, 0x00000000ebf80000, 0x0000000100000000)
  eden space 15872K, 0% used [0x00000000eab00000,0x00000000eab00000,0x00000000eba80000)
  from space 2560K, 99% used [0x00000000eba80000,0x00000000ebcfcbe0,0x00000000ebd00000)
  to   space 2560K, 0% used [0x00000000ebd00000,0x00000000ebd00000,0x00000000ebf80000)
 ParOldGen       total 42496K, used 645K [0x00000000c0000000, 0x00000000c2980000, 0x00000000eab00000)
  object space 42496K, 1% used [0x00000000c0000000,0x00000000c00a1550,0x00000000c2980000)
 Metaspace       used 5252K, capacity 6448K, committed 6528K, reserved 1058816K
  class space    used 549K, capacity 616K, committed 640K, reserved 1048576K
Event: 2.122 GC heap after
Heap after GC invocations=2 (full 1):
 PSYoungGen      total 18432K, used 0K [0x00000000eab00000, 0x00000000ebf80000, 0x0000000100000000)
  eden space 15872K, 0% used [0x00000000eab00000,0x00000000eab00000,0x00000000eba80000)
  from space 2560K, 0% used [0x00000000eba80000,0x00000000eba80000,0x00000000ebd00000)
  to   space 2560K, 0% used [0x00000000ebd00000,0x00000000ebd00000,0x00000000ebf80000)
 ParOldGen       total 27136K, used 3087K [0x00000000c0000000, 0x00000000c1a80000, 0x00000000eab00000)
  object space 27136K, 11% used [0x00000000c0000000,0x00000000c0303dc0,0x00000000c1a80000)
 Metaspace       used 5252K, capacity 6448K, committed 6528K, reserved 1058816K
  class space    used 549K, capacity 616K, committed 640K, reserved 1048576K
}
Event: 2.941 GC heap before
{Heap before GC invocations=3 (full 1):
 PSYoungGen      total 18432K, used 15872K [0x00000000eab00000, 0x00000000ebf80000, 0x0000000100000000)
  eden space 15872K, 100% used [0x00000000eab00000,0x00000000eba80000,0x00000000eba80000)
  from space 2560K, 0% used [0x00000000eba80000,0x00000000eba80000,0x00000000ebd00000)
  to   space 2560K, 0% used [0x00000000ebd00000,0x00000000ebd00000,0x00000000ebf80000)
 ParOldGen       total 27136K, used 3087K [0x00000000c0000000, 0x00000000c1a80000, 0x00000000eab00000)
  object space 27136K, 11% used [0x00000000c0000000,0x00000000c0303dc0,0x00000000c1a80000)
 Metaspace       used 5646K, capacity 6832K, committed 7040K, reserved 1058816K
  class space    used 553K, capacity 616K, committed 640K, reserved 1048576K
Event: 3.113 GC heap after
Heap after GC invocations=3 (full 1):
 PSYoungGen      total 18432K, used 2544K [0x00000000eab00000, 0x00000000ecc00000, 0x0000000100000000)
  eden space 15872K, 0% used [0x00000000eab00000,0x00000000eab00000,0x00000000eba80000)
  from space 2560K, 99% used [0x00000000ebd00000,0x00000000ebf7c018,0x00000000ebf80000)
  to   space 2560K, 0% used [0x00000000eba80000,0x00000000eba80000,0x00000000ebd00000)
 ParOldGen       total 27136K, used 4280K [0x00000000c0000000, 0x00000000c1a80000, 0x00000000eab00000)
  object space 27136K, 15% used [0x00000000c0000000,0x00000000c042e238,0x00000000c1a80000)
 Metaspace       used 5646K, capacity 6832K, committed 7040K, reserved 1058816K
  class space    used 553K, capacity 616K, committed 640K, reserved 1048576K
}

Deoptimization events (10 events):
Event: 3.466 Thread 0x00000000562f9000 Uncommon trap: reason=bimorphic action=maybe_recompile pc=0x00000000027bc488 method=com.android.dx.cf.code.BytecodeArray.parseInstruction(ILcom/android/dx/cf/code/BytecodeArray$Visitor;)I @ 1287
Event: 3.466 Thread 0x00000000562f9000 Uncommon trap: reason=bimorphic action=maybe_recompile pc=0x00000000027bc488 method=com.android.dx.cf.code.BytecodeArray.parseInstruction(ILcom/android/dx/cf/code/BytecodeArray$Visitor;)I @ 1287
Event: 3.836 Thread 0x00000000562f9000 Uncommon trap: reason=unloaded action=reinterpret pc=0x00000000027f1b88 method=com.android.dx.ssa.SsaRenamer$BlockRenamer.visitMoveInsn(Lcom/android/dx/ssa/NormalSsaInsn;)V @ 208
Event: 3.836 Thread 0x00000000562f9000 Uncommon trap: reason=unstable_if action=reinterpret pc=0x00000000028299c0 method=com.android.dx.ssa.NormalSsaInsn.getLocalAssignment()Lcom/android/dx/rop/code/RegisterSpec; @ 12
Event: 3.836 Thread 0x00000000562f9000 Uncommon trap: reason=unstable_if action=reinterpret pc=0x000000000281f3d8 method=com.android.dx.ssa.NormalSsaInsn.getLocalAssignment()Lcom/android/dx/rop/code/RegisterSpec; @ 12
Event: 3.836 Thread 0x00000000562f9000 Uncommon trap: reason=unstable_if action=reinterpret pc=0x000000000273bfe0 method=com.android.dx.ssa.NormalSsaInsn.getLocalAssignment()Lcom/android/dx/rop/code/RegisterSpec; @ 12
Event: 3.837 Thread 0x00000000562f9000 Uncommon trap: reason=unstable_if action=reinterpret pc=0x0000000002897460 method=com.android.dx.ssa.NormalSsaInsn.getLocalAssignment()Lcom/android/dx/rop/code/RegisterSpec; @ 12
Event: 3.838 Thread 0x00000000562f9000 Uncommon trap: reason=unstable_if action=reinterpret pc=0x0000000002895a60 method=com.android.dx.rop.code.Insn.getLocalAssignment()Lcom/android/dx/rop/code/RegisterSpec; @ 9
Event: 3.849 Thread 0x00000000562ef000 Uncommon trap: reason=unstable_if action=reinterpret pc=0x00000000028b8e38 method=com.android.dx.ssa.SsaMethod.isRegALocal(Lcom/android/dx/rop/code/RegisterSpec;)Z @ 80
Event: 3.894 Thread 0x00000000562e9000 Uncommon trap: reason=unstable_if action=reinterpret pc=0x00000000028a0e90 method=com.android.dx.cf.code.BasicBlocker.addWorkIfNecessary(IZ)V @ 8

Internal exceptions (2 events):
Event: 0.122 Thread 0x00000000020ee000 Exception <a 'java/lang/NoSuchMethodError': Method sun.misc.Unsafe.defineClass(Ljava/lang/String;[BII)Ljava/lang/Class; name or signature does not match> (0x00000000eab07c78) thrown at [C:\src\android\AOSP-openjdk\external\jetbrains\jdk\hotspot\src\share\vòÁ4üäC¿?
Event: 0.122 Thread 0x00000000020ee000 Exception <a 'java/lang/NoSuchMethodError': Method sun.misc.Unsafe.prefetchRead(Ljava/lang/Object;J)V name or signature does not match> (0x00000000eab07f60) thrown at [C:\src\android\AOSP-openjdk\external\jetbrains\jdk\hotspot\src\share\vm\prims\jni.cpp, l

Events (10 events):
Event: 3.843 loading class com/android/dx/dex/file/FieldAnnotationStruct
Event: 3.843 loading class com/android/dx/dex/file/FieldAnnotationStruct done
Event: 3.849 Thread 0x00000000562ef000 Uncommon trap: trap_request=0xffffff65 fr.pc=0x00000000028b8e38
Event: 3.849 Thread 0x00000000562ef000 DEOPT PACKING pc=0x00000000028b8e38 sp=0x000000005751ea10
Event: 3.849 Thread 0x00000000562ef000 DEOPT UNPACKING pc=0x000000000244556a sp=0x000000005751e918 mode 2
Event: 3.883 loading class com/android/dx/cf/direct/DirectClassFile$DcfTypeList
Event: 3.883 loading class com/android/dx/cf/direct/DirectClassFile$DcfTypeList done
Event: 3.894 Thread 0x00000000562e9000 Uncommon trap: trap_request=0xffffff65 fr.pc=0x00000000028a0e90
Event: 3.894 Thread 0x00000000562e9000 DEOPT PACKING pc=0x00000000028a0e90 sp=0x0000000056d7e6a0
Event: 3.894 Thread 0x00000000562e9000 DEOPT UNPACKING pc=0x000000000244556a sp=0x0000000056d7e658 mode 2


Dynamic libraries:
0x000000013f7a0000 - 0x000000013f7d1000 	C:\android\jre\bin\java.exe
0x00000000776c0000 - 0x000000007786a000 	C:\Windows\SYSTEM32\ntdll.dll
0x00000000775a0000 - 0x00000000776bf000 	C:\Windows\system32\kernel32.dll
0x000007fefd6c0000 - 0x000007fefd72a000 	C:\Windows\system32\KERNELBASE.dll
0x000007fefdaf0000 - 0x000007fefdbcb000 	C:\Windows\system32\ADVAPI32.dll
0x000007fefda50000 - 0x000007fefdaef000 	C:\Windows\system32\msvcrt.dll
0x000007fefe0b0000 - 0x000007fefe0cf000 	C:\Windows\SYSTEM32\sechost.dll
0x000007fefe0d0000 - 0x000007fefe1fd000 	C:\Windows\system32\RPCRT4.dll
0x00000000774a0000 - 0x000000007759a000 	C:\Windows\system32\USER32.dll
0x000007fefe480000 - 0x000007fefe4e7000 	C:\Windows\system32\GDI32.dll
0x000007fefdbd0000 - 0x000007fefdbde000 	C:\Windows\system32\LPK.dll
0x000007fefe200000 - 0x000007fefe2cb000 	C:\Windows\system32\USP10.dll
0x000007fefc080000 - 0x000007fefc274000 	C:\Windows\WinSxS\amd64_microsoft.windows.common-controls_6595b64144ccf1df_6.0.7601.17514_none_fa396087175ac9ac\COMCTL32.dll
0x000007fefe2d0000 - 0x000007fefe341000 	C:\Windows\system32\SHLWAPI.dll
0x000007feff4a0000 - 0x000007feff4ce000 	C:\Windows\system32\IMM32.DLL
0x000007feff320000 - 0x000007feff429000 	C:\Windows\system32\MSCTF.dll
0x000007fefd5e0000 - 0x000007fefd610000 	C:\Windows\system32\nvinitx.dll
0x000007fefd5d0000 - 0x000007fefd5dc000 	C:\Windows\system32\VERSION.dll
0x0000000067060000 - 0x0000000067132000 	C:\android\jre\jre\bin\msvcr100.dll
0x0000000066750000 - 0x0000000066f8c000 	C:\android\jre\jre\bin\server\jvm.dll
0x000007fef91c0000 - 0x000007fef91c9000 	C:\Windows\system32\WSOCK32.dll
0x000007feff430000 - 0x000007feff47d000 	C:\Windows\system32\WS2_32.dll
0x000007fefd9e0000 - 0x000007fefd9e8000 	C:\Windows\system32\NSI.dll
0x000007fef8be0000 - 0x000007fef8c1b000 	C:\Windows\system32\WINMM.dll
0x0000000077890000 - 0x0000000077897000 	C:\Windows\system32\PSAPI.DLL
0x000007fefbfa0000 - 0x000007fefbfaf000 	C:\android\jre\jre\bin\verify.dll
0x000007fef7670000 - 0x000007fef7699000 	C:\android\jre\jre\bin\java.dll
0x000007fef7650000 - 0x000007fef7666000 	C:\android\jre\jre\bin\zip.dll
0x000007fefe4f0000 - 0x000007feff27b000 	C:\Windows\system32\SHELL32.dll
0x000007fefdea0000 - 0x000007fefe0a3000 	C:\Windows\system32\ole32.dll
0x000007fefd610000 - 0x000007fefd61f000 	C:\Windows\system32\profapi.dll

VM Arguments:
jvm_args: -Djava.awt.headless=true -Xmx1024M -Dfile.encoding=UTF-8 -Duser.country=CN -Duser.language=zh -Duser.variant 
java_command: com.android.dx.command.Main --dex --force-jumbo --num-threads=4 --multi-dex --output C:\Users\song\Desktop\jinmuyan\app\build\intermediates\transforms\dex\debug\folders\1000\5\slice_7 C:\Users\song\Desktop\jinmuyan\app\build\intermediates\transforms\instantRunSlicer\debug\folders\1\5\slice_7
java_class_path (initial): C:\Users\song\AppData\Local\Android\Sdk\build-tools\25.0.0\lib\dx.jar
Launcher Type: SUN_STANDARD

Environment Variables:
JAVA_HOME=C:\Program Files\Java\jdk1.8.0_111
JRE_HOME=C:\Program Files\Java\jdk1.8.0_111\jre
CLASSPATH=C:\Program Files\Java\jdk1.8.0_111\bin
PATH=C:\Program Files (x86)\NVIDIA Corporation\PhysX\Common;C:\ProgramData\Oracle\Java\javapath;C:\Windows\system32;C:\Windows;C:\Windows\System32\Wbem;C:\Windows\System32\WindowsPowerShell\v1.0\;C:\and_sdk\platform-tools;C:\and_sdk;C:\Program Files\TortoiseSVN\bin;C:\Program Files\Java\jdk1.8.0_111\bin;C:\Git\cmd;C:\Users\song\AppData\Local\Android\Sdk\ndk-bundle;C:\Users\song\AppData\Local\Programs\Fiddler
USERNAME=song
OS=Windows_NT
PROCESSOR_IDENTIFIER=Intel64 Family 6 Model 37 Stepping 5, GenuineIntel



---------------  S Y S T E M  ---------------

OS: Windows 7 , 64 bit Build 7601 (6.1.7601.23807)

CPU:total 4 (2 cores per cpu, 2 threads per core) family 6 model 37 stepping 5, cmov, cx8, fxsr, mmx, sse, sse2, sse3, ssse3, sse4.1, sse4.2, popcnt, ht, tsc, tscinvbit

Memory: 4k page, physical 3985880k(436576k free), swap 8178324k(5216k free)

vm_info: OpenJDK 64-Bit Server VM (25.112-b06) for windows-amd64 JRE (1.8.0_112-release-b06), built on Dec  8 2016 00:54:26 by "builder" with MS VC++ 10.0 (VS2010)

time: Sun Sep 17 17:53:37 2017
elapsed time: 3 seconds (0d 0h 0m 3s)

