#
# There is insufficient memory for the Java Runtime Environment to continue.
# Native memory allocation (malloc) failed to allocate 679056 bytes for Chunk::new
# Possible reasons:
#   The system is out of physical RAM or swap space
#   In 32 bit mode, the process size limit was hit
# Possible solutions:
#   Reduce memory load on the system
#   Increase physical memory or swap space
#   Check if swap backing store is full
#   Use 64 bit Java on a 64 bit OS
#   Decrease Java heap size (-Xmx/-Xms)
#   Decrease number of Java threads
#   Decrease Java thread stack sizes (-Xss)
#   Set larger code cache with -XX:ReservedCodeCacheSize=
# This output file may be truncated or incomplete.
#
#  Out of Memory Error (allocation.cpp:390), pid=38744, tid=0x0000000000009064
#
# JRE version: OpenJDK Runtime Environment (8.0_112-b06) (build 1.8.0_112-release-b06)
# Java VM: OpenJDK 64-Bit Server VM (25.112-b06 mixed mode windows-amd64 compressed oops)
# Failed to write core dump. Minidumps are not enabled by default on client versions of Windows
#

---------------  T H R E A D  ---------------

Current thread (0x00000000161a2800):  JavaThread "C2 CompilerThread1" daemon [_thread_in_native, id=36964, stack(0x0000000016c70000,0x0000000016d70000)]

Stack: [0x0000000016c70000,0x0000000016d70000]
[error occurred during error reporting (printing stack bounds), id 0xc0000005]

Native frames: (J=compiled Java code, j=interpreted, Vv=VM code, C=native code)


Current CompileTask:
C2:   7409 1500       4       com.android.dx.ssa.LocalVariableExtractor::processBlock (383 bytes)


---------------  P R O C E S S  ---------------

Java Threads: ( => current thread )
  0x00000000163ff800 JavaThread "pool-2-thread-4" [_thread_blocked, id=38960, stack(0x0000000018100000,0x0000000018200000)]
  0x00000000163fe800 JavaThread "pool-2-thread-3" [_thread_blocked, id=38956, stack(0x0000000017fc0000,0x00000000180c0000)]
  0x00000000163b5800 JavaThread "pool-2-thread-2" [_thread_blocked, id=38948, stack(0x0000000017e60000,0x0000000017f60000)]
  0x0000000016317000 JavaThread "pool-3-thread-1" [_thread_blocked, id=38936, stack(0x0000000017d20000,0x0000000017e20000)]
  0x00000000163f1000 JavaThread "pool-2-thread-1" [_thread_blocked, id=38928, stack(0x0000000017b60000,0x0000000017c60000)]
  0x00000000161d7800 JavaThread "Service Thread" daemon [_thread_blocked, id=38764, stack(0x0000000016ff0000,0x00000000170f0000)]
  0x00000000161b4800 JavaThread "C1 CompilerThread2" daemon [_thread_blocked, id=37176, stack(0x0000000016e20000,0x0000000016f20000)]
=>0x00000000161a2800 JavaThread "C2 CompilerThread1" daemon [_thread_in_native, id=36964, stack(0x0000000016c70000,0x0000000016d70000)]
  0x000000001615b800 JavaThread "C2 CompilerThread0" daemon [_thread_in_native, id=38360, stack(0x00000000169f0000,0x0000000016af0000)]
  0x000000001615a800 JavaThread "Attach Listener" daemon [_thread_blocked, id=38116, stack(0x00000000167d0000,0x00000000168d0000)]
  0x0000000014c5b800 JavaThread "Signal Dispatcher" daemon [_thread_blocked, id=34920, stack(0x00000000165f0000,0x00000000166f0000)]
  0x0000000014c49000 JavaThread "Finalizer" daemon [_thread_blocked, id=38536, stack(0x0000000016050000,0x0000000016150000)]
  0x0000000014c01800 JavaThread "Reference Handler" daemon [_thread_blocked, id=37988, stack(0x0000000015ec0000,0x0000000015fc0000)]
  0x0000000001dfe000 JavaThread "main" [_thread_blocked, id=37916, stack(0x0000000002560000,0x0000000002660000)]

Other Threads:
  0x0000000014bf8000 VMThread [stack: 0x0000000015d80000,0x0000000015e80000] [id=19252]
  0x00000000161d8800 WatcherThread [stack: 0x00000000171d0000,0x00000000172d0000] [id=38488]

VM state:not at safepoint (normal execution)

VM Mutex/Monitor currently owned by a thread: None

Heap:
 PSYoungGen      total 34304K, used 32486K [0x00000000eab00000, 0x00000000ecf00000, 0x0000000100000000)
  eden space 31744K, 94% used [0x00000000eab00000,0x00000000ec83b7e8,0x00000000eca00000)
  from space 2560K, 99% used [0x00000000ecc80000,0x00000000ecefe038,0x00000000ecf00000)
  to   space 2560K, 0% used [0x00000000eca00000,0x00000000eca00000,0x00000000ecc80000)
 ParOldGen       total 42496K, used 3289K [0x00000000c0000000, 0x00000000c2980000, 0x00000000eab00000)
  object space 42496K, 7% used [0x00000000c0000000,0x00000000c0336678,0x00000000c2980000)
 Metaspace       used 6002K, capacity 7024K, committed 7296K, reserved 1056768K
  class space    used 567K, capacity 616K, committed 640K, reserved 1048576K

Card table byte_map: [0x0000000011a20000,0x0000000011c30000] byte_map_base: 0x0000000011420000

Marking Bits: (ParMarkBitMap*) 0x00000000533218f0
 Begin Bits: [0x0000000012070000, 0x0000000013070000)
 End Bits:   [0x0000000013070000, 0x0000000014070000)

Polling page: 0x0000000000120000

CodeCache: size=245760Kb used=6722Kb max_used=6734Kb free=239037Kb
 bounds [0x0000000002660000, 0x0000000002d00000, 0x0000000011660000]
 total_blobs=1775 nmethods=1509 adapters=181
 compilation: enabled

Compilation events (10 events):
Event: 7.337 Thread 0x00000000161b4800 1529       3       java.lang.Integer::bitCount (49 bytes)
Event: 7.338 Thread 0x00000000161b4800 nmethod 1529 0x0000000002cf1b50 code [0x0000000002cf1ca0, 0x0000000002cf1e10]
Event: 7.344 Thread 0x00000000161b4800 1531       3       com.android.dx.ssa.back.FirstFitLocalCombiningAllocator$Multiset::getAndRemoveHighestCount (63 bytes)
Event: 7.345 Thread 0x00000000161b4800 nmethod 1531 0x0000000002cf1e90 code [0x0000000002cf2000, 0x0000000002cf22d0]
Event: 7.347 Thread 0x00000000161b4800 1532       3       com.android.dx.ssa.back.SsaToRop::moveParametersToHighRegisters (88 bytes)
Event: 7.348 Thread 0x00000000161b4800 nmethod 1532 0x0000000002cf2510 code [0x0000000002cf26e0, 0x0000000002cf2f98]
Event: 7.359 Thread 0x000000001615b800 nmethod 1502 0x0000000002cf6e90 code [0x0000000002cf7080, 0x0000000002cf7fe8]
Event: 7.359 Thread 0x000000001615b800 1512       4       com.android.dx.ssa.SCCP::simulatePhi (169 bytes)
Event: 7.363 Thread 0x00000000161b4800 1534       3       java.util.concurrent.locks.ReentrantLock$Sync::tryRelease (45 bytes)
Event: 7.364 Thread 0x00000000161b4800 nmethod 1534 0x0000000002cf6650 code [0x0000000002cf67e0, 0x0000000002cf6d68]

GC Heap History (4 events):
Event: 1.733 GC heap before
{Heap before GC invocations=1 (full 0):
 PSYoungGen      total 18432K, used 15872K [0x00000000eab00000, 0x00000000ebf80000, 0x0000000100000000)
  eden space 15872K, 100% used [0x00000000eab00000,0x00000000eba80000,0x00000000eba80000)
  from space 2560K, 0% used [0x00000000ebd00000,0x00000000ebd00000,0x00000000ebf80000)
  to   space 2560K, 0% used [0x00000000eba80000,0x00000000eba80000,0x00000000ebd00000)
 ParOldGen       total 42496K, used 0K [0x00000000c0000000, 0x00000000c2980000, 0x00000000eab00000)
  object space 42496K, 0% used [0x00000000c0000000,0x00000000c0000000,0x00000000c2980000)
 Metaspace       used 5636K, capacity 6704K, committed 6784K, reserved 1056768K
  class space    used 562K, capacity 616K, committed 640K, reserved 1048576K
Event: 1.841 GC heap after
Heap after GC invocations=1 (full 0):
 PSYoungGen      total 18432K, used 2530K [0x00000000eab00000, 0x00000000ecf00000, 0x0000000100000000)
  eden space 15872K, 0% used [0x00000000eab00000,0x00000000eab00000,0x00000000eba80000)
  from space 2560K, 98% used [0x00000000eba80000,0x00000000ebcf8ab8,0x00000000ebd00000)
  to   space 2560K, 0% used [0x00000000ecc80000,0x00000000ecc80000,0x00000000ecf00000)
 ParOldGen       total 42496K, used 1616K [0x00000000c0000000, 0x00000000c2980000, 0x00000000eab00000)
  object space 42496K, 3% used [0x00000000c0000000,0x00000000c0194010,0x00000000c2980000)
 Metaspace       used 5636K, capacity 6704K, committed 6784K, reserved 1056768K
  class space    used 562K, capacity 616K, committed 640K, reserved 1048576K
}
Event: 3.464 GC heap before
{Heap before GC invocations=2 (full 0):
 PSYoungGen      total 18432K, used 18402K [0x00000000eab00000, 0x00000000ecf00000, 0x0000000100000000)
  eden space 15872K, 100% used [0x00000000eab00000,0x00000000eba80000,0x00000000eba80000)
  from space 2560K, 98% used [0x00000000eba80000,0x00000000ebcf8ab8,0x00000000ebd00000)
  to   space 2560K, 0% used [0x00000000ecc80000,0x00000000ecc80000,0x00000000ecf00000)
 ParOldGen       total 42496K, used 1616K [0x00000000c0000000, 0x00000000c2980000, 0x00000000eab00000)
  object space 42496K, 3% used [0x00000000c0000000,0x00000000c0194010,0x00000000c2980000)
 Metaspace       used 5854K, capacity 6896K, committed 7040K, reserved 1056768K
  class space    used 564K, capacity 616K, committed 640K, reserved 1048576K
Event: 3.956 GC heap after
Heap after GC invocations=2 (full 0):
 PSYoungGen      total 34304K, used 2552K [0x00000000eab00000, 0x00000000ecf00000, 0x0000000100000000)
  eden space 31744K, 0% used [0x00000000eab00000,0x00000000eab00000,0x00000000eca00000)
  from space 2560K, 99% used [0x00000000ecc80000,0x00000000ecefe038,0x00000000ecf00000)
  to   space 2560K, 0% used [0x00000000eca00000,0x00000000eca00000,0x00000000ecc80000)
 ParOldGen       total 42496K, used 3289K [0x00000000c0000000, 0x00000000c2980000, 0x00000000eab00000)
  object space 42496K, 7% used [0x00000000c0000000,0x00000000c0336678,0x00000000c2980000)
 Metaspace       used 5854K, capacity 6896K, committed 7040K, reserved 1056768K
  class space    used 564K, capacity 616K, committed 640K, reserved 1048576K
}

Deoptimization events (10 events):
Event: 5.693 Thread 0x00000000163f1000 Uncommon trap: reason=bimorphic action=maybe_recompile pc=0x0000000002bf29f0 method=com.android.dx.ssa.SCCP.simulatePhi(Lcom/android/dx/ssa/PhiInsn;)V @ 124
Event: 5.693 Thread 0x00000000163f1000 Uncommon trap: reason=bimorphic action=maybe_recompile pc=0x0000000002bf29f0 method=com.android.dx.ssa.SCCP.simulatePhi(Lcom/android/dx/ssa/PhiInsn;)V @ 124
Event: 5.693 Thread 0x00000000163f1000 Uncommon trap: reason=bimorphic action=maybe_recompile pc=0x0000000002bf29f0 method=com.android.dx.ssa.SCCP.simulatePhi(Lcom/android/dx/ssa/PhiInsn;)V @ 124
Event: 5.693 Thread 0x00000000163f1000 Uncommon trap: reason=bimorphic action=maybe_recompile pc=0x0000000002a62bfc method=java.util.HashMap.getNode(ILjava/lang/Object;)Ljava/util/HashMap$Node; @ 126
Event: 5.693 Thread 0x00000000163f1000 Uncommon trap: reason=class_check action=maybe_recompile pc=0x0000000002ad0e80 method=java.util.HashMap.putVal(ILjava/lang/Object;Ljava/lang/Object;ZZ)Ljava/lang/Object; @ 203
Event: 5.693 Thread 0x00000000163f1000 Uncommon trap: reason=bimorphic action=maybe_recompile pc=0x0000000002a62bfc method=java.util.HashMap.getNode(ILjava/lang/Object;)Ljava/util/HashMap$Node; @ 126
Event: 5.693 Thread 0x00000000163f1000 Uncommon trap: reason=class_check action=maybe_recompile pc=0x0000000002ad0e80 method=java.util.HashMap.putVal(ILjava/lang/Object;Ljava/lang/Object;ZZ)Ljava/lang/Object; @ 203
Event: 5.694 Thread 0x00000000163f1000 Uncommon trap: reason=bimorphic action=maybe_recompile pc=0x0000000002a62bfc method=java.util.HashMap.getNode(ILjava/lang/Object;)Ljava/util/HashMap$Node; @ 126
Event: 5.694 Thread 0x00000000163f1000 Uncommon trap: reason=class_check action=maybe_recompile pc=0x0000000002ad0e80 method=java.util.HashMap.putVal(ILjava/lang/Object;Ljava/lang/Object;ZZ)Ljava/lang/Object; @ 203
Event: 5.694 Thread 0x00000000163f1000 Uncommon trap: reason=unstable_if action=reinterpret pc=0x0000000002bc8df0 method=com.android.dx.util.BitIntSet.has(I)Z @ 8

Internal exceptions (4 events):
Event: 0.060 Thread 0x0000000001dfe000 Exception <a 'java/lang/NoSuchMethodError': Method sun.misc.Unsafe.defineClass(Ljava/lang/String;[BII)Ljava/lang/Class; name or signature does not match> (0x00000000eab07c78) thrown at [C:\src\android\AOSP-openjdk\external\jetbrains\jdk\hotspot\src\share\v‰Å“ÈØ?
Event: 0.061 Thread 0x0000000001dfe000 Exception <a 'java/lang/NoSuchMethodError': Method sun.misc.Unsafe.prefetchRead(Ljava/lang/Object;J)V name or signature does not match> (0x00000000eab07f60) thrown at [C:\src\android\AOSP-openjdk\external\jetbrains\jdk\hotspot\src\share\vm\prims\jni.cpp, lÿ€å…_@
Event: 2.126 Thread 0x0000000001dfe000 Implicit null exception at 0x000000000299bbfb to 0x000000000299df01
Event: 2.166 Thread 0x0000000001dfe000 Implicit null exception at 0x000000000295f6fd to 0x000000000296173d

Events (10 events):
Event: 6.040 Thread 0x00000000163f1000 DEOPT PACKING pc=0x0000000002a456ec sp=0x0000000017c5e6d0
Event: 6.040 Thread 0x00000000163f1000 DEOPT UNPACKING pc=0x00000000026a71bf sp=0x0000000017c5e498 mode 0
Event: 6.046 loading class com/android/dx/dex/file/ParameterAnnotationStruct
Event: 6.046 loading class com/android/dx/dex/file/ParameterAnnotationStruct done
Event: 6.047 loading class com/android/dx/dex/file/UniformListItem
Event: 6.047 loading class com/android/dx/dex/file/UniformListItem done
Event: 6.048 loading class com/android/dx/dex/file/AnnotationSetRefItem
Event: 6.048 loading class com/android/dx/dex/file/AnnotationSetRefItem done
Event: 7.249 Thread 0x00000000163b5800 DEOPT PACKING pc=0x0000000002a307b3 sp=0x0000000017f5e940
Event: 7.249 Thread 0x00000000163b5800 DEOPT UNPACKING pc=0x00000000026a71bf sp=0x0000000017f5e678 mode 0


Dynamic libraries:
0x000000013f1c0000 - 0x000000013f1f1000 	C:\android\jre\bin\java.exe
0x0000000076cf0000 - 0x0000000076e9a000 	C:\Windows\SYSTEM32\ntdll.dll
0x0000000076ad0000 - 0x0000000076bef000 	C:\Windows\system32\kernel32.dll
0x000007fefce30000 - 0x000007fefce9a000 	C:\Windows\system32\KERNELBASE.dll
0x000007fefe000000 - 0x000007fefe0db000 	C:\Windows\system32\ADVAPI32.dll
0x000007fefe0e0000 - 0x000007fefe17f000 	C:\Windows\system32\msvcrt.dll
0x000007fefea30000 - 0x000007fefea4f000 	C:\Windows\SYSTEM32\sechost.dll
0x000007fefe570000 - 0x000007fefe69d000 	C:\Windows\system32\RPCRT4.dll
0x0000000076bf0000 - 0x0000000076cea000 	C:\Windows\system32\USER32.dll
0x000007fefecb0000 - 0x000007fefed17000 	C:\Windows\system32\GDI32.dll
0x000007fefebd0000 - 0x000007fefebde000 	C:\Windows\system32\LPK.dll
0x000007fefef30000 - 0x000007fefeffb000 	C:\Windows\system32\USP10.dll
0x000007fefb6e0000 - 0x000007fefb8d4000 	C:\Windows\WinSxS\amd64_microsoft.windows.common-controls_6595b64144ccf1df_6.0.7601.17514_none_fa396087175ac9ac\COMCTL32.dll
0x000007fefd1f0000 - 0x000007fefd261000 	C:\Windows\system32\SHLWAPI.dll
0x000007fefe700000 - 0x000007fefe72e000 	C:\Windows\system32\IMM32.DLL
0x000007fefe180000 - 0x000007fefe289000 	C:\Windows\system32\MSCTF.dll
0x000007fefcc10000 - 0x000007fefcc40000 	C:\Windows\system32\nvinitx.dll
0x000007fefcc00000 - 0x000007fefcc0c000 	C:\Windows\system32\VERSION.dll
0x00000000721c0000 - 0x00000000721c6000 	C:\Program Files\NVIDIA Corporation\CoProcManager\detoured.dll
0x000007fef96f0000 - 0x000007fef9728000 	C:\Program Files\NVIDIA Corporation\CoProcManager\nvd3d9wrapx.dll
0x000007fefd010000 - 0x000007fefd1e7000 	C:\Windows\system32\SETUPAPI.dll
0x000007fefcd10000 - 0x000007fefcd46000 	C:\Windows\system32\CFGMGR32.dll
0x000007fefee50000 - 0x000007fefef27000 	C:\Windows\system32\OLEAUT32.dll
0x000007fefe360000 - 0x000007fefe563000 	C:\Windows\system32\ole32.dll
0x000007fefccf0000 - 0x000007fefcd0a000 	C:\Windows\system32\DEVOBJ.dll
0x000007fef96c0000 - 0x000007fef96e4000 	C:\Program Files\NVIDIA Corporation\CoProcManager\nvdxgiwrapx.dll
0x000000006bf50000 - 0x000000006c022000 	C:\android\jre\jre\bin\msvcr100.dll
0x0000000052b60000 - 0x000000005339c000 	C:\android\jre\jre\bin\server\jvm.dll
0x000007fef7d90000 - 0x000007fef7d99000 	C:\Windows\system32\WSOCK32.dll
0x000007fefec60000 - 0x000007fefecad000 	C:\Windows\system32\WS2_32.dll
0x000007fefe290000 - 0x000007fefe298000 	C:\Windows\system32\NSI.dll
0x000007fef8230000 - 0x000007fef826b000 	C:\Windows\system32\WINMM.dll
0x0000000076ec0000 - 0x0000000076ec7000 	C:\Windows\system32\PSAPI.DLL
0x000007fef3250000 - 0x000007fef325f000 	C:\android\jre\jre\bin\verify.dll
0x000007fef1d20000 - 0x000007fef1d49000 	C:\android\jre\jre\bin\java.dll
0x000007fef1d00000 - 0x000007fef1d16000 	C:\android\jre\jre\bin\zip.dll
0x000007fefd270000 - 0x000007fefdffb000 	C:\Windows\system32\SHELL32.dll
0x000007fefcc40000 - 0x000007fefcc4f000 	C:\Windows\system32\profapi.dll

VM Arguments:
jvm_args: -Djava.awt.headless=true -Xmx1024M -Dfile.encoding=UTF-8 -Duser.country=CN -Duser.language=zh -Duser.variant 
java_command: com.android.dx.command.Main --dex --force-jumbo --num-threads=4 --multi-dex --output C:\Users\song\Desktop\jinmuyan\app\build\intermediates\transforms\dex\debug\folders\1000\10\classes_06db9c1f628775afb1efddd6c339a71301e185a2 C:\Users\song\.android\build-cache\6a946fca03f336330c8d4aafd876a231cf1a26bb\output\jars\classes.jar
java_class_path (initial): C:\Users\song\AppData\Local\Android\Sdk\build-tools\25.0.0\lib\dx.jar
Launcher Type: SUN_STANDARD

Environment Variables:
JAVA_HOME=C:\Program Files\Java\jdk1.8.0_111
JRE_HOME=C:\Program Files\Java\jdk1.8.0_111\jre
CLASSPATH=C:\Program Files\Java\jdk1.8.0_111\bin
PATH=C:\Program Files (x86)\NVIDIA Corporation\PhysX\Common;C:\ProgramData\Oracle\Java\javapath;C:\Windows\system32;C:\Windows;C:\Windows\System32\Wbem;C:\Windows\System32\WindowsPowerShell\v1.0\;C:\and_sdk\platform-tools;C:\and_sdk;C:\Program Files\TortoiseSVN\bin;C:\Program Files\Java\jdk1.8.0_111\bin;C:\Git\cmd;C:\Users\song\AppData\Local\Android\Sdk\ndk-bundle;C:\Users\song\AppData\Local\Programs\Fiddler
USERNAME=song
OS=Windows_NT
PROCESSOR_IDENTIFIER=Intel64 Family 6 Model 37 Stepping 5, GenuineIntel



---------------  S Y S T E M  ---------------

OS: Windows 7 , 64 bit Build 7601 (6.1.7601.23807)

CPU:total 4 (2 cores per cpu, 2 threads per core) family 6 model 37 stepping 5, cmov, cx8, fxsr, mmx, sse, sse2, sse3, ssse3, sse4.1, sse4.2, popcnt, ht, tsc, tscinvbit

Memory: 4k page, physical 3985880k(60744k free), swap 8178324k(3376k free)

vm_info: OpenJDK 64-Bit Server VM (25.112-b06) for windows-amd64 JRE (1.8.0_112-release-b06), built on Dec  8 2016 00:54:26 by "builder" with MS VC++ 10.0 (VS2010)

time: Thu Sep 07 20:25:54 2017
elapsed time: 7 seconds (0d 0h 0m 7s)

