#
# There is insufficient memory for the Java Runtime Environment to continue.
# Native memory allocation (malloc) failed to allocate 713136 bytes for Chunk::new
# Possible reasons:
#   The system is out of physical RAM or swap space
#   In 32 bit mode, the process size limit was hit
# Possible solutions:
#   Reduce memory load on the system
#   Increase physical memory or swap space
#   Check if swap backing store is full
#   Use 64 bit Java on a 64 bit OS
#   Decrease Java heap size (-Xmx/-Xms)
#   Decrease number of Java threads
#   Decrease Java thread stack sizes (-Xss)
#   Set larger code cache with -XX:ReservedCodeCacheSize=
# This output file may be truncated or incomplete.
#
#  Out of Memory Error (allocation.cpp:390), pid=39660, tid=0x0000000000009b74
#
# JRE version: OpenJDK Runtime Environment (8.0_112-b06) (build 1.8.0_112-release-b06)
# Java VM: OpenJDK 64-Bit Server VM (25.112-b06 mixed mode windows-amd64 compressed oops)
# Failed to write core dump. Minidumps are not enabled by default on client versions of Windows
#

---------------  T H R E A D  ---------------

Current thread (0x0000000014d7f800):  JavaThread "C2 CompilerThread0" daemon [_thread_in_native, id=39796, stack(0x0000000016940000,0x0000000016a40000)]

Stack: [0x0000000016940000,0x0000000016a40000]
[error occurred during error reporting (printing stack bounds), id 0xc0000005]

Native frames: (J=compiled Java code, j=interpreted, Vv=VM code, C=native code)


Current CompileTask:
C2:   3315  657       4       com.android.dx.ssa.SsaBasicBlock::forEachInsn (37 bytes)


---------------  P R O C E S S  ---------------

Java Threads: ( => current thread )
  0x00000000163c8000 JavaThread "pool-2-thread-4" [_thread_blocked, id=38696, stack(0x00000000175e0000,0x00000000176e0000)]
  0x00000000163c2000 JavaThread "pool-2-thread-3" [_thread_blocked, id=37988, stack(0x0000000017450000,0x0000000017550000)]
  0x00000000163cb000 JavaThread "pool-2-thread-2" [_thread_blocked, id=37176, stack(0x0000000016f90000,0x0000000017090000)]
  0x00000000163ad000 JavaThread "pool-3-thread-1" [_thread_blocked, id=38352, stack(0x00000000172a0000,0x00000000173a0000)]
  0x000000001640d800 JavaThread "pool-2-thread-1" [_thread_in_Java, id=33396, stack(0x0000000017090000,0x0000000017190000)]
  0x0000000016164800 JavaThread "Service Thread" daemon [_thread_blocked, id=39816, stack(0x0000000016d40000,0x0000000016e40000)]
  0x0000000016160000 JavaThread "C1 CompilerThread2" daemon [_thread_in_native, id=39804, stack(0x0000000016800000,0x0000000016900000)]
  0x000000001615e000 JavaThread "C2 CompilerThread1" daemon [_thread_in_native, id=39800, stack(0x0000000016b70000,0x0000000016c70000)]
=>0x0000000014d7f800 JavaThread "C2 CompilerThread0" daemon [_thread_in_native, id=39796, stack(0x0000000016940000,0x0000000016a40000)]
  0x0000000014d7e000 JavaThread "Attach Listener" daemon [_thread_blocked, id=39732, stack(0x00000000165a0000,0x00000000166a0000)]
  0x0000000014d79800 JavaThread "Signal Dispatcher" daemon [_thread_blocked, id=39712, stack(0x00000000166e0000,0x00000000167e0000)]
  0x0000000014d59000 JavaThread "Finalizer" daemon [_thread_blocked, id=39644, stack(0x0000000016040000,0x0000000016140000)]
  0x0000000014d11800 JavaThread "Reference Handler" daemon [_thread_blocked, id=39592, stack(0x0000000015cb0000,0x0000000015db0000)]
  0x000000000220e000 JavaThread "main" [_thread_in_vm, id=39928, stack(0x0000000002360000,0x0000000002460000)]

Other Threads:
  0x0000000014d08000 VMThread [stack: 0x0000000015e10000,0x0000000015f10000] [id=38736]
  0x0000000016166800 WatcherThread [stack: 0x0000000016e90000,0x0000000016f90000] [id=39504]

VM state:not at safepoint (normal execution)

VM Mutex/Monitor currently owned by a thread: None

Heap:
 PSYoungGen      total 18432K, used 8751K [0x00000000eab00000, 0x00000000ebf80000, 0x0000000100000000)
  eden space 15872K, 39% used [0x00000000eab00000,0x00000000eb1132c8,0x00000000eba80000)
  from space 2560K, 98% used [0x00000000eba80000,0x00000000ebcf8ab8,0x00000000ebd00000)
  to   space 2560K, 0% used [0x00000000ebd00000,0x00000000ebd00000,0x00000000ebf80000)
 ParOldGen       total 42496K, used 1664K [0x00000000c0000000, 0x00000000c2980000, 0x00000000eab00000)
  object space 42496K, 3% used [0x00000000c0000000,0x00000000c01a0148,0x00000000c2980000)
 Metaspace       used 5611K, capacity 6704K, committed 6784K, reserved 1056768K
  class space    used 559K, capacity 616K, committed 640K, reserved 1048576K

Card table byte_map: [0x0000000011820000,0x0000000011a30000] byte_map_base: 0x0000000011220000

Marking Bits: (ParMarkBitMap*) 0x00000000533218f0
 Begin Bits: [0x0000000012180000, 0x0000000013180000)
 End Bits:   [0x0000000013180000, 0x0000000014180000)

Polling page: 0x0000000000230000

CodeCache: size=245760Kb used=2985Kb max_used=2985Kb free=242774Kb
 bounds [0x0000000002460000, 0x0000000002750000, 0x0000000011460000]
 total_blobs=1001 nmethods=738 adapters=178
 compilation: enabled

Compilation events (10 events):
Event: 3.305 Thread 0x0000000016160000 nmethod 804 0x0000000002745590 code [0x00000000027457c0, 0x00000000027464c8]
Event: 3.305 Thread 0x0000000016160000  805       3       com.android.dx.rop.cst.CstFieldRef::compareTo0 (43 bytes)
Event: 3.306 Thread 0x0000000016160000 nmethod 805 0x0000000002746bd0 code [0x0000000002746dc0, 0x0000000002747a08]
Event: 3.307 Thread 0x0000000016160000  806       3       com.android.dx.cf.code.LineNumberList::set (15 bytes)
Event: 3.308 Thread 0x0000000016160000 nmethod 806 0x0000000002747ed0 code [0x00000000027480c0, 0x0000000002748958]
Event: 3.308 Thread 0x0000000016160000  807       3       com.android.dx.cf.code.LineNumberList$Item::<init> (43 bytes)
Event: 3.309 Thread 0x0000000016160000 nmethod 807 0x0000000002748f90 code [0x0000000002749120, 0x00000000027494b8]
Event: 3.309 Thread 0x0000000016160000  808       3       com.android.dx.cf.direct.AttributeListParser::parseIfNecessary (12 bytes)
Event: 3.309 Thread 0x0000000016160000 nmethod 808 0x0000000002749610 code [0x0000000002749780, 0x0000000002749948]
Event: 3.310 Thread 0x0000000016160000  809       3       com.android.dx.rop.type.Type::internClassName (56 bytes)

GC Heap History (2 events):
Event: 2.320 GC heap before
{Heap before GC invocations=1 (full 0):
 PSYoungGen      total 18432K, used 15872K [0x00000000eab00000, 0x00000000ebf80000, 0x0000000100000000)
  eden space 15872K, 100% used [0x00000000eab00000,0x00000000eba80000,0x00000000eba80000)
  from space 2560K, 0% used [0x00000000ebd00000,0x00000000ebd00000,0x00000000ebf80000)
  to   space 2560K, 0% used [0x00000000eba80000,0x00000000eba80000,0x00000000ebd00000)
 ParOldGen       total 42496K, used 0K [0x00000000c0000000, 0x00000000c2980000, 0x00000000eab00000)
  object space 42496K, 0% used [0x00000000c0000000,0x00000000c0000000,0x00000000c2980000)
 Metaspace       used 5508K, capacity 6640K, committed 6784K, reserved 1056768K
  class space    used 559K, capacity 616K, committed 640K, reserved 1048576K
Event: 2.529 GC heap after
Heap after GC invocations=1 (full 0):
 PSYoungGen      total 18432K, used 2530K [0x00000000eab00000, 0x00000000ebf80000, 0x0000000100000000)
  eden space 15872K, 0% used [0x00000000eab00000,0x00000000eab00000,0x00000000eba80000)
  from space 2560K, 98% used [0x00000000eba80000,0x00000000ebcf8ab8,0x00000000ebd00000)
  to   space 2560K, 0% used [0x00000000ebd00000,0x00000000ebd00000,0x00000000ebf80000)
 ParOldGen       total 42496K, used 1664K [0x00000000c0000000, 0x00000000c2980000, 0x00000000eab00000)
  object space 42496K, 3% used [0x00000000c0000000,0x00000000c01a0148,0x00000000c2980000)
 Metaspace       used 5508K, capacity 6640K, committed 6784K, reserved 1056768K
  class space    used 559K, capacity 616K, committed 640K, reserved 1048576K
}

Deoptimization events (8 events):
Event: 0.642 Thread 0x000000000220e000 Uncommon trap: reason=unstable_if action=reinterpret pc=0x00000000025b2b4c method=java.lang.String.indexOf(II)I @ 49
Event: 0.966 Thread 0x000000001640d800 Uncommon trap: reason=unstable_if action=reinterpret pc=0x000000000265282c method=java.util.HashMap.getNode(ILjava/lang/Object;)Ljava/util/HashMap$Node; @ 62
Event: 1.063 Thread 0x00000000163c8000 Uncommon trap: reason=class_check action=maybe_recompile pc=0x00000000026876e0 method=com.android.dx.ssa.NormalSsaInsn.accept(Lcom/android/dx/ssa/SsaInsn$Visitor;)V @ 9
Event: 1.064 Thread 0x00000000163c8000 Uncommon trap: reason=class_check action=maybe_recompile pc=0x00000000026876e0 method=com.android.dx.ssa.NormalSsaInsn.accept(Lcom/android/dx/ssa/SsaInsn$Visitor;)V @ 9
Event: 1.064 Thread 0x00000000163c8000 Uncommon trap: reason=class_check action=maybe_recompile pc=0x00000000026876e0 method=com.android.dx.ssa.NormalSsaInsn.accept(Lcom/android/dx/ssa/SsaInsn$Visitor;)V @ 9
Event: 1.064 Thread 0x00000000163c8000 Uncommon trap: reason=class_check action=maybe_recompile pc=0x00000000026876e0 method=com.android.dx.ssa.NormalSsaInsn.accept(Lcom/android/dx/ssa/SsaInsn$Visitor;)V @ 9
Event: 2.620 Thread 0x00000000163c8000 Uncommon trap: reason=unstable_if action=reinterpret pc=0x00000000026920b4 method=java.util.HashMap.getNode(ILjava/lang/Object;)Ljava/util/HashMap$Node; @ 129
Event: 2.735 Thread 0x00000000163c8000 Uncommon trap: reason=unstable_if action=reinterpret pc=0x0000000002682024 method=java.util.BitSet.ensureCapacity(I)V @ 6

Internal exceptions (2 events):
Event: 0.070 Thread 0x000000000220e000 Exception <a 'java/lang/NoSuchMethodError': Method sun.misc.Unsafe.defineClass(Ljava/lang/String;[BII)Ljava/lang/Class; name or signature does not match> (0x00000000eab07c78) thrown at [C:\src\android\AOSP-openjdk\external\jetbrains\jdk\hotspot\src\share\và³’º[Ö±?
Event: 0.070 Thread 0x000000000220e000 Exception <a 'java/lang/NoSuchMethodError': Method sun.misc.Unsafe.prefetchRead(Ljava/lang/Object;J)V name or signature does not match> (0x00000000eab07f60) thrown at [C:\src\android\AOSP-openjdk\external\jetbrains\jdk\hotspot\src\share\vm\prims\jni.cpp, l

Events (10 events):
Event: 1.203 loading class java/util/DualPivotQuicksort
Event: 1.203 loading class java/util/DualPivotQuicksort done
Event: 1.241 Executing VM operation: ParallelGCFailedAllocation
Event: 2.529 Executing VM operation: ParallelGCFailedAllocation done
Event: 2.620 Thread 0x00000000163c8000 Uncommon trap: trap_request=0xffffff65 fr.pc=0x00000000026920b4
Event: 2.620 Thread 0x00000000163c8000 DEOPT PACKING pc=0x00000000026920b4 sp=0x00000000176de860
Event: 2.620 Thread 0x00000000163c8000 DEOPT UNPACKING pc=0x00000000024a556a sp=0x00000000176de7e8 mode 2
Event: 2.735 Thread 0x00000000163c8000 Uncommon trap: trap_request=0xffffff65 fr.pc=0x0000000002682024
Event: 2.735 Thread 0x00000000163c8000 DEOPT PACKING pc=0x0000000002682024 sp=0x00000000176dea00
Event: 2.735 Thread 0x00000000163c8000 DEOPT UNPACKING pc=0x00000000024a556a sp=0x00000000176de8e8 mode 2


Dynamic libraries:
0x000000013f1c0000 - 0x000000013f1f1000 	C:\android\jre\bin\java.exe
0x0000000076cf0000 - 0x0000000076e9a000 	C:\Windows\SYSTEM32\ntdll.dll
0x0000000076ad0000 - 0x0000000076bef000 	C:\Windows\system32\kernel32.dll
0x000007fefce30000 - 0x000007fefce9a000 	C:\Windows\system32\KERNELBASE.dll
0x000007fefe000000 - 0x000007fefe0db000 	C:\Windows\system32\ADVAPI32.dll
0x000007fefe0e0000 - 0x000007fefe17f000 	C:\Windows\system32\msvcrt.dll
0x000007fefea30000 - 0x000007fefea4f000 	C:\Windows\SYSTEM32\sechost.dll
0x000007fefe570000 - 0x000007fefe69d000 	C:\Windows\system32\RPCRT4.dll
0x0000000076bf0000 - 0x0000000076cea000 	C:\Windows\system32\USER32.dll
0x000007fefecb0000 - 0x000007fefed17000 	C:\Windows\system32\GDI32.dll
0x000007fefebd0000 - 0x000007fefebde000 	C:\Windows\system32\LPK.dll
0x000007fefef30000 - 0x000007fefeffb000 	C:\Windows\system32\USP10.dll
0x000007fefb6e0000 - 0x000007fefb8d4000 	C:\Windows\WinSxS\amd64_microsoft.windows.common-controls_6595b64144ccf1df_6.0.7601.17514_none_fa396087175ac9ac\COMCTL32.dll
0x000007fefd1f0000 - 0x000007fefd261000 	C:\Windows\system32\SHLWAPI.dll
0x000007fefe700000 - 0x000007fefe72e000 	C:\Windows\system32\IMM32.DLL
0x000007fefe180000 - 0x000007fefe289000 	C:\Windows\system32\MSCTF.dll
0x000007fefcc10000 - 0x000007fefcc40000 	C:\Windows\system32\nvinitx.dll
0x000007fefcc00000 - 0x000007fefcc0c000 	C:\Windows\system32\VERSION.dll
0x00000000721c0000 - 0x00000000721c6000 	C:\Program Files\NVIDIA Corporation\CoProcManager\detoured.dll
0x000007fef96f0000 - 0x000007fef9728000 	C:\Program Files\NVIDIA Corporation\CoProcManager\nvd3d9wrapx.dll
0x000007fefd010000 - 0x000007fefd1e7000 	C:\Windows\system32\SETUPAPI.dll
0x000007fefcd10000 - 0x000007fefcd46000 	C:\Windows\system32\CFGMGR32.dll
0x000007fefee50000 - 0x000007fefef27000 	C:\Windows\system32\OLEAUT32.dll
0x000007fefe360000 - 0x000007fefe563000 	C:\Windows\system32\ole32.dll
0x000007fefccf0000 - 0x000007fefcd0a000 	C:\Windows\system32\DEVOBJ.dll
0x000007fef96c0000 - 0x000007fef96e4000 	C:\Program Files\NVIDIA Corporation\CoProcManager\nvdxgiwrapx.dll
0x000000006bf50000 - 0x000000006c022000 	C:\android\jre\jre\bin\msvcr100.dll
0x0000000052b60000 - 0x000000005339c000 	C:\android\jre\jre\bin\server\jvm.dll
0x000007fef7d90000 - 0x000007fef7d99000 	C:\Windows\system32\WSOCK32.dll
0x000007fefec60000 - 0x000007fefecad000 	C:\Windows\system32\WS2_32.dll
0x000007fefe290000 - 0x000007fefe298000 	C:\Windows\system32\NSI.dll
0x000007fef8230000 - 0x000007fef826b000 	C:\Windows\system32\WINMM.dll
0x0000000076ec0000 - 0x0000000076ec7000 	C:\Windows\system32\PSAPI.DLL
0x000007fef3250000 - 0x000007fef325f000 	C:\android\jre\jre\bin\verify.dll
0x000007fef1d20000 - 0x000007fef1d49000 	C:\android\jre\jre\bin\java.dll
0x000007fef1d00000 - 0x000007fef1d16000 	C:\android\jre\jre\bin\zip.dll
0x000007fefd270000 - 0x000007fefdffb000 	C:\Windows\system32\SHELL32.dll
0x000007fefcc40000 - 0x000007fefcc4f000 	C:\Windows\system32\profapi.dll

VM Arguments:
jvm_args: -Djava.awt.headless=true -Xmx1024M -Dfile.encoding=UTF-8 -Duser.country=CN -Duser.language=zh -Duser.variant 
java_command: com.android.dx.command.Main --dex --force-jumbo --num-threads=4 --multi-dex --output C:\Users\song\Desktop\jinmuyan\app\build\intermediates\transforms\dex\debug\folders\1000\10\classes_06db9c1f628775afb1efddd6c339a71301e185a2 C:\Users\song\.android\build-cache\6a946fca03f336330c8d4aafd876a231cf1a26bb\output\jars\classes.jar
java_class_path (initial): C:\Users\song\AppData\Local\Android\Sdk\build-tools\25.0.0\lib\dx.jar
Launcher Type: SUN_STANDARD

Environment Variables:
JAVA_HOME=C:\Program Files\Java\jdk1.8.0_111
JRE_HOME=C:\Program Files\Java\jdk1.8.0_111\jre
CLASSPATH=C:\Program Files\Java\jdk1.8.0_111\bin
PATH=C:\Program Files (x86)\NVIDIA Corporation\PhysX\Common;C:\ProgramData\Oracle\Java\javapath;C:\Windows\system32;C:\Windows;C:\Windows\System32\Wbem;C:\Windows\System32\WindowsPowerShell\v1.0\;C:\and_sdk\platform-tools;C:\and_sdk;C:\Program Files\TortoiseSVN\bin;C:\Program Files\Java\jdk1.8.0_111\bin;C:\Git\cmd;C:\Users\song\AppData\Local\Android\Sdk\ndk-bundle;C:\Users\song\AppData\Local\Programs\Fiddler
USERNAME=song
OS=Windows_NT
PROCESSOR_IDENTIFIER=Intel64 Family 6 Model 37 Stepping 5, GenuineIntel



---------------  S Y S T E M  ---------------

OS: Windows 7 , 64 bit Build 7601 (6.1.7601.23807)

CPU:total 4 (2 cores per cpu, 2 threads per core) family 6 model 37 stepping 5, cmov, cx8, fxsr, mmx, sse, sse2, sse3, ssse3, sse4.1, sse4.2, popcnt, ht, tsc, tscinvbit

Memory: 4k page, physical 3985880k(93048k free), swap 8178324k(5388k free)

vm_info: OpenJDK 64-Bit Server VM (25.112-b06) for windows-amd64 JRE (1.8.0_112-release-b06), built on Dec  8 2016 00:54:26 by "builder" with MS VC++ 10.0 (VS2010)

time: Thu Sep 07 20:27:10 2017
elapsed time: 3 seconds (0d 0h 0m 3s)

